#1 [internal] load local bake definitions
#1 reading from stdin 2.06kB done
#1 DONE 0.0s

#2 [api internal] load build definition from Dockerfile
#2 transferring dockerfile: 645B done
#2 DONE 0.0s

#3 [fees_h10 internal] load build definition from Dockerfile
#3 transferring dockerfile: 962B done
#3 DONE 0.0s

#4 [postgres internal] load build definition from Dockerfile
#4 transferring dockerfile: 804B done
#4 WARN: LegacyKeyValueFormat: "ENV key=value" should be used instead of legacy "ENV key value" format (line 10)
#4 DONE 0.0s

#5 [webapp internal] load build definition from Dockerfile
#5 transferring dockerfile: 161B done
#5 DONE 0.0s

#6 [worker internal] load build definition from Dockerfile
#6 transferring dockerfile: 775B done
#6 DONE 0.0s

#7 [postgres internal] load metadata for docker.io/library/postgres:16
#7 DONE 0.0s

#8 [etl internal] load build definition from Dockerfile
#8 transferring dockerfile: 1.46kB done
#8 DONE 0.0s

#9 [postgres internal] load .dockerignore
#9 transferring context: 183B done
#9 DONE 0.0s

#10 [postgres 1/6] FROM docker.io/library/postgres:16
#10 DONE 0.0s

#11 [postgres internal] load build context
#11 transferring context: 204B done
#11 DONE 0.0s

#12 [auth] library/python:pull token for registry-1.docker.io
#12 DONE 0.0s

#13 [postgres 3/6] COPY infra/postgres/pg_hba.conf /etc/postgresql/pg_hba.conf
#13 CACHED

#14 [postgres 5/6] COPY infra/postgres/postgresql.conf /etc/postgresql/postgresql.conf
#14 CACHED

#15 [postgres 2/6] RUN set -eux;     if [ -f /etc/apt/sources.list ]; then         sed -i 's|http://deb.debian.org|https://deb.debian.org|g' /etc/apt/sources.list;     fi;     apt-get update;     apt-get install -y locales;     locale-gen en_US.UTF-8;     rm -rf /var/lib/apt/lists/*
#15 CACHED

#16 [postgres 4/6] COPY infra/postgres/init-pg_hba.sh /docker-entrypoint-initdb.d/10_init_pg_hba.sh
#16 CACHED

#17 [postgres 6/6] RUN chmod 0644 /etc/postgresql/pg_hba.conf &&     chmod +x /docker-entrypoint-initdb.d/10_init_pg_hba.sh
#17 CACHED

#18 [auth] docker/dockerfile:pull token for registry-1.docker.io
#18 DONE 0.0s

#19 [postgres] exporting to image
#19 exporting layers done
#19 writing image sha256:8e4177beff2d0b88bd970e17948d1ce5ebdbdb07df4d77593e100de537dde584 done
#19 naming to docker.io/library/awa-app-postgres done
#19 DONE 0.0s

#20 [auth] library/node:pull token for registry-1.docker.io
#20 DONE 0.0s

#21 [postgres] resolving provenance for metadata file
#21 DONE 0.0s

#22 [etl] resolve image config for docker-image://docker.io/docker/dockerfile:1.6
#22 ...

#23 [webapp internal] load metadata for docker.io/library/node:20-alpine
#23 DONE 0.3s

#9 [api internal] load .dockerignore
#9 CACHED

#22 [etl] resolve image config for docker-image://docker.io/docker/dockerfile:1.6
#22 DONE 0.4s

#24 [worker internal] load metadata for docker.io/library/python:3.11-slim
#24 DONE 0.4s

#25 [worker 1/9] FROM docker.io/library/python:3.11-slim@sha256:8eb5fc663972b871c528fef04be4eaa9ab8ab4539a5316c4b8c133771214a617
#25 resolve docker.io/library/python:3.11-slim@sha256:8eb5fc663972b871c528fef04be4eaa9ab8ab4539a5316c4b8c133771214a617 done
#25 ...

#26 [worker internal] load build context
#26 transferring context: 68.20kB 0.0s done
#26 DONE 0.1s

#27 [api internal] load build context
#27 transferring context: 179.36kB 0.0s done
#27 DONE 0.1s

#25 [worker 1/9] FROM docker.io/library/python:3.11-slim@sha256:8eb5fc663972b871c528fef04be4eaa9ab8ab4539a5316c4b8c133771214a617
#25 sha256:8eb5fc663972b871c528fef04be4eaa9ab8ab4539a5316c4b8c133771214a617 10.37kB / 10.37kB done
#25 sha256:a0e69305a97c7eaa814e4a983585e779106daa209ed1f3495902f2e0d938a6f1 1.75kB / 1.75kB done
#25 sha256:ff15e80be861655d8eaf4fe97b2b83d7003c34119848f2febd31bd84406c92bb 5.38kB / 5.38kB done
#25 sha256:a9ffe18d7fdb9bb2f5b878fdc08887ef2d9644c86f5d4e07cc2e80b783fbea04 0B / 1.29MB 0.3s
#25 extracting sha256:a9ffe18d7fdb9bb2f5b878fdc08887ef2d9644c86f5d4e07cc2e80b783fbea04
#25 sha256:a9ffe18d7fdb9bb2f5b878fdc08887ef2d9644c86f5d4e07cc2e80b783fbea04 1.29MB / 1.29MB 0.3s done
#25 sha256:e73850a50582f63498f7551a987cc493e848413fcae176379acff9144341f77f 0B / 14.36MB 0.4s
#25 sha256:e73850a50582f63498f7551a987cc493e848413fcae176379acff9144341f77f 2.10MB / 14.36MB 0.5s
#25 extracting sha256:a9ffe18d7fdb9bb2f5b878fdc08887ef2d9644c86f5d4e07cc2e80b783fbea04 0.3s done
#25 sha256:e73850a50582f63498f7551a987cc493e848413fcae176379acff9144341f77f 12.58MB / 14.36MB 0.7s
#25 sha256:19fb8589da0207a0e7d3baa0c1b71a67136b1ad06c4b2e65cc771664592e6d9e 249B / 249B 0.6s done
#25 sha256:e73850a50582f63498f7551a987cc493e848413fcae176379acff9144341f77f 14.36MB / 14.36MB 0.7s done
#25 sha256:19fb8589da0207a0e7d3baa0c1b71a67136b1ad06c4b2e65cc771664592e6d9e 249B / 249B 0.6s done
#25 ...

#28 [etl] docker-image://docker.io/docker/dockerfile:1.6@sha256:ac85f380a63b13dfcefa89046420e1781752bab202122f8f50032edf31be0021
#28 resolve docker.io/docker/dockerfile:1.6@sha256:ac85f380a63b13dfcefa89046420e1781752bab202122f8f50032edf31be0021 0.0s done
#28 sha256:ac85f380a63b13dfcefa89046420e1781752bab202122f8f50032edf31be0021 8.40kB / 8.40kB done
#28 sha256:657fcc512c7369f4cb3d94ea329150f8daf626bc838b1a1e81f1834c73ecc77e 482B / 482B done
#28 sha256:a17ee7fff8f5e97b974f5b48f51647d2cf28d543f2aa6c11aaa0ea431b44bb89 1.27kB / 1.27kB done
#28 sha256:9d9c93f4b00be908ab694a4df732570bced3b8a96b7515d70ff93402179ad232 11.80MB / 11.80MB 0.5s done
#28 extracting sha256:9d9c93f4b00be908ab694a4df732570bced3b8a96b7515d70ff93402179ad232 0.3s done
#28 DONE 0.9s

#25 [worker 1/9] FROM docker.io/library/python:3.11-slim@sha256:8eb5fc663972b871c528fef04be4eaa9ab8ab4539a5316c4b8c133771214a617
#25 extracting sha256:e73850a50582f63498f7551a987cc493e848413fcae176379acff9144341f77f
#25 ...

#29 [etl internal] load metadata for docker.io/library/python:3.12-slim
#29 DONE 0.2s

#30 [etl internal] load .dockerignore
#30 transferring context: 183B done
#30 DONE 0.0s

#31 [fees_h10 internal] load .dockerignore
#31 transferring context: 2B done
#31 DONE 0.0s

#25 [worker 1/9] FROM docker.io/library/python:3.11-slim@sha256:8eb5fc663972b871c528fef04be4eaa9ab8ab4539a5316c4b8c133771214a617
#25 ...

#32 [fees_h10 internal] load build context
#32 transferring context: 23.61kB done
#32 DONE 0.0s

#33 [etl internal] load build context
#33 transferring context: 28.62kB 0.0s done
#33 DONE 0.0s

#34 [etl base  4/10] RUN if [ -n "" ] && [ -f "" ]; then         pip install -r requirements.txt -c "";     else         pip install -r requirements.txt;     fi
#34 CACHED

#35 [etl base  2/10] WORKDIR /app
#35 CACHED

#36 [etl base  3/10] COPY services/etl/requirements*.txt services/etl/constraints.txt ./
#36 CACHED

#37 [etl base  6/10] COPY services/ingest/ ./services/ingest
#37 ERROR: failed to calculate checksum of ref ac1187db-1850-4397-a0f7-3b6e6ef293d6::kv3in5zf4mk2bscwwmjvejmig: "/services/ingest": not found

#38 [etl base  5/10] COPY services/common/ ./services/common
#38 ERROR: failed to calculate checksum of ref ac1187db-1850-4397-a0f7-3b6e6ef293d6::kv3in5zf4mk2bscwwmjvejmig: "/services/common": not found

#25 [worker 1/9] FROM docker.io/library/python:3.11-slim@sha256:8eb5fc663972b871c528fef04be4eaa9ab8ab4539a5316c4b8c133771214a617
#25 CANCELED

#39 [webapp 1/5] FROM docker.io/library/node:20-alpine@sha256:6178e78b972f79c335df281f4b7674a2d85071aae2af020ffa39f0a770265435
#39 resolve docker.io/library/node:20-alpine@sha256:6178e78b972f79c335df281f4b7674a2d85071aae2af020ffa39f0a770265435 done
#39 sha256:e74e4ed823e9560b3fe51c0cab47dbfdfc4b12453604319408ec58708fb9e720 1.26MB / 1.26MB 0.3s done
#39 sha256:6178e78b972f79c335df281f4b7674a2d85071aae2af020ffa39f0a770265435 7.67kB / 7.67kB done
#39 sha256:be8d32d651b3e0c9c2b28fdc1d3888408125d703232013cff955344d052027e5 1.72kB / 1.72kB done
#39 sha256:2b56f2779663b9e1a77bdb5235dc31f1a81e534ccab1c1b35c716a8db79eeab9 6.42kB / 6.42kB done
#39 sha256:2d35ebdb57d9971fea0cac1582aa78935adf8058b2cc32db163c98822e5dfa1b 3.80MB / 3.80MB 0.2s done
#39 sha256:60e45a9660cfaebbbac9bba98180aa28b3966b7f2462d132c46f51a1f5b25a64 42.75MB / 42.75MB 1.0s done
#39 extracting sha256:2d35ebdb57d9971fea0cac1582aa78935adf8058b2cc32db163c98822e5dfa1b 0.2s done
#39 sha256:da04d522c98fe12816b2bcddf8413fca73645f8fa60f287c672f58bcc7f0fa38 444B / 444B 0.3s done
#39 extracting sha256:60e45a9660cfaebbbac9bba98180aa28b3966b7f2462d132c46f51a1f5b25a64 0.4s
#39 ...

#40 [webapp internal] load build context
#40 transferring context: 156.24MB 1.5s done
#40 CANCELED

#41 [fees_h10 base  1/10] FROM docker.io/library/python:3.12-slim@sha256:e97cf9a2e84d604941d9902f00616db7466ff302af4b1c3c67fb7c522efa8ed9
#41 resolve docker.io/library/python:3.12-slim@sha256:e97cf9a2e84d604941d9902f00616db7466ff302af4b1c3c67fb7c522efa8ed9 0.0s done
#41 sha256:408ad54fa40b7a4fff7cb21ce6e1b74eb5154bfc6c0fbd0af98560c1850db88f 1.75kB / 1.75kB done
#41 sha256:324231aabbd84383faa67463fb653f94cfab52b71ec3a56f4c49b294aee25968 5.58kB / 5.58kB done
#41 sha256:e97cf9a2e84d604941d9902f00616db7466ff302af4b1c3c67fb7c522efa8ed9 10.37kB / 10.37kB done
------
 > [etl base  5/10] COPY services/common/ ./services/common:
------
------
 > [etl base  6/10] COPY services/ingest/ ./services/ingest:
------
