Requirement already satisfied: pip in /opt/hostedtoolcache/Python/3.11.13/x64/lib/python3.11/site-packages (25.2)
Collecting pip
  Using cached pip-25.3-py3-none-any.whl.metadata (4.7 kB)
Collecting wheel
  Using cached wheel-0.45.1-py3-none-any.whl.metadata (2.3 kB)
Using cached pip-25.3-py3-none-any.whl (1.8 MB)
Using cached wheel-0.45.1-py3-none-any.whl (72 kB)
Installing collected packages: wheel, pip
  Attempting uninstall: pip
    Found existing installation: pip 25.2
    Uninstalling pip-25.2:
      Successfully uninstalled pip-25.2

Successfully installed pip-25.3 wheel-0.45.1
Collecting Jinja2==3.1.6 (from -r requirements-dev.txt (line 2))
  Using cached jinja2-3.1.6-py3-none-any.whl.metadata (2.9 kB)
Collecting alembic==1.17.0 (from -r requirements-dev.txt (line 3))
  Using cached alembic-1.17.0-py3-none-any.whl.metadata (7.2 kB)
Collecting apscheduler==3.10.4 (from -r requirements-dev.txt (line 4))
  Using cached APScheduler-3.10.4-py3-none-any.whl.metadata (5.7 kB)
Collecting asgi-correlation-id==4.3.1 (from -r requirements-dev.txt (line 5))
  Using cached asgi_correlation_id-4.3.1-py3-none-any.whl.metadata (28 kB)
Collecting asyncpg==0.30.0 (from -r requirements-dev.txt (line 6))
  Using cached asyncpg-0.30.0-cp311-cp311-manylinux_2_17_x86_64.manylinux2014_x86_64.whl.metadata (5.0 kB)
Collecting authlib=<redacted> (from -r requirements-dev.txt (line 7))
  Using cached Authlib-1.3.1-py2.py3-none-any.whl.metadata (3.8 kB)
Collecting black==25.9.0 (from -r requirements-dev.txt (line 8))
  Using cached black-25.9.0-cp311-cp311-manylinux_2_17_x86_64.manylinux2014_x86_64.manylinux_2_28_x86_64.whl.metadata (83 kB)
Collecting boto3==1.40.21 (from -r requirements-dev.txt (line 9))
  Using cached boto3-1.40.21-py3-none-any.whl.metadata (6.7 kB)
Collecting redis==6.* (from -r requirements-dev.txt (line 10))
  Using cached redis-6.4.0-py3-none-any.whl.metadata (10 kB)
Collecting minio==7.2.18 (from -r requirements-dev.txt (line 11))
  Using cached minio-7.2.18-py3-none-any.whl.metadata (6.5 kB)
Collecting vulture==2.10 (from -r requirements-dev.txt (line 12))
  Using cached vulture-2.10-py2.py3-none-any.whl.metadata (23 kB)
Collecting celery==5.5.3 (from -r requirements-dev.txt (line 13))
  Using cached celery-5.5.3-py3-none-any.whl.metadata (22 kB)
Collecting fastapi==0.116.1 (from -r requirements-dev.txt (line 14))
  Using cached fastapi-0.116.1-py3-none-any.whl.metadata (28 kB)
Collecting fastapi-limiter==0.1.6 (from -r requirements-dev.txt (line 16))
  Using cached fastapi_limiter-0.1.6-py3-none-any.whl.metadata (5.3 kB)
Collecting httpx<0.28,>=0.27 (from -r requirements-dev.txt (line 17))
  Using cached httpx-0.27.2-py3-none-any.whl.metadata (7.1 kB)
Collecting imapclient==3.0.1 (from -r requirements-dev.txt (line 18))
  Using cached IMAPClient-3.0.1-py2.py3-none-any.whl.metadata (1.7 kB)
Collecting itsdangerous (from -r requirements-dev.txt (line 19))
  Using cached itsdangerous-2.2.0-py3-none-any.whl.metadata (1.9 kB)
Collecting pre-commit==3.7.1 (from -r requirements-dev.txt (line 20))
  Using cached pre_commit-3.7.1-py2.py3-none-any.whl.metadata (1.3 kB)
Collecting mypy==1.* (from -r requirements-dev.txt (line 21))
  Using cached mypy-1.18.2-cp311-cp311-manylinux2014_x86_64.manylinux_2_17_x86_64.manylinux_2_28_x86_64.whl.metadata (2.2 kB)
Collecting mypy-extensions==1.1.0 (from -r requirements-dev.txt (line 22))
  Using cached mypy_extensions-1.1.0-py3-none-any.whl.metadata (1.1 kB)
Collecting numpy<2 (from -r requirements-dev.txt (line 23))
  Using cached numpy-1.26.4-cp311-cp311-manylinux_2_17_x86_64.manylinux2014_x86_64.whl.metadata (61 kB)
Collecting openpyxl==3.1.5 (from -r requirements-dev.txt (line 24))
  Using cached openpyxl-3.1.5-py2.py3-none-any.whl.metadata (2.5 kB)
Collecting pandas==2.3.2 (from -r requirements-dev.txt (line 25))
  Using cached pandas-2.3.2-cp311-cp311-manylinux_2_17_x86_64.manylinux2014_x86_64.whl.metadata (91 kB)
Collecting prometheus-client==0.20.0 (from -r requirements-dev.txt (line 26))
  Using cached prometheus_client-0.20.0-py3-none-any.whl.metadata (1.8 kB)
Collecting psycopg2-binary==2.9.10 (from -r requirements-dev.txt (line 27))
  Using cached psycopg2_binary-2.9.10-cp311-cp311-manylinux_2_17_x86_64.manylinux2014_x86_64.whl.metadata (4.9 kB)
Collecting psycopg==3.2.11 (from psycopg[binary]==3.2.11->-r requirements-dev.txt (line 28))
  Using cached psycopg-3.2.11-py3-none-any.whl.metadata (4.5 kB)
Collecting pydantic>=2.6 (from -r requirements-dev.txt (line 29))
  Using cached pydantic-2.11.7-py3-none-any.whl.metadata (67 kB)
Collecting pydantic-settings>=2.1 (from -r requirements-dev.txt (line 30))
  Using cached pydantic_settings-2.2.1-py3-none-any.whl.metadata (3.1 kB)
Requirement already satisfied: setuptools in /opt/hostedtoolcache/Python/3.11.13/x64/lib/python3.11/site-packages (from -r requirements-dev.txt (line 31)) (65.5.0)
Collecting pytest-asyncio==1.1.0 (from -r requirements-dev.txt (line 32))
  Using cached pytest_asyncio-1.1.0-py3-none-any.whl.metadata (4.1 kB)
Collecting pytest-cov==7.0.0 (from -r requirements-dev.txt (line 33))
  Using cached pytest_cov-7.0.0-py3-none-any.whl.metadata (31 kB)
Collecting pytest-postgresql==7.0.2 (from -r requirements-dev.txt (line 34))
  Using cached pytest_postgresql-7.0.2-py3-none-any.whl.metadata (18 kB)
Collecting pytest-timeout==2.3.1 (from -r requirements-dev.txt (line 35))
  Using cached pytest_timeout-2.3.1-py3-none-any.whl.metadata (20 kB)
Collecting python-dotenv (from -r requirements-dev.txt (line 36))
  Using cached python_dotenv-1.1.1-py3-none-any.whl.metadata (24 kB)
Collecting python-jose==3.3.0 (from -r requirements-dev.txt (line 37))
  Using cached python_jose-3.3.0-py2.py3-none-any.whl.metadata (5.4 kB)
Collecting python-multipart (from -r requirements-dev.txt (line 38))
  Using cached python_multipart-0.0.19-py3-none-any.whl.metadata (1.8 kB)
Collecting python-telegram-bot==22.5 (from -r requirements-dev.txt (line 39))
  Using cached python_telegram_bot-22.5-py3-none-any.whl.metadata (17 kB)
Collecting requests==2.32.5 (from -r requirements-dev.txt (line 40))
  Using cached requests-2.32.5-py3-none-any.whl.metadata (4.9 kB)
Collecting respx==0.22.0 (from -r requirements-dev.txt (line 41))
  Using cached respx-0.22.0-py2.py3-none-any.whl.metadata (4.1 kB)
Collecting ruff==0.7.0 (from -r requirements-dev.txt (line 42))
  Using cached ruff-0.7.0-py3-none-manylinux_2_17_x86_64.manylinux2014_x86_64.whl.metadata (25 kB)
Collecting sqlalchemy==2.0.43 (from -r requirements-dev.txt (line 43))
  Using cached sqlalchemy-2.0.43-cp311-cp311-manylinux_2_17_x86_64.manylinux2014_x86_64.whl.metadata (9.6 kB)
Collecting structlog==24.1.0 (from -r requirements-dev.txt (line 44))
  Using cached structlog-24.1.0-py3-none-any.whl.metadata (6.9 kB)
Collecting testcontainers==4.12.0 (from testcontainers[postgres]==4.12.0->-r requirements-dev.txt (line 45))
  Using cached testcontainers-4.12.0-py3-none-any.whl.metadata (8.3 kB)
Collecting types-requests==2.32.4.20250809 (from -r requirements-dev.txt (line 46))
  Using cached types_requests-2.32.4.20250809-py3-none-any.whl.metadata (2.0 kB)
Collecting docspec-python==2.2.2 (from -r requirements-dev.txt (line 47))
  Using cached docspec_python-2.2.2-py3-none-any.whl.metadata (1.0 kB)
Collecting pydoc-markdown==4.8.2 (from -r requirements-dev.txt (line 48))
  Using cached pydoc_markdown-4.8.2-py3-none-any.whl.metadata (5.9 kB)
Collecting pandera==0.26.* (from -r requirements-dev.txt (line 49))
  Using cached pandera-0.26.1-py3-none-any.whl.metadata (10 kB)
Collecting pytest-xdist==3.6.1 (from -r requirements-dev.txt (line 50))
  Using cached pytest_xdist-3.6.1-py3-none-any.whl.metadata (4.3 kB)
Collecting MarkupSafe>=2.0 (from Jinja2==3.1.6->-r requirements-dev.txt (line 2))
  Using cached markupsafe-3.0.3-cp311-cp311-manylinux2014_x86_64.manylinux_2_17_x86_64.manylinux_2_28_x86_64.whl.metadata (2.7 kB)
Collecting Mako (from alembic==1.17.0->-r requirements-dev.txt (line 3))
  Using cached mako-1.3.10-py3-none-any.whl.metadata (2.9 kB)
Collecting typing-extensions>=4.12 (from alembic==1.17.0->-r requirements-dev.txt (line 3))
  Using cached typing_extensions-4.15.0-py3-none-any.whl.metadata (3.3 kB)
Collecting six>=1.4.0 (from apscheduler==3.10.4->-r requirements-dev.txt (line 4))
  Using cached six-1.17.0-py2.py3-none-any.whl.metadata (1.7 kB)
Collecting pytz (from apscheduler==3.10.4->-r requirements-dev.txt (line 4))
  Using cached pytz-2025.2-py2.py3-none-any.whl.metadata (22 kB)
Collecting tzlocal!=3.*,>=2.0 (from apscheduler==3.10.4->-r requirements-dev.txt (line 4))
  Using cached tzlocal-5.3.1-py3-none-any.whl.metadata (7.6 kB)
Collecting starlette>=0.18 (from asgi-correlation-id==4.3.1->-r requirements-dev.txt (line 5))
  Using cached starlette-0.49.1-py3-none-any.whl.metadata (6.4 kB)
Collecting cryptography (from authlib=<redacted> requirements-dev.txt (line 7))
  Using cached cryptography-46.0.3-cp311-abi3-manylinux_2_34_x86_64.whl.metadata (5.7 kB)
Collecting click>=8.0.0 (from black==25.9.0->-r requirements-dev.txt (line 8))
  Using cached click-8.3.0-py3-none-any.whl.metadata (2.6 kB)
Collecting packaging>=22.0 (from black==25.9.0->-r requirements-dev.txt (line 8))
  Using cached packaging-25.0-py3-none-any.whl.metadata (3.3 kB)
Collecting pathspec>=0.9.0 (from black==25.9.0->-r requirements-dev.txt (line 8))
  Using cached pathspec-0.12.1-py3-none-any.whl.metadata (21 kB)
Collecting platformdirs>=2 (from black==25.9.0->-r requirements-dev.txt (line 8))
  Using cached platformdirs-4.5.0-py3-none-any.whl.metadata (12 kB)
Collecting pytokens>=0.1.10 (from black==25.9.0->-r requirements-dev.txt (line 8))
  Using cached pytokens-0.2.0-py3-none-any.whl.metadata (2.0 kB)
Collecting botocore<1.41.0,>=1.40.21 (from boto3==1.40.21->-r requirements-dev.txt (line 9))
  Using cached botocore-1.40.61-py3-none-any.whl.metadata (5.7 kB)
Collecting jmespath<2.0.0,>=0.7.1 (from boto3==1.40.21->-r requirements-dev.txt (line 9))
  Using cached jmespath-1.0.1-py3-none-any.whl.metadata (7.6 kB)
Collecting s3transfer<0.14.0,>=0.13.0 (from boto3==1.40.21->-r requirements-dev.txt (line 9))
  Using cached s3transfer-0.13.1-py3-none-any.whl.metadata (1.7 kB)
Collecting argon2-cffi (from minio==7.2.18->-r requirements-dev.txt (line 11))
  Using cached argon2_cffi-25.1.0-py3-none-any.whl.metadata (4.1 kB)
Collecting certifi (from minio==7.2.18->-r requirements-dev.txt (line 11))
  Using cached certifi-2025.10.5-py3-none-any.whl.metadata (2.5 kB)
Collecting pycryptodome (from minio==7.2.18->-r requirements-dev.txt (line 11))
  Using cached pycryptodome-3.23.0-cp37-abi3-manylinux_2_17_x86_64.manylinux2014_x86_64.whl.metadata (3.4 kB)
Collecting urllib3 (from minio==7.2.18->-r requirements-dev.txt (line 11))
  Using cached urllib3-2.5.0-py3-none-any.whl.metadata (6.5 kB)
Collecting toml (from vulture==2.10->-r requirements-dev.txt (line 12))
  Using cached toml-0.10.2-py2.py3-none-any.whl.metadata (7.1 kB)
Collecting billiard<5.0,>=4.2.1 (from celery==5.5.3->-r requirements-dev.txt (line 13))
  Using cached billiard-4.2.2-py3-none-any.whl.metadata (4.8 kB)
Collecting kombu<5.6,>=5.5.2 (from celery==5.5.3->-r requirements-dev.txt (line 13))
  Using cached kombu-5.5.4-py3-none-any.whl.metadata (3.5 kB)
Collecting vine<6.0,>=5.1.0 (from celery==5.5.3->-r requirements-dev.txt (line 13))
  Using cached vine-5.1.0-py3-none-any.whl.metadata (2.7 kB)
Collecting click-didyoumean>=0.3.0 (from celery==5.5.3->-r requirements-dev.txt (line 13))
  Using cached click_didyoumean-0.3.1-py3-none-any.whl.metadata (3.9 kB)
Collecting click-repl>=0.2.0 (from celery==5.5.3->-r requirements-dev.txt (line 13))
  Using cached click_repl-0.3.0-py3-none-any.whl.metadata (3.6 kB)
Collecting click-plugins>=1.1.1 (from celery==5.5.3->-r requirements-dev.txt (line 13))
  Using cached click_plugins-1.1.1.2-py2.py3-none-any.whl.metadata (6.5 kB)
Collecting python-dateutil>=2.8.2 (from celery==5.5.3->-r requirements-dev.txt (line 13))
  Using cached python_dateutil-2.9.0.post0-py2.py3-none-any.whl.metadata (8.4 kB)
Collecting starlette>=0.18 (from asgi-correlation-id==4.3.1->-r requirements-dev.txt (line 5))
  Using cached starlette-0.47.3-py3-none-any.whl.metadata (6.2 kB)
Collecting cfgv>=2.0.0 (from pre-commit==3.7.1->-r requirements-dev.txt (line 20))
  Using cached cfgv-3.4.0-py2.py3-none-any.whl.metadata (8.5 kB)
Collecting identify>=1.0.0 (from pre-commit==3.7.1->-r requirements-dev.txt (line 20))
  Using cached identify-2.6.15-py2.py3-none-any.whl.metadata (4.4 kB)
Collecting nodeenv>=0.11.1 (from pre-commit==3.7.1->-r requirements-dev.txt (line 20))
  Using cached nodeenv-1.9.1-py2.py3-none-any.whl.metadata (21 kB)
Collecting pyyaml>=5.1 (from pre-commit==3.7.1->-r requirements-dev.txt (line 20))
  Using cached pyyaml-6.0.3-cp311-cp311-manylinux2014_x86_64.manylinux_2_17_x86_64.manylinux_2_28_x86_64.whl.metadata (2.4 kB)
Collecting virtualenv>=20.10.0 (from pre-commit==3.7.1->-r requirements-dev.txt (line 20))
  Downloading virtualenv-20.35.4-py3-none-any.whl.metadata (4.6 kB)
Collecting et-xmlfile (from openpyxl==3.1.5->-r requirements-dev.txt (line 24))
  Using cached et_xmlfile-2.0.0-py3-none-any.whl.metadata (2.7 kB)
Collecting tzdata>=2022.7 (from pandas==2.3.2->-r requirements-dev.txt (line 25))
  Using cached tzdata-2025.2-py2.py3-none-any.whl.metadata (1.4 kB)
Collecting pytest<9,>=8.2 (from pytest-asyncio==1.1.0->-r requirements-dev.txt (line 32))
  Using cached pytest-8.4.2-py3-none-any.whl.metadata (7.7 kB)
Collecting coverage>=7.10.6 (from coverage[toml]>=7.10.6->pytest-cov==7.0.0->-r requirements-dev.txt (line 33))
  Using cached coverage-7.11.0-cp311-cp311-manylinux1_x86_64.manylinux_2_28_x86_64.manylinux_2_5_x86_64.whl.metadata (9.0 kB)
Collecting pluggy>=1.2 (from pytest-cov==7.0.0->-r requirements-dev.txt (line 33))
  Using cached pluggy-1.6.0-py3-none-any.whl.metadata (4.8 kB)
Collecting port-for>=0.7.3 (from pytest-postgresql==7.0.2->-r requirements-dev.txt (line 34))
  Using cached port_for-1.0.0-py3-none-any.whl.metadata (7.2 kB)
Collecting mirakuru>=2.6.0 (from pytest-postgresql==7.0.2->-r requirements-dev.txt (line 34))
  Using cached mirakuru-2.6.1-py3-none-any.whl.metadata (10 kB)
Collecting ecdsa!=0.15 (from python-jose==3.3.0->-r requirements-dev.txt (line 37))
  Using cached ecdsa-0.19.1-py2.py3-none-any.whl.metadata (29 kB)
Collecting rsa (from python-jose==3.3.0->-r requirements-dev.txt (line 37))
  Using cached rsa-4.9.1-py3-none-any.whl.metadata (5.6 kB)
Collecting pyasn1 (from python-jose==3.3.0->-r requirements-dev.txt (line 37))
  Using cached pyasn1-0.6.1-py3-none-any.whl.metadata (8.4 kB)
Collecting charset_normalizer<4,>=2 (from requests==2.32.5->-r requirements-dev.txt (line 40))
  Using cached charset_normalizer-3.4.4-cp311-cp311-manylinux2014_x86_64.manylinux_2_17_x86_64.manylinux_2_28_x86_64.whl.metadata (37 kB)
Collecting idna<4,>=2.5 (from requests==2.32.5->-r requirements-dev.txt (line 40))
  Using cached idna-3.11-py3-none-any.whl.metadata (8.4 kB)
Collecting greenlet>=1 (from sqlalchemy==2.0.43->-r requirements-dev.txt (line 43))
  Using cached greenlet-3.2.4-cp311-cp311-manylinux_2_24_x86_64.manylinux_2_28_x86_64.whl.metadata (4.1 kB)
Collecting docker (from testcontainers==4.12.0->testcontainers[postgres]==4.12.0->-r requirements-dev.txt (line 45))
  Using cached docker-7.1.0-py3-none-any.whl.metadata (3.8 kB)
Collecting wrapt (from testcontainers==4.12.0->testcontainers[postgres]==4.12.0->-r requirements-dev.txt (line 45))
  Using cached wrapt-2.0.0-cp311-cp311-manylinux1_x86_64.manylinux_2_28_x86_64.manylinux_2_5_x86_64.whl.metadata (8.8 kB)
Collecting docspec==2.2.1 (from docspec-python==2.2.2->-r requirements-dev.txt (line 47))
  Using cached docspec-2.2.1-py3-none-any.whl.metadata (1.5 kB)
Collecting nr-util>=0.8.12 (from docspec-python==2.2.2->-r requirements-dev.txt (line 47))
  Using cached nr.util-0.8.12-py3-none-any.whl.metadata (813 bytes)
Collecting databind.core<5.0.0,>=4.4.0 (from pydoc-markdown==4.8.2->-r requirements-dev.txt (line 48))
  Using cached databind.core-4.5.2-py3-none-any.whl.metadata (1.1 kB)
Collecting databind.json<5.0.0,>=4.4.0 (from pydoc-markdown==4.8.2->-r requirements-dev.txt (line 48))
  Using cached databind.json-4.5.2-py3-none-any.whl.metadata (1.1 kB)
Collecting docstring-parser<0.12,>=0.11 (from pydoc-markdown==4.8.2->-r requirements-dev.txt (line 48))
  Using cached docstring_parser-0.11-py3-none-any.whl
Collecting tomli<3.0.0,>=2.0.0 (from pydoc-markdown==4.8.2->-r requirements-dev.txt (line 48))
  Using cached tomli-2.3.0-cp311-cp311-manylinux2014_x86_64.manylinux_2_17_x86_64.manylinux_2_28_x86_64.whl.metadata (10 kB)
Collecting tomli_w<2.0.0,>=1.0.0 (from pydoc-markdown==4.8.2->-r requirements-dev.txt (line 48))
  Using cached tomli_w-1.2.0-py3-none-any.whl.metadata (5.7 kB)
Collecting watchdog (from pydoc-markdown==4.8.2->-r requirements-dev.txt (line 48))
  Using cached watchdog-6.0.0-py3-none-manylinux2014_x86_64.whl.metadata (44 kB)
Collecting yapf>=0.30.0 (from pydoc-markdown==4.8.2->-r requirements-dev.txt (line 48))
  Using cached yapf-0.43.0-py3-none-any.whl.metadata (46 kB)
Collecting Deprecated<2.0.0,>=1.2.12 (from docspec==2.2.1->docspec-python==2.2.2->-r requirements-dev.txt (line 47))
  Downloading deprecated-1.3.0-py2.py3-none-any.whl.metadata (5.9 kB)
Collecting execnet>=2.1 (from pytest-xdist==3.6.1->-r requirements-dev.txt (line 50))
  Using cached execnet-2.1.1-py3-none-any.whl.metadata (2.9 kB)
Collecting fastapi-cli>=0.0.8 (from fastapi-cli[standard]>=0.0.8; extra == "all"->fastapi[all]==0.116.1->-r requirements-dev.txt (line 15))
  Using cached fastapi_cli-0.0.14-py3-none-any.whl.metadata (6.4 kB)
Collecting ujson!=4.0.2,!=4.1.0,!=4.2.0,!=4.3.0,!=5.0.0,!=5.1.0,>=4.0.1 (from fastapi[all]==0.116.1->-r requirements-dev.txt (line 15))
  Using cached ujson-5.11.0-cp311-cp311-manylinux_2_24_x86_64.manylinux_2_28_x86_64.whl.metadata (9.4 kB)
Collecting orjson>=3.2.1 (from fastapi[all]==0.116.1->-r requirements-dev.txt (line 15))
  Using cached orjson-3.11.4-cp311-cp311-manylinux_2_17_x86_64.manylinux2014_x86_64.whl.metadata (41 kB)
Collecting email-validator>=2.0.0 (from fastapi[all]==0.116.1->-r requirements-dev.txt (line 15))
  Using cached email_validator-2.3.0-py3-none-any.whl.metadata (26 kB)
Collecting uvicorn>=0.12.0 (from uvicorn[standard]>=0.12.0; extra == "all"->fastapi[all]==0.116.1->-r requirements-dev.txt (line 15))
  Using cached uvicorn-0.35.0-py3-none-any.whl.metadata (6.5 kB)
Collecting pydantic-extra-types>=2.0.0 (from fastapi[all]==0.116.1->-r requirements-dev.txt (line 15))
  Using cached pydantic_extra_types-2.10.6-py3-none-any.whl.metadata (4.0 kB)
Collecting psycopg-binary==3.2.11 (from psycopg[binary]==3.2.11->-r requirements-dev.txt (line 28))
  Using cached psycopg_binary-3.2.11-cp311-cp311-manylinux2014_x86_64.manylinux_2_17_x86_64.whl.metadata (2.9 kB)
Collecting anyio (from httpx<0.28,>=0.27->-r requirements-dev.txt (line 17))
  Using cached anyio-4.4.0-py3-none-any.whl.metadata (4.6 kB)
Collecting httpcore==1.* (from httpx<0.28,>=0.27->-r requirements-dev.txt (line 17))
  Using cached httpcore-1.0.9-py3-none-any.whl.metadata (21 kB)
Collecting sniffio (from httpx<0.28,>=0.27->-r requirements-dev.txt (line 17))
  Using cached sniffio-1.3.1-py3-none-any.whl.metadata (3.9 kB)
Collecting annotated-types>=0.6.0 (from pydantic>=2.6->-r requirements-dev.txt (line 29))
  Using cached annotated_types-0.7.0-py3-none-any.whl.metadata (15 kB)
Collecting pydantic-core==2.33.2 (from pydantic>=2.6->-r requirements-dev.txt (line 29))
  Using cached pydantic_core-2.33.2-cp311-cp311-manylinux_2_17_x86_64.manylinux2014_x86_64.whl.metadata (6.8 kB)
Collecting typing-inspection>=0.4.0 (from pydantic>=2.6->-r requirements-dev.txt (line 29))
  Using cached typing_inspection-0.4.2-py3-none-any.whl.metadata (2.6 kB)
Collecting typeguard (from pandera==0.26.*->-r requirements-dev.txt (line 49))
  Using cached typeguard-4.4.4-py3-none-any.whl.metadata (3.3 kB)
Collecting typing_inspect>=0.6.0 (from pandera==0.26.*->-r requirements-dev.txt (line 49))
  Using cached typing_inspect-0.9.0-py3-none-any.whl.metadata (1.5 kB)
Collecting databind<5.0.0,>=4.5.2 (from databind.core<5.0.0,>=4.4.0->pydoc-markdown==4.8.2->-r requirements-dev.txt (line 48))
  Using cached databind-4.5.2-py3-none-any.whl.metadata (4.3 kB)
Collecting nr-date<3.0.0,>=2.0.0 (from databind<5.0.0,>=4.5.2->databind.core<5.0.0,>=4.4.0->pydoc-markdown==4.8.2->-r requirements-dev.txt (line 48))
  Using cached nr_date-2.1.0-py3-none-any.whl.metadata (746 bytes)
Collecting nr-stream<2.0.0,>=1.0.0 (from databind<5.0.0,>=4.5.2->databind.core<5.0.0,>=4.4.0->pydoc-markdown==4.8.2->-r requirements-dev.txt (line 48))
  Using cached nr_stream-1.1.5-py3-none-any.whl.metadata (3.6 kB)
Collecting typeapi<3,>=2.0.1 (from databind<5.0.0,>=4.5.2->databind.core<5.0.0,>=4.4.0->pydoc-markdown==4.8.2->-r requirements-dev.txt (line 48))
  Using cached typeapi-2.3.0-py3-none-any.whl.metadata (1.5 kB)
Collecting h11>=0.16 (from httpcore==1.*->httpx<0.28,>=0.27->-r requirements-dev.txt (line 17))
  Using cached h11-0.16.0-py3-none-any.whl.metadata (8.3 kB)
Collecting amqp<6.0.0,>=5.1.1 (from kombu<5.6,>=5.5.2->celery==5.5.3->-r requirements-dev.txt (line 13))
  Using cached amqp-5.3.1-py3-none-any.whl.metadata (8.9 kB)
Collecting iniconfig>=1 (from pytest<9,>=8.2->pytest-asyncio==1.1.0->-r requirements-dev.txt (line 32))
  Using cached iniconfig-2.3.0-py3-none-any.whl.metadata (2.5 kB)
Collecting pygments>=2.7.2 (from pytest<9,>=8.2->pytest-asyncio==1.1.0->-r requirements-dev.txt (line 32))
  Using cached pygments-2.19.2-py3-none-any.whl.metadata (2.5 kB)
Collecting prompt-toolkit>=3.0.36 (from click-repl>=0.2.0->celery==5.5.3->-r requirements-dev.txt (line 13))
  Using cached prompt_toolkit-3.0.52-py3-none-any.whl.metadata (6.4 kB)
Collecting dnspython>=2.0.0 (from email-validator>=2.0.0->fastapi[all]==0.116.1->-r requirements-dev.txt (line 15))
  Using cached dnspython-2.8.0-py3-none-any.whl.metadata (5.7 kB)
Collecting typer>=0.15.1 (from fastapi-cli>=0.0.8->fastapi-cli[standard]>=0.0.8; extra == "all"->fastapi[all]==0.116.1->-r requirements-dev.txt (line 15))
  Using cached typer-0.20.0-py3-none-any.whl.metadata (16 kB)
Collecting rich-toolkit>=0.14.8 (from fastapi-cli>=0.0.8->fastapi-cli[standard]>=0.0.8; extra == "all"->fastapi[all]==0.116.1->-r requirements-dev.txt (line 15))
  Using cached rich_toolkit-0.15.1-py3-none-any.whl.metadata (1.0 kB)
Collecting fastapi-cloud-cli>=0.1.1 (from fastapi-cli[standard]>=0.0.8; extra == "all"->fastapi[all]==0.116.1->-r requirements-dev.txt (line 15))
  Using cached fastapi_cloud_cli-0.3.1-py3-none-any.whl.metadata (3.2 kB)
Collecting rignore>=0.5.1 (from fastapi-cloud-cli>=0.1.1->fastapi-cli[standard]>=0.0.8; extra == "all"->fastapi[all]==0.116.1->-r requirements-dev.txt (line 15))
  Downloading rignore-0.7.2-cp311-cp311-manylinux_2_17_x86_64.manylinux2014_x86_64.whl.metadata (4.2 kB)
Collecting sentry-sdk>=2.20.0 (from fastapi-cloud-cli>=0.1.1->fastapi-cli[standard]>=0.0.8; extra == "all"->fastapi[all]==0.116.1->-r requirements-dev.txt (line 15))
  Using cached sentry_sdk-2.20.0-py2.py3-none-any.whl.metadata (10 kB)
Collecting psutil>=4.0.0 (from mirakuru>=2.6.0->pytest-postgresql==7.0.2->-r requirements-dev.txt (line 34))
  Using cached psutil-7.1.2-cp36-abi3-manylinux2010_x86_64.manylinux_2_12_x86_64.manylinux_2_28_x86_64.whl.metadata (23 kB)
Collecting wcwidth (from prompt-toolkit>=3.0.36->click-repl>=0.2.0->celery==5.5.3->-r requirements-dev.txt (line 13))
  Using cached wcwidth-0.2.14-py2.py3-none-any.whl.metadata (15 kB)
Collecting rich>=13.7.1 (from rich-toolkit>=0.14.8->fastapi-cli>=0.0.8->fastapi-cli[standard]>=0.0.8; extra == "all"->fastapi[all]==0.116.1->-r requirements-dev.txt (line 15))
  Using cached rich-14.2.0-py3-none-any.whl.metadata (18 kB)
Collecting markdown-it-py>=2.2.0 (from rich>=13.7.1->rich-toolkit>=0.14.8->fastapi-cli>=0.0.8->fastapi-cli[standard]>=0.0.8; extra == "all"->fastapi[all]==0.116.1->-r requirements-dev.txt (line 15))
  Using cached markdown_it_py-4.0.0-py3-none-any.whl.metadata (7.3 kB)
Collecting mdurl~=0.1 (from markdown-it-py>=2.2.0->rich>=13.7.1->rich-toolkit>=0.14.8->fastapi-cli>=0.0.8->fastapi-cli[standard]>=0.0.8; extra == "all"->fastapi[all]==0.116.1->-r requirements-dev.txt (line 15))
  Using cached mdurl-0.1.2-py3-none-any.whl.metadata (1.6 kB)
Collecting shellingham>=1.3.0 (from typer>=0.15.1->fastapi-cli>=0.0.8->fastapi-cli[standard]>=0.0.8; extra == "all"->fastapi[all]==0.116.1->-r requirements-dev.txt (line 15))
  Using cached shellingham-1.5.4-py2.py3-none-any.whl.metadata (3.5 kB)
Collecting httptools>=0.6.3 (from uvicorn[standard]>=0.12.0; extra == "all"->fastapi[all]==0.116.1->-r requirements-dev.txt (line 15))
  Using cached httptools-0.7.1-cp311-cp311-manylinux1_x86_64.manylinux_2_28_x86_64.manylinux_2_5_x86_64.whl.metadata (3.5 kB)
Collecting uvloop>=0.15.1 (from uvicorn[standard]>=0.12.0; extra == "all"->fastapi[all]==0.116.1->-r requirements-dev.txt (line 15))
  Using cached uvloop-0.22.1-cp311-cp311-manylinux2014_x86_64.manylinux_2_17_x86_64.manylinux_2_28_x86_64.whl.metadata (4.9 kB)
Collecting watchfiles>=0.13 (from uvicorn[standard]>=0.12.0; extra == "all"->fastapi[all]==0.116.1->-r requirements-dev.txt (line 15))
  Using cached watchfiles-1.1.1-cp311-cp311-manylinux_2_17_x86_64.manylinux2014_x86_64.whl.metadata (4.9 kB)
Collecting websockets>=10.4 (from uvicorn[standard]>=0.12.0; extra == "all"->fastapi[all]==0.116.1->-r requirements-dev.txt (line 15))
  Using cached websockets-15.0.1-cp311-cp311-manylinux_2_5_x86_64.manylinux1_x86_64.manylinux_2_17_x86_64.manylinux2014_x86_64.whl.metadata (6.8 kB)
Collecting distlib<1,>=0.3.7 (from virtualenv>=20.10.0->pre-commit==3.7.1->-r requirements-dev.txt (line 20))
  Using cached distlib-0.4.0-py2.py3-none-any.whl.metadata (5.2 kB)
Collecting filelock<4,>=3.12.2 (from virtualenv>=20.10.0->pre-commit==3.7.1->-r requirements-dev.txt (line 20))
  Using cached filelock-3.20.0-py3-none-any.whl.metadata (2.1 kB)
Collecting argon2-cffi-bindings (from argon2-cffi->minio==7.2.18->-r requirements-dev.txt (line 11))
  Using cached argon2_cffi_bindings-25.1.0-cp39-abi3-manylinux_2_26_x86_64.manylinux_2_28_x86_64.whl.metadata (7.4 kB)
Collecting cffi>=1.0.1 (from argon2-cffi-bindings->argon2-cffi->minio==7.2.18->-r requirements-dev.txt (line 11))
  Using cached cffi-2.0.0-cp311-cp311-manylinux2014_x86_64.manylinux_2_17_x86_64.whl.metadata (2.6 kB)
Collecting pycparser (from cffi>=1.0.1->argon2-cffi-bindings->argon2-cffi->minio==7.2.18->-r requirements-dev.txt (line 11))
  Using cached pycparser-2.23-py3-none-any.whl.metadata (993 bytes)
Using cached jinja2-3.1.6-py3-none-any.whl (134 kB)
Using cached alembic-1.17.0-py3-none-any.whl (247 kB)
Using cached APScheduler-3.10.4-py3-none-any.whl (59 kB)
Using cached asgi_correlation_id-4.3.1-py3-none-any.whl (15 kB)
Using cached asyncpg-0.30.0-cp311-cp311-manylinux_2_17_x86_64.manylinux2014_x86_64.whl (3.1 MB)
Using cached Authlib-1.3.1-py2.py3-none-any.whl (223 kB)
Using cached black-25.9.0-cp311-cp311-manylinux_2_17_x86_64.manylinux2014_x86_64.manylinux_2_28_x86_64.whl (1.6 MB)
Using cached boto3-1.40.21-py3-none-any.whl (139 kB)
Using cached minio-7.2.18-py3-none-any.whl (93 kB)
Using cached vulture-2.10-py2.py3-none-any.whl (27 kB)
Using cached celery-5.5.3-py3-none-any.whl (438 kB)
Using cached fastapi-0.116.1-py3-none-any.whl (95 kB)
Using cached fastapi_limiter-0.1.6-py3-none-any.whl (15 kB)
Using cached IMAPClient-3.0.1-py2.py3-none-any.whl (182 kB)
Using cached pre_commit-3.7.1-py2.py3-none-any.whl (204 kB)
Using cached mypy_extensions-1.1.0-py3-none-any.whl (5.0 kB)
Using cached openpyxl-3.1.5-py2.py3-none-any.whl (250 kB)
Using cached pandas-2.3.2-cp311-cp311-manylinux_2_17_x86_64.manylinux2014_x86_64.whl (12.4 MB)
Using cached prometheus_client-0.20.0-py3-none-any.whl (54 kB)
Using cached psycopg2_binary-2.9.10-cp311-cp311-manylinux_2_17_x86_64.manylinux2014_x86_64.whl (3.0 MB)
Using cached psycopg-3.2.11-py3-none-any.whl (206 kB)
Using cached pytest_asyncio-1.1.0-py3-none-any.whl (15 kB)
Using cached pytest_cov-7.0.0-py3-none-any.whl (22 kB)
Using cached pytest_postgresql-7.0.2-py3-none-any.whl (41 kB)
Using cached pytest_timeout-2.3.1-py3-none-any.whl (14 kB)
Using cached python_jose-3.3.0-py2.py3-none-any.whl (33 kB)
Using cached python_telegram_bot-22.5-py3-none-any.whl (730 kB)
Using cached requests-2.32.5-py3-none-any.whl (64 kB)
Using cached respx-0.22.0-py2.py3-none-any.whl (25 kB)
Using cached ruff-0.7.0-py3-none-manylinux_2_17_x86_64.manylinux2014_x86_64.whl (10.9 MB)
Using cached sqlalchemy-2.0.43-cp311-cp311-manylinux_2_17_x86_64.manylinux2014_x86_64.whl (3.3 MB)
Using cached structlog-24.1.0-py3-none-any.whl (65 kB)
Using cached testcontainers-4.12.0-py3-none-any.whl (111 kB)
Using cached types_requests-2.32.4.20250809-py3-none-any.whl (20 kB)
Using cached docspec_python-2.2.2-py3-none-any.whl (15 kB)
Using cached pydoc_markdown-4.8.2-py3-none-any.whl (67 kB)
Using cached docspec-2.2.1-py3-none-any.whl (9.8 kB)
Using cached pytest_xdist-3.6.1-py3-none-any.whl (46 kB)
Using cached psycopg_binary-3.2.11-cp311-cp311-manylinux2014_x86_64.manylinux_2_17_x86_64.whl (4.4 MB)
Using cached redis-6.4.0-py3-none-any.whl (279 kB)
Using cached httpx-0.27.2-py3-none-any.whl (76 kB)
Using cached mypy-1.18.2-cp311-cp311-manylinux2014_x86_64.manylinux_2_17_x86_64.manylinux_2_28_x86_64.whl (13.2 MB)
Using cached numpy-1.26.4-cp311-cp311-manylinux_2_17_x86_64.manylinux2014_x86_64.whl (18.3 MB)
Using cached pydantic-2.11.7-py3-none-any.whl (444 kB)
Using cached pydantic_core-2.33.2-cp311-cp311-manylinux_2_17_x86_64.manylinux2014_x86_64.whl (2.0 MB)
Using cached pandera-0.26.1-py3-none-any.whl (292 kB)
Using cached billiard-4.2.2-py3-none-any.whl (86 kB)
Using cached botocore-1.40.61-py3-none-any.whl (14.1 MB)
Using cached charset_normalizer-3.4.4-cp311-cp311-manylinux2014_x86_64.manylinux_2_17_x86_64.manylinux_2_28_x86_64.whl (151 kB)
Using cached click-8.3.0-py3-none-any.whl (107 kB)
Using cached databind.core-4.5.2-py3-none-any.whl (1.5 kB)
Using cached databind-4.5.2-py3-none-any.whl (49 kB)
Using cached databind.json-4.5.2-py3-none-any.whl (1.5 kB)
Downloading deprecated-1.3.0-py2.py3-none-any.whl (11 kB)
Using cached httpcore-1.0.9-py3-none-any.whl (78 kB)
Using cached idna-3.11-py3-none-any.whl (71 kB)
Using cached jmespath-1.0.1-py3-none-any.whl (20 kB)
Using cached kombu-5.5.4-py3-none-any.whl (210 kB)
Using cached vine-5.1.0-py3-none-any.whl (9.6 kB)
Using cached amqp-5.3.1-py3-none-any.whl (50 kB)
Using cached nr_date-2.1.0-py3-none-any.whl (10 kB)
Using cached nr_stream-1.1.5-py3-none-any.whl (10 kB)
Using cached nr.util-0.8.12-py3-none-any.whl (90 kB)
Using cached pytest-8.4.2-py3-none-any.whl (365 kB)
Using cached pluggy-1.6.0-py3-none-any.whl (20 kB)
Using cached python_dateutil-2.9.0.post0-py2.py3-none-any.whl (229 kB)
Using cached pyyaml-6.0.3-cp311-cp311-manylinux2014_x86_64.manylinux_2_17_x86_64.manylinux_2_28_x86_64.whl (806 kB)
Using cached s3transfer-0.13.1-py3-none-any.whl (85 kB)
Using cached starlette-0.47.3-py3-none-any.whl (72 kB)
Using cached anyio-4.4.0-py3-none-any.whl (86 kB)
Using cached tomli-2.3.0-cp311-cp311-manylinux2014_x86_64.manylinux_2_17_x86_64.manylinux_2_28_x86_64.whl (242 kB)
Using cached tomli_w-1.2.0-py3-none-any.whl (6.7 kB)
Using cached typeapi-2.3.0-py3-none-any.whl (26 kB)
Using cached typing_extensions-4.15.0-py3-none-any.whl (44 kB)
Using cached urllib3-2.5.0-py3-none-any.whl (129 kB)
Downloading wrapt-2.0.0-cp311-cp311-manylinux1_x86_64.manylinux_2_28_x86_64.manylinux_2_5_x86_64.whl (114 kB)
Using cached itsdangerous-2.2.0-py3-none-any.whl (16 kB)
Using cached pydantic_settings-2.2.1-py3-none-any.whl (13 kB)
Using cached python_dotenv-1.1.1-py3-none-any.whl (20 kB)
Using cached python_multipart-0.0.19-py3-none-any.whl (24 kB)
Using cached annotated_types-0.7.0-py3-none-any.whl (13 kB)
Using cached certifi-2025.10.5-py3-none-any.whl (163 kB)
Using cached cfgv-3.4.0-py2.py3-none-any.whl (7.2 kB)
Using cached click_didyoumean-0.3.1-py3-none-any.whl (3.6 kB)
Using cached click_plugins-1.1.1.2-py2.py3-none-any.whl (11 kB)
Using cached click_repl-0.3.0-py3-none-any.whl (10 kB)
Using cached coverage-7.11.0-cp311-cp311-manylinux1_x86_64.manylinux_2_28_x86_64.manylinux_2_5_x86_64.whl (248 kB)
Using cached ecdsa-0.19.1-py2.py3-none-any.whl (150 kB)
Using cached email_validator-2.3.0-py3-none-any.whl (35 kB)
Using cached dnspython-2.8.0-py3-none-any.whl (331 kB)
Using cached execnet-2.1.1-py3-none-any.whl (40 kB)
Using cached fastapi_cli-0.0.14-py3-none-any.whl (11 kB)
Using cached fastapi_cloud_cli-0.3.1-py3-none-any.whl (19 kB)
Using cached greenlet-3.2.4-cp311-cp311-manylinux_2_24_x86_64.manylinux_2_28_x86_64.whl (587 kB)
Using cached h11-0.16.0-py3-none-any.whl (37 kB)
Using cached identify-2.6.15-py2.py3-none-any.whl (99 kB)
Using cached iniconfig-2.3.0-py3-none-any.whl (7.5 kB)
Using cached markupsafe-3.0.3-cp311-cp311-manylinux2014_x86_64.manylinux_2_17_x86_64.manylinux_2_28_x86_64.whl (22 kB)
Using cached mirakuru-2.6.1-py3-none-any.whl (26 kB)
Using cached nodeenv-1.9.1-py2.py3-none-any.whl (22 kB)
Using cached orjson-3.11.4-cp311-cp311-manylinux_2_17_x86_64.manylinux2014_x86_64.whl (136 kB)
Using cached packaging-25.0-py3-none-any.whl (66 kB)
Using cached pathspec-0.12.1-py3-none-any.whl (31 kB)
Using cached platformdirs-4.5.0-py3-none-any.whl (18 kB)
Using cached port_for-1.0.0-py3-none-any.whl (17 kB)
Using cached prompt_toolkit-3.0.52-py3-none-any.whl (391 kB)
Using cached psutil-7.1.2-cp36-abi3-manylinux2010_x86_64.manylinux_2_12_x86_64.manylinux_2_28_x86_64.whl (258 kB)
Using cached pydantic_extra_types-2.10.6-py3-none-any.whl (40 kB)
Using cached pygments-2.19.2-py3-none-any.whl (1.2 MB)
Using cached pytokens-0.2.0-py3-none-any.whl (12 kB)
Using cached pytz-2025.2-py2.py3-none-any.whl (509 kB)
Using cached rich_toolkit-0.15.1-py3-none-any.whl (29 kB)
Using cached rich-14.2.0-py3-none-any.whl (243 kB)
Using cached markdown_it_py-4.0.0-py3-none-any.whl (87 kB)
Using cached mdurl-0.1.2-py3-none-any.whl (10.0 kB)
Downloading rignore-0.7.2-cp311-cp311-manylinux_2_17_x86_64.manylinux2014_x86_64.whl (959 kB)
   ━━━━━━━━━━━━━━━━━━━━━━━━━━━━━━━━━━━━━━━━ 959.6/959.6 kB 58.6 MB/s  0:00:00
Using cached sentry_sdk-2.20.0-py2.py3-none-any.whl (322 kB)
Using cached six-1.17.0-py2.py3-none-any.whl (11 kB)
Using cached sniffio-1.3.1-py3-none-any.whl (10 kB)
Using cached typer-0.20.0-py3-none-any.whl (47 kB)
Using cached shellingham-1.5.4-py2.py3-none-any.whl (9.8 kB)
Using cached typing_inspect-0.9.0-py3-none-any.whl (8.8 kB)
Using cached typing_inspection-0.4.2-py3-none-any.whl (14 kB)
Using cached tzdata-2025.2-py2.py3-none-any.whl (347 kB)
Using cached tzlocal-5.3.1-py3-none-any.whl (18 kB)
Using cached ujson-5.11.0-cp311-cp311-manylinux_2_24_x86_64.manylinux_2_28_x86_64.whl (57 kB)
Using cached uvicorn-0.35.0-py3-none-any.whl (66 kB)
Using cached httptools-0.7.1-cp311-cp311-manylinux1_x86_64.manylinux_2_28_x86_64.manylinux_2_5_x86_64.whl (456 kB)
Using cached uvloop-0.22.1-cp311-cp311-manylinux2014_x86_64.manylinux_2_17_x86_64.manylinux_2_28_x86_64.whl (3.8 MB)
Downloading virtualenv-20.35.4-py3-none-any.whl (6.0 MB)
   ━━━━━━━━━━━━━━━━━━━━━━━━━━━━━━━━━━━━━━━━ 6.0/6.0 MB 211.4 MB/s  0:00:00
Using cached distlib-0.4.0-py2.py3-none-any.whl (469 kB)
Using cached filelock-3.20.0-py3-none-any.whl (16 kB)
Using cached watchfiles-1.1.1-cp311-cp311-manylinux_2_17_x86_64.manylinux2014_x86_64.whl (456 kB)
Using cached websockets-15.0.1-cp311-cp311-manylinux_2_5_x86_64.manylinux1_x86_64.manylinux_2_17_x86_64.manylinux2014_x86_64.whl (182 kB)
Using cached yapf-0.43.0-py3-none-any.whl (256 kB)
Using cached argon2_cffi-25.1.0-py3-none-any.whl (14 kB)
Using cached argon2_cffi_bindings-25.1.0-cp39-abi3-manylinux_2_26_x86_64.manylinux_2_28_x86_64.whl (87 kB)
Using cached cffi-2.0.0-cp311-cp311-manylinux2014_x86_64.manylinux_2_17_x86_64.whl (215 kB)
Using cached cryptography-46.0.3-cp311-abi3-manylinux_2_34_x86_64.whl (4.5 MB)
Using cached docker-7.1.0-py3-none-any.whl (147 kB)
Using cached et_xmlfile-2.0.0-py3-none-any.whl (18 kB)
Using cached mako-1.3.10-py3-none-any.whl (78 kB)
Using cached pyasn1-0.6.1-py3-none-any.whl (83 kB)
Using cached pycparser-2.23-py3-none-any.whl (118 kB)
Using cached pycryptodome-3.23.0-cp37-abi3-manylinux_2_17_x86_64.manylinux2014_x86_64.whl (2.3 MB)
Using cached rsa-4.9.1-py3-none-any.whl (34 kB)
Using cached toml-0.10.2-py2.py3-none-any.whl (16 kB)
Using cached typeguard-4.4.4-py3-none-any.whl (34 kB)
Using cached watchdog-6.0.0-py3-none-manylinux2014_x86_64.whl (79 kB)
Using cached wcwidth-0.2.14-py2.py3-none-any.whl (37 kB)
Installing collected packages: pytz, distlib, wrapt, websockets, wcwidth, watchdog, vine, uvloop, urllib3, ujson, tzlocal, tzdata, typing-extensions, tomli_w, tomli, toml, structlog, sniffio, six, shellingham, ruff, rignore, redis, pyyaml, pytokens, python-multipart, python-dotenv, pygments, pycryptodome, pycparser, pyasn1, psycopg2-binary, psycopg-binary, psutil, prometheus-client, port-for, pluggy, platformdirs, pathspec, packaging, orjson, numpy, nr-stream, nr-date, nodeenv, mypy-extensions, mdurl, MarkupSafe, jmespath, itsdangerous, iniconfig, imapclient, idna, identify, httptools, h11, greenlet, filelock, execnet, et-xmlfile, docstring-parser, dnspython, coverage, click, charset_normalizer, cfgv, certifi, billiard, asyncpg, annotated-types, yapf, vulture, virtualenv, uvicorn, typing-inspection, typing_inspect, types-requests, typeguard, typeapi, sqlalchemy, sentry-sdk, rsa, requests, python-dateutil, pytest, pydantic-core, psycopg, prompt-toolkit, openpyxl, mypy, mirakuru, markdown-it-py, Mako, Jinja2, httpcore, email-validator, ecdsa, Deprecated, click-plugins, click-didyoumean, cffi, black, apscheduler, anyio, amqp, watchfiles, starlette, rich, python-jose, pytest-xdist, pytest-timeout, pytest-postgresql, pytest-cov, pytest-asyncio, pydantic, pre-commit, pandas, nr-util, kombu, httpx, docker, databind, cryptography, click-repl, botocore, argon2-cffi-bindings, alembic, typer, testcontainers, s3transfer, rich-toolkit, respx, python-telegram-bot, pydantic-settings, pydantic-extra-types, pandera, fastapi, databind.json, databind.core, celery, authlib, asgi-correlation-id, argon2-cffi, minio, fastapi-limiter, fastapi-cloud-cli, fastapi-cli, docspec, boto3, docspec-python, pydoc-markdown

Successfully installed Deprecated-1.3.0 Jinja2-3.1.6 Mako-1.3.10 MarkupSafe-3.0.3 alembic-1.17.0 amqp-5.3.1 annotated-types-0.7.0 anyio-4.4.0 apscheduler-3.10.4 argon2-cffi-25.1.0 argon2-cffi-bindings-25.1.0 asgi-correlation-id-4.3.1 asyncpg-0.30.0 authlib-1.3.1 billiard-4.2.2 black-25.9.0 boto3-1.40.21 botocore-1.40.61 celery-5.5.3 certifi-2025.10.5 cffi-2.0.0 cfgv-3.4.0 charset_normalizer-3.4.4 click-8.3.0 click-didyoumean-0.3.1 click-plugins-1.1.1.2 click-repl-0.3.0 coverage-7.11.0 cryptography-46.0.3 databind-4.5.2 databind.core-4.5.2 databind.json-4.5.2 distlib-0.4.0 dnspython-2.8.0 docker-7.1.0 docspec-2.2.1 docspec-python-2.2.2 docstring-parser-0.11 ecdsa-0.19.1 email-validator-2.3.0 et-xmlfile-2.0.0 execnet-2.1.1 fastapi-0.116.1 fastapi-cli-0.0.14 fastapi-cloud-cli-0.3.1 fastapi-limiter-0.1.6 filelock-3.20.0 greenlet-3.2.4 h11-0.16.0 httpcore-1.0.9 httptools-0.7.1 httpx-0.27.2 identify-2.6.15 idna-3.11 imapclient-3.0.1 iniconfig-2.3.0 itsdangerous-2.2.0 jmespath-1.0.1 kombu-5.5.4 markdown-it-py-4.0.0 mdurl-0.1.2 minio-7.2.18 mirakuru-2.6.1 mypy-1.18.2 mypy-extensions-1.1.0 nodeenv-1.9.1 nr-date-2.1.0 nr-stream-1.1.5 nr-util-0.8.12 numpy-1.26.4 openpyxl-3.1.5 orjson-3.11.4 packaging-25.0 pandas-2.3.2 pandera-0.26.1 pathspec-0.12.1 platformdirs-4.5.0 pluggy-1.6.0 port-for-1.0.0 pre-commit-3.7.1 prometheus-client-0.20.0 prompt-toolkit-3.0.52 psutil-7.1.2 psycopg-3.2.11 psycopg-binary-3.2.11 psycopg2-binary-2.9.10 pyasn1-0.6.1 pycparser-2.23 pycryptodome-3.23.0 pydantic-2.11.7 pydantic-core-2.33.2 pydantic-extra-types-2.10.6 pydantic-settings-2.2.1 pydoc-markdown-4.8.2 pygments-2.19.2 pytest-8.4.2 pytest-asyncio-1.1.0 pytest-cov-7.0.0 pytest-postgresql-7.0.2 pytest-timeout-2.3.1 pytest-xdist-3.6.1 python-dateutil-2.9.0.post0 python-dotenv-1.1.1 python-jose-3.3.0 python-multipart-0.0.19 python-telegram-bot-22.5 pytokens-0.2.0 pytz-2025.2 pyyaml-6.0.3 redis-6.4.0 requests-2.32.5 respx-0.22.0 rich-14.2.0 rich-toolkit-0.15.1 rignore-0.7.2 rsa-4.9.1 ruff-0.7.0 s3transfer-0.13.1 sentry-sdk-2.20.0 shellingham-1.5.4 six-1.17.0 sniffio-1.3.1 sqlalchemy-2.0.43 starlette-0.47.3 structlog-24.1.0 testcontainers-4.12.0 toml-0.10.2 tomli-2.3.0 tomli_w-1.2.0 typeapi-2.3.0 typeguard-4.4.4 typer-0.20.0 types-requests-2.32.4.20250809 typing-extensions-4.15.0 typing-inspection-0.4.2 typing_inspect-0.9.0 tzdata-2025.2 tzlocal-5.3.1 ujson-5.11.0 urllib3-2.5.0 uvicorn-0.35.0 uvloop-0.22.1 vine-5.1.0 virtualenv-20.35.4 vulture-2.10 watchdog-6.0.0 watchfiles-1.1.1 wcwidth-0.2.14 websockets-15.0.1 wrapt-2.0.0 yapf-0.43.0
Obtaining file:///home/runner/work/AWA-App/AWA-App/packages/awa_common
  Installing build dependencies: started
  Installing build dependencies: finished with status 'done'
  Checking if build backend supports build_editable: started
  Checking if build backend supports build_editable: finished with status 'done'
  Getting requirements to build editable: started
  Getting requirements to build editable: finished with status 'done'
  Installing backend dependencies: started
  Installing backend dependencies: finished with status 'done'
  Preparing editable metadata (pyproject.toml): started
  Preparing editable metadata (pyproject.toml): finished with status 'done'
Building wheels for collected packages: awa-common
  Building editable for awa-common (pyproject.toml): started
  Building editable for awa-common (pyproject.toml): finished with status 'done'
  Created wheel for awa-common: filename=awa_common-0.0.1-py3-none-any.whl size=986 sha256=c6310af8e5007b29b12eb82fcddba88773d429330b959c3ccb5f42a788487a78
  Stored in directory: /tmp/pip-ephem-wheel-cache-bhtfaf10/wheels/58/da/3c/a7efd2bff9f1af19244156fcec46ad0dafb94fdf76dd747f48
Successfully built awa-common
Installing collected packages: awa-common
Successfully installed awa-common-0.0.1
