Requirement already satisfied: pip in /opt/hostedtoolcache/Python/3.11.13/x64/lib/python3.11/site-packages (25.2)
Collecting Jinja2==3.1.6 (from -r requirements-dev.txt (line 2))
  Downloading jinja2-3.1.6-py3-none-any.whl.metadata (2.9 kB)
Collecting alembic==1.17.0 (from -r requirements-dev.txt (line 3))
  Downloading alembic-1.17.0-py3-none-any.whl.metadata (7.2 kB)
Collecting apscheduler==3.10.4 (from -r requirements-dev.txt (line 4))
  Downloading APScheduler-3.10.4-py3-none-any.whl.metadata (5.7 kB)
Collecting asgi-correlation-id==4.3.1 (from -r requirements-dev.txt (line 5))
  Downloading asgi_correlation_id-4.3.1-py3-none-any.whl.metadata (28 kB)
Collecting asyncpg==0.30.0 (from -r requirements-dev.txt (line 6))
  Downloading asyncpg-0.30.0-cp311-cp311-manylinux_2_17_x86_64.manylinux2014_x86_64.whl.metadata (5.0 kB)
Collecting black==25.1.0 (from -r requirements-dev.txt (line 7))
  Downloading black-25.1.0-cp311-cp311-manylinux_2_17_x86_64.manylinux2014_x86_64.manylinux_2_28_x86_64.whl.metadata (81 kB)
Collecting boto3==1.40.21 (from -r requirements-dev.txt (line 8))
  Downloading boto3-1.40.21-py3-none-any.whl.metadata (6.7 kB)
Collecting redis==6.* (from -r requirements-dev.txt (line 9))
  Downloading redis-6.4.0-py3-none-any.whl.metadata (10 kB)
Collecting minio==7.2.16 (from -r requirements-dev.txt (line 10))
  Downloading minio-7.2.16-py3-none-any.whl.metadata (6.5 kB)
Collecting vulture==2.10 (from -r requirements-dev.txt (line 11))
  Downloading vulture-2.10-py2.py3-none-any.whl.metadata (23 kB)
Collecting celery==5.5.3 (from -r requirements-dev.txt (line 12))
  Downloading celery-5.5.3-py3-none-any.whl.metadata (22 kB)
Collecting fastapi==0.116.1 (from -r requirements-dev.txt (line 13))
  Downloading fastapi-0.116.1-py3-none-any.whl.metadata (28 kB)
Collecting fastapi-limiter==0.1.6 (from -r requirements-dev.txt (line 15))
  Downloading fastapi_limiter-0.1.6-py3-none-any.whl.metadata (5.3 kB)
Collecting httpx<0.28,>=0.27 (from -r requirements-dev.txt (line 16))
  Downloading httpx-0.27.2-py3-none-any.whl.metadata (7.1 kB)
Collecting imapclient==3.0.1 (from -r requirements-dev.txt (line 17))
  Downloading IMAPClient-3.0.1-py2.py3-none-any.whl.metadata (1.7 kB)
Collecting itsdangerous (from -r requirements-dev.txt (line 18))
  Downloading itsdangerous-2.2.0-py3-none-any.whl.metadata (1.9 kB)
Collecting mypy==1.* (from -r requirements-dev.txt (line 19))
  Downloading mypy-1.18.2-cp311-cp311-manylinux2014_x86_64.manylinux_2_17_x86_64.manylinux_2_28_x86_64.whl.metadata (2.2 kB)
Collecting mypy-extensions==1.1.0 (from -r requirements-dev.txt (line 20))
  Downloading mypy_extensions-1.1.0-py3-none-any.whl.metadata (1.1 kB)
Collecting numpy<2 (from -r requirements-dev.txt (line 21))
  Downloading numpy-1.26.4-cp311-cp311-manylinux_2_17_x86_64.manylinux2014_x86_64.whl.metadata (61 kB)
Collecting openpyxl==3.1.5 (from -r requirements-dev.txt (line 22))
  Downloading openpyxl-3.1.5-py2.py3-none-any.whl.metadata (2.5 kB)
Collecting pandas==2.3.2 (from -r requirements-dev.txt (line 23))
  Downloading pandas-2.3.2-cp311-cp311-manylinux_2_17_x86_64.manylinux2014_x86_64.whl.metadata (91 kB)
Collecting psycopg2-binary==2.9.10 (from -r requirements-dev.txt (line 24))
  Downloading psycopg2_binary-2.9.10-cp311-cp311-manylinux_2_17_x86_64.manylinux2014_x86_64.whl.metadata (4.9 kB)
Collecting psycopg==3.2.9 (from psycopg[binary]==3.2.9->-r requirements-dev.txt (line 25))
  Downloading psycopg-3.2.9-py3-none-any.whl.metadata (4.5 kB)
Collecting pydantic>=2.6 (from -r requirements-dev.txt (line 26))
  Downloading pydantic-2.11.7-py3-none-any.whl.metadata (67 kB)
Collecting pydantic-settings>=2.1 (from -r requirements-dev.txt (line 27))
  Downloading pydantic_settings-2.2.1-py3-none-any.whl.metadata (3.1 kB)
Requirement already satisfied: setuptools in /opt/hostedtoolcache/Python/3.11.13/x64/lib/python3.11/site-packages (from -r requirements-dev.txt (line 28)) (65.5.0)
Collecting pytest-asyncio==1.1.0 (from -r requirements-dev.txt (line 29))
  Downloading pytest_asyncio-1.1.0-py3-none-any.whl.metadata (4.1 kB)
Collecting pytest-cov==7.0.0 (from -r requirements-dev.txt (line 30))
  Downloading pytest_cov-7.0.0-py3-none-any.whl.metadata (31 kB)
Collecting pytest-postgresql==7.0.2 (from -r requirements-dev.txt (line 31))
  Downloading pytest_postgresql-7.0.2-py3-none-any.whl.metadata (18 kB)
Collecting python-dotenv (from -r requirements-dev.txt (line 32))
  Downloading python_dotenv-1.1.1-py3-none-any.whl.metadata (24 kB)
Collecting python-multipart (from -r requirements-dev.txt (line 33))
  Downloading python_multipart-0.0.19-py3-none-any.whl.metadata (1.8 kB)
Collecting python-telegram-bot==22.3 (from -r requirements-dev.txt (line 34))
  Downloading python_telegram_bot-22.3-py3-none-any.whl.metadata (17 kB)
Collecting requests==2.32.5 (from -r requirements-dev.txt (line 35))
  Downloading requests-2.32.5-py3-none-any.whl.metadata (4.9 kB)
Collecting respx==0.22.0 (from -r requirements-dev.txt (line 36))
  Downloading respx-0.22.0-py2.py3-none-any.whl.metadata (4.1 kB)
Collecting ruff==0.12.11 (from -r requirements-dev.txt (line 37))
  Downloading ruff-0.12.11-py3-none-manylinux_2_17_x86_64.manylinux2014_x86_64.whl.metadata (25 kB)
Collecting sqlalchemy==2.0.43 (from -r requirements-dev.txt (line 38))
  Downloading sqlalchemy-2.0.43-cp311-cp311-manylinux_2_17_x86_64.manylinux2014_x86_64.whl.metadata (9.6 kB)
Collecting structlog==24.1.0 (from -r requirements-dev.txt (line 39))
  Downloading structlog-24.1.0-py3-none-any.whl.metadata (6.9 kB)
Collecting testcontainers==4.12.0 (from testcontainers[postgres]==4.12.0->-r requirements-dev.txt (line 40))
  Downloading testcontainers-4.12.0-py3-none-any.whl.metadata (8.3 kB)
Collecting types-requests==2.32.4.20250809 (from -r requirements-dev.txt (line 41))
  Downloading types_requests-2.32.4.20250809-py3-none-any.whl.metadata (2.0 kB)
Collecting docspec-python==2.2.2 (from -r requirements-dev.txt (line 42))
  Downloading docspec_python-2.2.2-py3-none-any.whl.metadata (1.0 kB)
Collecting pydoc-markdown==4.8.2 (from -r requirements-dev.txt (line 43))
  Downloading pydoc_markdown-4.8.2-py3-none-any.whl.metadata (5.9 kB)
Collecting pandera==0.26.* (from -r requirements-dev.txt (line 44))
  Downloading pandera-0.26.1-py3-none-any.whl.metadata (10 kB)
Collecting MarkupSafe>=2.0 (from Jinja2==3.1.6->-r requirements-dev.txt (line 2))
  Downloading markupsafe-3.0.3-cp311-cp311-manylinux2014_x86_64.manylinux_2_17_x86_64.manylinux_2_28_x86_64.whl.metadata (2.7 kB)
Collecting Mako (from alembic==1.17.0->-r requirements-dev.txt (line 3))
  Downloading mako-1.3.10-py3-none-any.whl.metadata (2.9 kB)
Collecting typing-extensions>=4.12 (from alembic==1.17.0->-r requirements-dev.txt (line 3))
  Downloading typing_extensions-4.15.0-py3-none-any.whl.metadata (3.3 kB)
Collecting six>=1.4.0 (from apscheduler==3.10.4->-r requirements-dev.txt (line 4))
  Downloading six-1.17.0-py2.py3-none-any.whl.metadata (1.7 kB)
Collecting pytz (from apscheduler==3.10.4->-r requirements-dev.txt (line 4))
  Downloading pytz-2025.2-py2.py3-none-any.whl.metadata (22 kB)
Collecting tzlocal!=3.*,>=2.0 (from apscheduler==3.10.4->-r requirements-dev.txt (line 4))
  Downloading tzlocal-5.3.1-py3-none-any.whl.metadata (7.6 kB)
Collecting starlette>=0.18 (from asgi-correlation-id==4.3.1->-r requirements-dev.txt (line 5))
  Downloading starlette-0.48.0-py3-none-any.whl.metadata (6.3 kB)
Collecting click>=8.0.0 (from black==25.1.0->-r requirements-dev.txt (line 7))
  Downloading click-8.3.0-py3-none-any.whl.metadata (2.6 kB)
Collecting packaging>=22.0 (from black==25.1.0->-r requirements-dev.txt (line 7))
  Downloading packaging-25.0-py3-none-any.whl.metadata (3.3 kB)
Collecting pathspec>=0.9.0 (from black==25.1.0->-r requirements-dev.txt (line 7))
  Downloading pathspec-0.12.1-py3-none-any.whl.metadata (21 kB)
Collecting platformdirs>=2 (from black==25.1.0->-r requirements-dev.txt (line 7))
  Downloading platformdirs-4.5.0-py3-none-any.whl.metadata (12 kB)
Collecting botocore<1.41.0,>=1.40.21 (from boto3==1.40.21->-r requirements-dev.txt (line 8))
  Downloading botocore-1.40.57-py3-none-any.whl.metadata (5.7 kB)
Collecting jmespath<2.0.0,>=0.7.1 (from boto3==1.40.21->-r requirements-dev.txt (line 8))
  Downloading jmespath-1.0.1-py3-none-any.whl.metadata (7.6 kB)
Collecting s3transfer<0.14.0,>=0.13.0 (from boto3==1.40.21->-r requirements-dev.txt (line 8))
  Downloading s3transfer-0.13.1-py3-none-any.whl.metadata (1.7 kB)
Collecting argon2-cffi (from minio==7.2.16->-r requirements-dev.txt (line 10))
  Downloading argon2_cffi-25.1.0-py3-none-any.whl.metadata (4.1 kB)
Collecting certifi (from minio==7.2.16->-r requirements-dev.txt (line 10))
  Downloading certifi-2025.10.5-py3-none-any.whl.metadata (2.5 kB)
Collecting pycryptodome (from minio==7.2.16->-r requirements-dev.txt (line 10))
  Downloading pycryptodome-3.23.0-cp37-abi3-manylinux_2_17_x86_64.manylinux2014_x86_64.whl.metadata (3.4 kB)
Collecting urllib3 (from minio==7.2.16->-r requirements-dev.txt (line 10))
  Downloading urllib3-2.5.0-py3-none-any.whl.metadata (6.5 kB)
Collecting toml (from vulture==2.10->-r requirements-dev.txt (line 11))
  Downloading toml-0.10.2-py2.py3-none-any.whl.metadata (7.1 kB)
Collecting billiard<5.0,>=4.2.1 (from celery==5.5.3->-r requirements-dev.txt (line 12))
  Downloading billiard-4.2.2-py3-none-any.whl.metadata (4.8 kB)
Collecting kombu<5.6,>=5.5.2 (from celery==5.5.3->-r requirements-dev.txt (line 12))
  Downloading kombu-5.5.4-py3-none-any.whl.metadata (3.5 kB)
Collecting vine<6.0,>=5.1.0 (from celery==5.5.3->-r requirements-dev.txt (line 12))
  Downloading vine-5.1.0-py3-none-any.whl.metadata (2.7 kB)
Collecting click-didyoumean>=0.3.0 (from celery==5.5.3->-r requirements-dev.txt (line 12))
  Downloading click_didyoumean-0.3.1-py3-none-any.whl.metadata (3.9 kB)
Collecting click-repl>=0.2.0 (from celery==5.5.3->-r requirements-dev.txt (line 12))
  Downloading click_repl-0.3.0-py3-none-any.whl.metadata (3.6 kB)
Collecting click-plugins>=1.1.1 (from celery==5.5.3->-r requirements-dev.txt (line 12))
  Downloading click_plugins-1.1.1.2-py2.py3-none-any.whl.metadata (6.5 kB)
Collecting python-dateutil>=2.8.2 (from celery==5.5.3->-r requirements-dev.txt (line 12))
  Downloading python_dateutil-2.9.0.post0-py2.py3-none-any.whl.metadata (8.4 kB)
Collecting starlette>=0.18 (from asgi-correlation-id==4.3.1->-r requirements-dev.txt (line 5))
  Downloading starlette-0.47.3-py3-none-any.whl.metadata (6.2 kB)
Collecting et-xmlfile (from openpyxl==3.1.5->-r requirements-dev.txt (line 22))
  Downloading et_xmlfile-2.0.0-py3-none-any.whl.metadata (2.7 kB)
Collecting tzdata>=2022.7 (from pandas==2.3.2->-r requirements-dev.txt (line 23))
  Downloading tzdata-2025.2-py2.py3-none-any.whl.metadata (1.4 kB)
Collecting pytest<9,>=8.2 (from pytest-asyncio==1.1.0->-r requirements-dev.txt (line 29))
  Downloading pytest-8.4.2-py3-none-any.whl.metadata (7.7 kB)
Collecting coverage>=7.10.6 (from coverage[toml]>=7.10.6->pytest-cov==7.0.0->-r requirements-dev.txt (line 30))
  Downloading coverage-7.11.0-cp311-cp311-manylinux1_x86_64.manylinux_2_28_x86_64.manylinux_2_5_x86_64.whl.metadata (9.0 kB)
Collecting pluggy>=1.2 (from pytest-cov==7.0.0->-r requirements-dev.txt (line 30))
  Downloading pluggy-1.6.0-py3-none-any.whl.metadata (4.8 kB)
Collecting port-for>=0.7.3 (from pytest-postgresql==7.0.2->-r requirements-dev.txt (line 31))
  Downloading port_for-1.0.0-py3-none-any.whl.metadata (7.2 kB)
Collecting mirakuru>=2.6.0 (from pytest-postgresql==7.0.2->-r requirements-dev.txt (line 31))
  Downloading mirakuru-2.6.1-py3-none-any.whl.metadata (10 kB)
Collecting charset_normalizer<4,>=2 (from requests==2.32.5->-r requirements-dev.txt (line 35))
  Downloading charset_normalizer-3.4.4-cp311-cp311-manylinux2014_x86_64.manylinux_2_17_x86_64.manylinux_2_28_x86_64.whl.metadata (37 kB)
Collecting idna<4,>=2.5 (from requests==2.32.5->-r requirements-dev.txt (line 35))
  Downloading idna-3.11-py3-none-any.whl.metadata (8.4 kB)
Collecting greenlet>=1 (from sqlalchemy==2.0.43->-r requirements-dev.txt (line 38))
  Downloading greenlet-3.2.4-cp311-cp311-manylinux_2_24_x86_64.manylinux_2_28_x86_64.whl.metadata (4.1 kB)
Collecting docker (from testcontainers==4.12.0->testcontainers[postgres]==4.12.0->-r requirements-dev.txt (line 40))
  Downloading docker-7.1.0-py3-none-any.whl.metadata (3.8 kB)
Collecting wrapt (from testcontainers==4.12.0->testcontainers[postgres]==4.12.0->-r requirements-dev.txt (line 40))
  Downloading wrapt-2.0.0-cp311-cp311-manylinux1_x86_64.manylinux_2_28_x86_64.manylinux_2_5_x86_64.whl.metadata (8.8 kB)
Collecting docspec==2.2.1 (from docspec-python==2.2.2->-r requirements-dev.txt (line 42))
  Downloading docspec-2.2.1-py3-none-any.whl.metadata (1.5 kB)
Collecting nr-util>=0.8.12 (from docspec-python==2.2.2->-r requirements-dev.txt (line 42))
  Downloading nr.util-0.8.12-py3-none-any.whl.metadata (813 bytes)
Collecting PyYAML<7.0,>=5.0 (from pydoc-markdown==4.8.2->-r requirements-dev.txt (line 43))
  Downloading pyyaml-6.0.3-cp311-cp311-manylinux2014_x86_64.manylinux_2_17_x86_64.manylinux_2_28_x86_64.whl.metadata (2.4 kB)
Collecting databind.core<5.0.0,>=4.4.0 (from pydoc-markdown==4.8.2->-r requirements-dev.txt (line 43))
  Downloading databind.core-4.5.2-py3-none-any.whl.metadata (1.1 kB)
Collecting databind.json<5.0.0,>=4.4.0 (from pydoc-markdown==4.8.2->-r requirements-dev.txt (line 43))
  Downloading databind.json-4.5.2-py3-none-any.whl.metadata (1.1 kB)
Collecting docstring-parser<0.12,>=0.11 (from pydoc-markdown==4.8.2->-r requirements-dev.txt (line 43))
  Downloading docstring_parser-0.11.tar.gz (22 kB)
  Installing build dependencies: started
  Installing build dependencies: finished with status 'done'
  Getting requirements to build wheel: started
  Getting requirements to build wheel: finished with status 'done'
  Preparing metadata (pyproject.toml): started
  Preparing metadata (pyproject.toml): finished with status 'done'
Collecting tomli<3.0.0,>=2.0.0 (from pydoc-markdown==4.8.2->-r requirements-dev.txt (line 43))
  Downloading tomli-2.3.0-cp311-cp311-manylinux2014_x86_64.manylinux_2_17_x86_64.manylinux_2_28_x86_64.whl.metadata (10 kB)
Collecting tomli_w<2.0.0,>=1.0.0 (from pydoc-markdown==4.8.2->-r requirements-dev.txt (line 43))
  Downloading tomli_w-1.2.0-py3-none-any.whl.metadata (5.7 kB)
Collecting watchdog (from pydoc-markdown==4.8.2->-r requirements-dev.txt (line 43))
  Downloading watchdog-6.0.0-py3-none-manylinux2014_x86_64.whl.metadata (44 kB)
Collecting yapf>=0.30.0 (from pydoc-markdown==4.8.2->-r requirements-dev.txt (line 43))
  Downloading yapf-0.43.0-py3-none-any.whl.metadata (46 kB)
Collecting Deprecated<2.0.0,>=1.2.12 (from docspec==2.2.1->docspec-python==2.2.2->-r requirements-dev.txt (line 42))
  Downloading Deprecated-1.2.18-py2.py3-none-any.whl.metadata (5.7 kB)
Collecting fastapi-cli>=0.0.8 (from fastapi-cli[standard]>=0.0.8; extra == "all"->fastapi[all]==0.116.1->-r requirements-dev.txt (line 14))
  Downloading fastapi_cli-0.0.14-py3-none-any.whl.metadata (6.4 kB)
Collecting ujson!=4.0.2,!=4.1.0,!=4.2.0,!=4.3.0,!=5.0.0,!=5.1.0,>=4.0.1 (from fastapi[all]==0.116.1->-r requirements-dev.txt (line 14))
  Downloading ujson-5.11.0-cp311-cp311-manylinux_2_24_x86_64.manylinux_2_28_x86_64.whl.metadata (9.4 kB)
Collecting orjson>=3.2.1 (from fastapi[all]==0.116.1->-r requirements-dev.txt (line 14))
  Downloading orjson-3.11.3-cp311-cp311-manylinux_2_17_x86_64.manylinux2014_x86_64.whl.metadata (41 kB)
Collecting email-validator>=2.0.0 (from fastapi[all]==0.116.1->-r requirements-dev.txt (line 14))
  Downloading email_validator-2.3.0-py3-none-any.whl.metadata (26 kB)
Collecting uvicorn>=0.12.0 (from uvicorn[standard]>=0.12.0; extra == "all"->fastapi[all]==0.116.1->-r requirements-dev.txt (line 14))
  Downloading uvicorn-0.35.0-py3-none-any.whl.metadata (6.5 kB)
Collecting pydantic-extra-types>=2.0.0 (from fastapi[all]==0.116.1->-r requirements-dev.txt (line 14))
  Downloading pydantic_extra_types-2.10.6-py3-none-any.whl.metadata (4.0 kB)
Collecting psycopg-binary==3.2.9 (from psycopg[binary]==3.2.9->-r requirements-dev.txt (line 25))
  Downloading psycopg_binary-3.2.9-cp311-cp311-manylinux_2_17_x86_64.manylinux2014_x86_64.whl.metadata (2.9 kB)
Collecting anyio (from httpx<0.28,>=0.27->-r requirements-dev.txt (line 16))
  Downloading anyio-4.4.0-py3-none-any.whl.metadata (4.6 kB)
Collecting httpcore==1.* (from httpx<0.28,>=0.27->-r requirements-dev.txt (line 16))
  Downloading httpcore-1.0.5-py3-none-any.whl.metadata (20 kB)
Collecting sniffio (from httpx<0.28,>=0.27->-r requirements-dev.txt (line 16))
  Downloading sniffio-1.3.1-py3-none-any.whl.metadata (3.9 kB)
Collecting annotated-types>=0.6.0 (from pydantic>=2.6->-r requirements-dev.txt (line 26))
  Downloading annotated_types-0.7.0-py3-none-any.whl.metadata (15 kB)
Collecting pydantic-core==2.33.2 (from pydantic>=2.6->-r requirements-dev.txt (line 26))
  Downloading pydantic_core-2.33.2-cp311-cp311-manylinux_2_17_x86_64.manylinux2014_x86_64.whl.metadata (6.8 kB)
Collecting typing-inspection>=0.4.0 (from pydantic>=2.6->-r requirements-dev.txt (line 26))
  Downloading typing_inspection-0.4.2-py3-none-any.whl.metadata (2.6 kB)
Collecting typeguard (from pandera==0.26.*->-r requirements-dev.txt (line 44))
  Downloading typeguard-4.4.4-py3-none-any.whl.metadata (3.3 kB)
Collecting typing_inspect>=0.6.0 (from pandera==0.26.*->-r requirements-dev.txt (line 44))
  Downloading typing_inspect-0.9.0-py3-none-any.whl.metadata (1.5 kB)
Collecting databind<5.0.0,>=4.5.2 (from databind.core<5.0.0,>=4.4.0->pydoc-markdown==4.8.2->-r requirements-dev.txt (line 43))
  Downloading databind-4.5.2-py3-none-any.whl.metadata (4.3 kB)
Collecting nr-date<3.0.0,>=2.0.0 (from databind<5.0.0,>=4.5.2->databind.core<5.0.0,>=4.4.0->pydoc-markdown==4.8.2->-r requirements-dev.txt (line 43))
  Downloading nr_date-2.1.0-py3-none-any.whl.metadata (746 bytes)
Collecting nr-stream<2.0.0,>=1.0.0 (from databind<5.0.0,>=4.5.2->databind.core<5.0.0,>=4.4.0->pydoc-markdown==4.8.2->-r requirements-dev.txt (line 43))
  Downloading nr_stream-1.1.5-py3-none-any.whl.metadata (3.6 kB)
Collecting typeapi<3,>=2.0.1 (from databind<5.0.0,>=4.5.2->databind.core<5.0.0,>=4.4.0->pydoc-markdown==4.8.2->-r requirements-dev.txt (line 43))
  Downloading typeapi-2.2.4-py3-none-any.whl.metadata (1.5 kB)
Collecting wrapt (from testcontainers==4.12.0->testcontainers[postgres]==4.12.0->-r requirements-dev.txt (line 40))
  Downloading wrapt-1.17.3-cp311-cp311-manylinux1_x86_64.manylinux_2_28_x86_64.manylinux_2_5_x86_64.whl.metadata (6.4 kB)
Collecting h11<0.15,>=0.13 (from httpcore==1.*->httpx<0.28,>=0.27->-r requirements-dev.txt (line 16))
  Downloading h11-0.14.0-py3-none-any.whl.metadata (8.2 kB)
Collecting amqp<6.0.0,>=5.1.1 (from kombu<5.6,>=5.5.2->celery==5.5.3->-r requirements-dev.txt (line 12))
  Downloading amqp-5.3.1-py3-none-any.whl.metadata (8.9 kB)
Collecting iniconfig>=1 (from pytest<9,>=8.2->pytest-asyncio==1.1.0->-r requirements-dev.txt (line 29))
  Downloading iniconfig-2.3.0-py3-none-any.whl.metadata (2.5 kB)
Collecting pygments>=2.7.2 (from pytest<9,>=8.2->pytest-asyncio==1.1.0->-r requirements-dev.txt (line 29))
  Downloading pygments-2.19.2-py3-none-any.whl.metadata (2.5 kB)
Collecting prompt-toolkit>=3.0.36 (from click-repl>=0.2.0->celery==5.5.3->-r requirements-dev.txt (line 12))
  Downloading prompt_toolkit-3.0.52-py3-none-any.whl.metadata (6.4 kB)
Collecting dnspython>=2.0.0 (from email-validator>=2.0.0->fastapi[all]==0.116.1->-r requirements-dev.txt (line 14))
  Downloading dnspython-2.8.0-py3-none-any.whl.metadata (5.7 kB)
Collecting typer>=0.15.1 (from fastapi-cli>=0.0.8->fastapi-cli[standard]>=0.0.8; extra == "all"->fastapi[all]==0.116.1->-r requirements-dev.txt (line 14))
  Downloading typer-0.20.0-py3-none-any.whl.metadata (16 kB)
Collecting rich-toolkit>=0.14.8 (from fastapi-cli>=0.0.8->fastapi-cli[standard]>=0.0.8; extra == "all"->fastapi[all]==0.116.1->-r requirements-dev.txt (line 14))
  Downloading rich_toolkit-0.15.1-py3-none-any.whl.metadata (1.0 kB)
Collecting fastapi-cloud-cli>=0.1.1 (from fastapi-cli[standard]>=0.0.8; extra == "all"->fastapi[all]==0.116.1->-r requirements-dev.txt (line 14))
  Downloading fastapi_cloud_cli-0.3.1-py3-none-any.whl.metadata (3.2 kB)
Collecting rignore>=0.5.1 (from fastapi-cloud-cli>=0.1.1->fastapi-cli[standard]>=0.0.8; extra == "all"->fastapi[all]==0.116.1->-r requirements-dev.txt (line 14))
  Downloading rignore-0.7.1-cp311-cp311-manylinux_2_17_x86_64.manylinux2014_x86_64.whl.metadata (4.2 kB)
Collecting sentry-sdk>=2.20.0 (from fastapi-cloud-cli>=0.1.1->fastapi-cli[standard]>=0.0.8; extra == "all"->fastapi[all]==0.116.1->-r requirements-dev.txt (line 14))
  Downloading sentry_sdk-2.20.0-py2.py3-none-any.whl.metadata (10 kB)
Collecting psutil>=4.0.0 (from mirakuru>=2.6.0->pytest-postgresql==7.0.2->-r requirements-dev.txt (line 31))
  Downloading psutil-7.1.1-cp36-abi3-manylinux_2_12_x86_64.manylinux2010_x86_64.manylinux_2_17_x86_64.manylinux2014_x86_64.whl.metadata (23 kB)
Collecting wcwidth (from prompt-toolkit>=3.0.36->click-repl>=0.2.0->celery==5.5.3->-r requirements-dev.txt (line 12))
  Downloading wcwidth-0.2.14-py2.py3-none-any.whl.metadata (15 kB)
Collecting rich>=13.7.1 (from rich-toolkit>=0.14.8->fastapi-cli>=0.0.8->fastapi-cli[standard]>=0.0.8; extra == "all"->fastapi[all]==0.116.1->-r requirements-dev.txt (line 14))
  Downloading rich-14.2.0-py3-none-any.whl.metadata (18 kB)
Collecting markdown-it-py>=2.2.0 (from rich>=13.7.1->rich-toolkit>=0.14.8->fastapi-cli>=0.0.8->fastapi-cli[standard]>=0.0.8; extra == "all"->fastapi[all]==0.116.1->-r requirements-dev.txt (line 14))
  Downloading markdown_it_py-4.0.0-py3-none-any.whl.metadata (7.3 kB)
Collecting mdurl~=0.1 (from markdown-it-py>=2.2.0->rich>=13.7.1->rich-toolkit>=0.14.8->fastapi-cli>=0.0.8->fastapi-cli[standard]>=0.0.8; extra == "all"->fastapi[all]==0.116.1->-r requirements-dev.txt (line 14))
  Downloading mdurl-0.1.2-py3-none-any.whl.metadata (1.6 kB)
Collecting shellingham>=1.3.0 (from typer>=0.15.1->fastapi-cli>=0.0.8->fastapi-cli[standard]>=0.0.8; extra == "all"->fastapi[all]==0.116.1->-r requirements-dev.txt (line 14))
  Downloading shellingham-1.5.4-py2.py3-none-any.whl.metadata (3.5 kB)
Collecting httptools>=0.6.3 (from uvicorn[standard]>=0.12.0; extra == "all"->fastapi[all]==0.116.1->-r requirements-dev.txt (line 14))
  Downloading httptools-0.7.1-cp311-cp311-manylinux1_x86_64.manylinux_2_28_x86_64.manylinux_2_5_x86_64.whl.metadata (3.5 kB)
Collecting uvloop>=0.15.1 (from uvicorn[standard]>=0.12.0; extra == "all"->fastapi[all]==0.116.1->-r requirements-dev.txt (line 14))
  Downloading uvloop-0.22.1-cp311-cp311-manylinux2014_x86_64.manylinux_2_17_x86_64.manylinux_2_28_x86_64.whl.metadata (4.9 kB)
Collecting watchfiles>=0.13 (from uvicorn[standard]>=0.12.0; extra == "all"->fastapi[all]==0.116.1->-r requirements-dev.txt (line 14))
  Downloading watchfiles-1.1.1-cp311-cp311-manylinux_2_17_x86_64.manylinux2014_x86_64.whl.metadata (4.9 kB)
Collecting websockets>=10.4 (from uvicorn[standard]>=0.12.0; extra == "all"->fastapi[all]==0.116.1->-r requirements-dev.txt (line 14))
  Downloading websockets-15.0.1-cp311-cp311-manylinux_2_5_x86_64.manylinux1_x86_64.manylinux_2_17_x86_64.manylinux2014_x86_64.whl.metadata (6.8 kB)
Collecting argon2-cffi-bindings (from argon2-cffi->minio==7.2.16->-r requirements-dev.txt (line 10))
  Downloading argon2_cffi_bindings-25.1.0-cp39-abi3-manylinux_2_26_x86_64.manylinux_2_28_x86_64.whl.metadata (7.4 kB)
Collecting cffi>=1.0.1 (from argon2-cffi-bindings->argon2-cffi->minio==7.2.16->-r requirements-dev.txt (line 10))
  Downloading cffi-2.0.0-cp311-cp311-manylinux2014_x86_64.manylinux_2_17_x86_64.whl.metadata (2.6 kB)
Collecting pycparser (from cffi>=1.0.1->argon2-cffi-bindings->argon2-cffi->minio==7.2.16->-r requirements-dev.txt (line 10))
  Downloading pycparser-2.23-py3-none-any.whl.metadata (993 bytes)
Downloading jinja2-3.1.6-py3-none-any.whl (134 kB)
Downloading alembic-1.17.0-py3-none-any.whl (247 kB)
Downloading APScheduler-3.10.4-py3-none-any.whl (59 kB)
Downloading asgi_correlation_id-4.3.1-py3-none-any.whl (15 kB)
Downloading asyncpg-0.30.0-cp311-cp311-manylinux_2_17_x86_64.manylinux2014_x86_64.whl (3.1 MB)
   ━━━━━━━━━━━━━━━━━━━━━━━━━━━━━━━━━━━━━━━━ 3.1/3.1 MB 174.0 MB/s  0:00:00
Downloading black-25.1.0-cp311-cp311-manylinux_2_17_x86_64.manylinux2014_x86_64.manylinux_2_28_x86_64.whl (1.7 MB)
   ━━━━━━━━━━━━━━━━━━━━━━━━━━━━━━━━━━━━━━━━ 1.7/1.7 MB 145.3 MB/s  0:00:00
Downloading boto3-1.40.21-py3-none-any.whl (139 kB)
Downloading minio-7.2.16-py3-none-any.whl (95 kB)
Downloading vulture-2.10-py2.py3-none-any.whl (27 kB)
Downloading celery-5.5.3-py3-none-any.whl (438 kB)
Downloading fastapi-0.116.1-py3-none-any.whl (95 kB)
Downloading fastapi_limiter-0.1.6-py3-none-any.whl (15 kB)
Downloading IMAPClient-3.0.1-py2.py3-none-any.whl (182 kB)
Downloading mypy_extensions-1.1.0-py3-none-any.whl (5.0 kB)
Downloading openpyxl-3.1.5-py2.py3-none-any.whl (250 kB)
Downloading pandas-2.3.2-cp311-cp311-manylinux_2_17_x86_64.manylinux2014_x86_64.whl (12.4 MB)
   ━━━━━━━━━━━━━━━━━━━━━━━━━━━━━━━━━━━━━━━━ 12.4/12.4 MB 136.3 MB/s  0:00:00
Downloading psycopg2_binary-2.9.10-cp311-cp311-manylinux_2_17_x86_64.manylinux2014_x86_64.whl (3.0 MB)
   ━━━━━━━━━━━━━━━━━━━━━━━━━━━━━━━━━━━━━━━━ 3.0/3.0 MB 62.8 MB/s  0:00:00
Downloading psycopg-3.2.9-py3-none-any.whl (202 kB)
Downloading pytest_asyncio-1.1.0-py3-none-any.whl (15 kB)
Downloading pytest_cov-7.0.0-py3-none-any.whl (22 kB)
Downloading pytest_postgresql-7.0.2-py3-none-any.whl (41 kB)
Downloading python_telegram_bot-22.3-py3-none-any.whl (717 kB)
   ━━━━━━━━━━━━━━━━━━━━━━━━━━━━━━━━━━━━━━━━ 717.1/717.1 kB 126.3 MB/s  0:00:00
Downloading requests-2.32.5-py3-none-any.whl (64 kB)
Downloading respx-0.22.0-py2.py3-none-any.whl (25 kB)
Downloading ruff-0.12.11-py3-none-manylinux_2_17_x86_64.manylinux2014_x86_64.whl (13.2 MB)
   ━━━━━━━━━━━━━━━━━━━━━━━━━━━━━━━━━━━━━━━━ 13.2/13.2 MB 258.7 MB/s  0:00:00
Downloading sqlalchemy-2.0.43-cp311-cp311-manylinux_2_17_x86_64.manylinux2014_x86_64.whl (3.3 MB)
   ━━━━━━━━━━━━━━━━━━━━━━━━━━━━━━━━━━━━━━━━ 3.3/3.3 MB 147.9 MB/s  0:00:00
Downloading structlog-24.1.0-py3-none-any.whl (65 kB)
Downloading testcontainers-4.12.0-py3-none-any.whl (111 kB)
Downloading types_requests-2.32.4.20250809-py3-none-any.whl (20 kB)
Downloading docspec_python-2.2.2-py3-none-any.whl (15 kB)
Downloading pydoc_markdown-4.8.2-py3-none-any.whl (67 kB)
Downloading docspec-2.2.1-py3-none-any.whl (9.8 kB)
Downloading psycopg_binary-3.2.9-cp311-cp311-manylinux_2_17_x86_64.manylinux2014_x86_64.whl (4.5 MB)
   ━━━━━━━━━━━━━━━━━━━━━━━━━━━━━━━━━━━━━━━━ 4.5/4.5 MB 155.0 MB/s  0:00:00
Downloading redis-6.4.0-py3-none-any.whl (279 kB)
Downloading httpx-0.27.2-py3-none-any.whl (76 kB)
Downloading mypy-1.18.2-cp311-cp311-manylinux2014_x86_64.manylinux_2_17_x86_64.manylinux_2_28_x86_64.whl (13.2 MB)
   ━━━━━━━━━━━━━━━━━━━━━━━━━━━━━━━━━━━━━━━━ 13.2/13.2 MB 224.4 MB/s  0:00:00
Downloading numpy-1.26.4-cp311-cp311-manylinux_2_17_x86_64.manylinux2014_x86_64.whl (18.3 MB)
   ━━━━━━━━━━━━━━━━━━━━━━━━━━━━━━━━━━━━━━━━ 18.3/18.3 MB 260.3 MB/s  0:00:00
Downloading pydantic-2.11.7-py3-none-any.whl (444 kB)
Downloading pydantic_core-2.33.2-cp311-cp311-manylinux_2_17_x86_64.manylinux2014_x86_64.whl (2.0 MB)
   ━━━━━━━━━━━━━━━━━━━━━━━━━━━━━━━━━━━━━━━━ 2.0/2.0 MB 191.6 MB/s  0:00:00
Downloading pandera-0.26.1-py3-none-any.whl (292 kB)
Downloading billiard-4.2.2-py3-none-any.whl (86 kB)
Downloading botocore-1.40.57-py3-none-any.whl (14.1 MB)
   ━━━━━━━━━━━━━━━━━━━━━━━━━━━━━━━━━━━━━━━━ 14.1/14.1 MB 236.9 MB/s  0:00:00
Downloading charset_normalizer-3.4.4-cp311-cp311-manylinux2014_x86_64.manylinux_2_17_x86_64.manylinux_2_28_x86_64.whl (151 kB)
Downloading click-8.3.0-py3-none-any.whl (107 kB)
Downloading databind.core-4.5.2-py3-none-any.whl (1.5 kB)
Downloading databind-4.5.2-py3-none-any.whl (49 kB)
Downloading databind.json-4.5.2-py3-none-any.whl (1.5 kB)
Downloading Deprecated-1.2.18-py2.py3-none-any.whl (10.0 kB)
Downloading httpcore-1.0.5-py3-none-any.whl (77 kB)
Downloading h11-0.14.0-py3-none-any.whl (58 kB)
Downloading idna-3.11-py3-none-any.whl (71 kB)
Downloading jmespath-1.0.1-py3-none-any.whl (20 kB)
Downloading kombu-5.5.4-py3-none-any.whl (210 kB)
Downloading vine-5.1.0-py3-none-any.whl (9.6 kB)
Downloading amqp-5.3.1-py3-none-any.whl (50 kB)
Downloading nr_date-2.1.0-py3-none-any.whl (10 kB)
Downloading nr_stream-1.1.5-py3-none-any.whl (10 kB)
Downloading nr.util-0.8.12-py3-none-any.whl (90 kB)
Downloading pytest-8.4.2-py3-none-any.whl (365 kB)
Downloading pluggy-1.6.0-py3-none-any.whl (20 kB)
Downloading python_dateutil-2.9.0.post0-py2.py3-none-any.whl (229 kB)
Downloading pyyaml-6.0.3-cp311-cp311-manylinux2014_x86_64.manylinux_2_17_x86_64.manylinux_2_28_x86_64.whl (806 kB)
   ━━━━━━━━━━━━━━━━━━━━━━━━━━━━━━━━━━━━━━━━ 806.6/806.6 kB 115.5 MB/s  0:00:00
Downloading s3transfer-0.13.1-py3-none-any.whl (85 kB)
Downloading starlette-0.47.3-py3-none-any.whl (72 kB)
Downloading anyio-4.4.0-py3-none-any.whl (86 kB)
Downloading tomli-2.3.0-cp311-cp311-manylinux2014_x86_64.manylinux_2_17_x86_64.manylinux_2_28_x86_64.whl (242 kB)
Downloading tomli_w-1.2.0-py3-none-any.whl (6.7 kB)
Downloading typeapi-2.2.4-py3-none-any.whl (26 kB)
Downloading typing_extensions-4.15.0-py3-none-any.whl (44 kB)
Downloading urllib3-2.5.0-py3-none-any.whl (129 kB)
Downloading wrapt-1.17.3-cp311-cp311-manylinux1_x86_64.manylinux_2_28_x86_64.manylinux_2_5_x86_64.whl (82 kB)
Downloading itsdangerous-2.2.0-py3-none-any.whl (16 kB)
Downloading pydantic_settings-2.2.1-py3-none-any.whl (13 kB)
Downloading python_dotenv-1.1.1-py3-none-any.whl (20 kB)
Downloading python_multipart-0.0.19-py3-none-any.whl (24 kB)
Downloading annotated_types-0.7.0-py3-none-any.whl (13 kB)
Downloading certifi-2025.10.5-py3-none-any.whl (163 kB)
Downloading click_didyoumean-0.3.1-py3-none-any.whl (3.6 kB)
Downloading click_plugins-1.1.1.2-py2.py3-none-any.whl (11 kB)
Downloading click_repl-0.3.0-py3-none-any.whl (10 kB)
Downloading coverage-7.11.0-cp311-cp311-manylinux1_x86_64.manylinux_2_28_x86_64.manylinux_2_5_x86_64.whl (248 kB)
Downloading email_validator-2.3.0-py3-none-any.whl (35 kB)
Downloading dnspython-2.8.0-py3-none-any.whl (331 kB)
Downloading fastapi_cli-0.0.14-py3-none-any.whl (11 kB)
Downloading fastapi_cloud_cli-0.3.1-py3-none-any.whl (19 kB)
Downloading greenlet-3.2.4-cp311-cp311-manylinux_2_24_x86_64.manylinux_2_28_x86_64.whl (587 kB)
   ━━━━━━━━━━━━━━━━━━━━━━━━━━━━━━━━━━━━━━━━ 587.7/587.7 kB 73.3 MB/s  0:00:00
Downloading iniconfig-2.3.0-py3-none-any.whl (7.5 kB)
Downloading markupsafe-3.0.3-cp311-cp311-manylinux2014_x86_64.manylinux_2_17_x86_64.manylinux_2_28_x86_64.whl (22 kB)
Downloading mirakuru-2.6.1-py3-none-any.whl (26 kB)
Downloading orjson-3.11.3-cp311-cp311-manylinux_2_17_x86_64.manylinux2014_x86_64.whl (132 kB)
Downloading packaging-25.0-py3-none-any.whl (66 kB)
Downloading pathspec-0.12.1-py3-none-any.whl (31 kB)
Downloading platformdirs-4.5.0-py3-none-any.whl (18 kB)
Downloading port_for-1.0.0-py3-none-any.whl (17 kB)
Downloading prompt_toolkit-3.0.52-py3-none-any.whl (391 kB)
Downloading psutil-7.1.1-cp36-abi3-manylinux_2_12_x86_64.manylinux2010_x86_64.manylinux_2_17_x86_64.manylinux2014_x86_64.whl (290 kB)
Downloading pydantic_extra_types-2.10.6-py3-none-any.whl (40 kB)
Downloading pygments-2.19.2-py3-none-any.whl (1.2 MB)
   ━━━━━━━━━━━━━━━━━━━━━━━━━━━━━━━━━━━━━━━━ 1.2/1.2 MB 139.0 MB/s  0:00:00
Downloading pytz-2025.2-py2.py3-none-any.whl (509 kB)
Downloading rich_toolkit-0.15.1-py3-none-any.whl (29 kB)
Downloading rich-14.2.0-py3-none-any.whl (243 kB)
Downloading markdown_it_py-4.0.0-py3-none-any.whl (87 kB)
Downloading mdurl-0.1.2-py3-none-any.whl (10.0 kB)
Downloading rignore-0.7.1-cp311-cp311-manylinux_2_17_x86_64.manylinux2014_x86_64.whl (952 kB)
   ━━━━━━━━━━━━━━━━━━━━━━━━━━━━━━━━━━━━━━━━ 952.3/952.3 kB 110.2 MB/s  0:00:00
Downloading sentry_sdk-2.20.0-py2.py3-none-any.whl (322 kB)
Downloading six-1.17.0-py2.py3-none-any.whl (11 kB)
Downloading sniffio-1.3.1-py3-none-any.whl (10 kB)
Downloading typer-0.20.0-py3-none-any.whl (47 kB)
Downloading shellingham-1.5.4-py2.py3-none-any.whl (9.8 kB)
Downloading typing_inspect-0.9.0-py3-none-any.whl (8.8 kB)
Downloading typing_inspection-0.4.2-py3-none-any.whl (14 kB)
Downloading tzdata-2025.2-py2.py3-none-any.whl (347 kB)
Downloading tzlocal-5.3.1-py3-none-any.whl (18 kB)
Downloading ujson-5.11.0-cp311-cp311-manylinux_2_24_x86_64.manylinux_2_28_x86_64.whl (57 kB)
Downloading uvicorn-0.35.0-py3-none-any.whl (66 kB)
Downloading httptools-0.7.1-cp311-cp311-manylinux1_x86_64.manylinux_2_28_x86_64.manylinux_2_5_x86_64.whl (456 kB)
Downloading uvloop-0.22.1-cp311-cp311-manylinux2014_x86_64.manylinux_2_17_x86_64.manylinux_2_28_x86_64.whl (3.8 MB)
   ━━━━━━━━━━━━━━━━━━━━━━━━━━━━━━━━━━━━━━━━ 3.8/3.8 MB 201.8 MB/s  0:00:00
Downloading watchfiles-1.1.1-cp311-cp311-manylinux_2_17_x86_64.manylinux2014_x86_64.whl (456 kB)
Downloading websockets-15.0.1-cp311-cp311-manylinux_2_5_x86_64.manylinux1_x86_64.manylinux_2_17_x86_64.manylinux2014_x86_64.whl (182 kB)
Downloading yapf-0.43.0-py3-none-any.whl (256 kB)
Downloading argon2_cffi-25.1.0-py3-none-any.whl (14 kB)
Downloading argon2_cffi_bindings-25.1.0-cp39-abi3-manylinux_2_26_x86_64.manylinux_2_28_x86_64.whl (87 kB)
Downloading cffi-2.0.0-cp311-cp311-manylinux2014_x86_64.manylinux_2_17_x86_64.whl (215 kB)
Downloading docker-7.1.0-py3-none-any.whl (147 kB)
Downloading et_xmlfile-2.0.0-py3-none-any.whl (18 kB)
Downloading mako-1.3.10-py3-none-any.whl (78 kB)
Downloading pycparser-2.23-py3-none-any.whl (118 kB)
Downloading pycryptodome-3.23.0-cp37-abi3-manylinux_2_17_x86_64.manylinux2014_x86_64.whl (2.3 MB)
   ━━━━━━━━━━━━━━━━━━━━━━━━━━━━━━━━━━━━━━━━ 2.3/2.3 MB 171.6 MB/s  0:00:00
Downloading toml-0.10.2-py2.py3-none-any.whl (16 kB)
Downloading typeguard-4.4.4-py3-none-any.whl (34 kB)
Downloading watchdog-6.0.0-py3-none-manylinux2014_x86_64.whl (79 kB)
Downloading wcwidth-0.2.14-py2.py3-none-any.whl (37 kB)
Building wheels for collected packages: docstring-parser
  Building wheel for docstring-parser (pyproject.toml): started
  Building wheel for docstring-parser (pyproject.toml): finished with status 'done'
  Created wheel for docstring-parser: filename=docstring_parser-0.11-py3-none-any.whl size=31551 sha256=fb8c4165a50c20f81050d078612c417d534af6bcf2888df305bb2f64f4f1a8f8
  Stored in directory: /home/runner/.cache/pip/wheels/0f/f9/78/1186f8bf3425dbd3fb3fa32beee828876c792f49eb2554e888
Successfully built docstring-parser
Installing collected packages: pytz, wrapt, websockets, wcwidth, watchdog, vine, uvloop, urllib3, ujson, tzlocal, tzdata, typing-extensions, tomli_w, tomli, toml, structlog, sniffio, six, shellingham, ruff, rignore, redis, PyYAML, python-multipart, python-dotenv, pygments, pycryptodome, pycparser, psycopg2-binary, psycopg-binary, psutil, port-for, pluggy, platformdirs, pathspec, packaging, orjson, numpy, nr-stream, nr-date, mypy-extensions, mdurl, MarkupSafe, jmespath, itsdangerous, iniconfig, imapclient, idna, httptools, h11, greenlet, et-xmlfile, docstring-parser, dnspython, coverage, click, charset_normalizer, certifi, billiard, asyncpg, annotated-types, yapf, vulture, uvicorn, typing-inspection, typing_inspect, types-requests, typeguard, typeapi, sqlalchemy, sentry-sdk, requests, python-dateutil, pytest, pydantic-core, psycopg, prompt-toolkit, openpyxl, mypy, mirakuru, markdown-it-py, Mako, Jinja2, httpcore, email-validator, Deprecated, click-plugins, click-didyoumean, cffi, black, apscheduler, anyio, amqp, watchfiles, starlette, rich, pytest-postgresql, pytest-cov, pytest-asyncio, pydantic, pandas, nr-util, kombu, httpx, docker, databind, click-repl, botocore, argon2-cffi-bindings, alembic, typer, testcontainers, s3transfer, rich-toolkit, respx, python-telegram-bot, pydantic-settings, pydantic-extra-types, pandera, fastapi, databind.json, databind.core, celery, asgi-correlation-id, argon2-cffi, minio, fastapi-limiter, fastapi-cloud-cli, fastapi-cli, docspec, boto3, docspec-python, pydoc-markdown

Successfully installed Deprecated-1.2.18 Jinja2-3.1.6 Mako-1.3.10 MarkupSafe-3.0.3 PyYAML-6.0.3 alembic-1.17.0 amqp-5.3.1 annotated-types-0.7.0 anyio-4.4.0 apscheduler-3.10.4 argon2-cffi-25.1.0 argon2-cffi-bindings-25.1.0 asgi-correlation-id-4.3.1 asyncpg-0.30.0 billiard-4.2.2 black-25.1.0 boto3-1.40.21 botocore-1.40.57 celery-5.5.3 certifi-2025.10.5 cffi-2.0.0 charset_normalizer-3.4.4 click-8.3.0 click-didyoumean-0.3.1 click-plugins-1.1.1.2 click-repl-0.3.0 coverage-7.11.0 databind-4.5.2 databind.core-4.5.2 databind.json-4.5.2 dnspython-2.8.0 docker-7.1.0 docspec-2.2.1 docspec-python-2.2.2 docstring-parser-0.11 email-validator-2.3.0 et-xmlfile-2.0.0 fastapi-0.116.1 fastapi-cli-0.0.14 fastapi-cloud-cli-0.3.1 fastapi-limiter-0.1.6 greenlet-3.2.4 h11-0.14.0 httpcore-1.0.5 httptools-0.7.1 httpx-0.27.2 idna-3.11 imapclient-3.0.1 iniconfig-2.3.0 itsdangerous-2.2.0 jmespath-1.0.1 kombu-5.5.4 markdown-it-py-4.0.0 mdurl-0.1.2 minio-7.2.16 mirakuru-2.6.1 mypy-1.18.2 mypy-extensions-1.1.0 nr-date-2.1.0 nr-stream-1.1.5 nr-util-0.8.12 numpy-1.26.4 openpyxl-3.1.5 orjson-3.11.3 packaging-25.0 pandas-2.3.2 pandera-0.26.1 pathspec-0.12.1 platformdirs-4.5.0 pluggy-1.6.0 port-for-1.0.0 prompt-toolkit-3.0.52 psutil-7.1.1 psycopg-3.2.9 psycopg-binary-3.2.9 psycopg2-binary-2.9.10 pycparser-2.23 pycryptodome-3.23.0 pydantic-2.11.7 pydantic-core-2.33.2 pydantic-extra-types-2.10.6 pydantic-settings-2.2.1 pydoc-markdown-4.8.2 pygments-2.19.2 pytest-8.4.2 pytest-asyncio-1.1.0 pytest-cov-7.0.0 pytest-postgresql-7.0.2 python-dateutil-2.9.0.post0 python-dotenv-1.1.1 python-multipart-0.0.19 python-telegram-bot-22.3 pytz-2025.2 redis-6.4.0 requests-2.32.5 respx-0.22.0 rich-14.2.0 rich-toolkit-0.15.1 rignore-0.7.1 ruff-0.12.11 s3transfer-0.13.1 sentry-sdk-2.20.0 shellingham-1.5.4 six-1.17.0 sniffio-1.3.1 sqlalchemy-2.0.43 starlette-0.47.3 structlog-24.1.0 testcontainers-4.12.0 toml-0.10.2 tomli-2.3.0 tomli_w-1.2.0 typeapi-2.2.4 typeguard-4.4.4 typer-0.20.0 types-requests-2.32.4.20250809 typing-extensions-4.15.0 typing-inspection-0.4.2 typing_inspect-0.9.0 tzdata-2025.2 tzlocal-5.3.1 ujson-5.11.0 urllib3-2.5.0 uvicorn-0.35.0 uvloop-0.22.1 vine-5.1.0 vulture-2.10 watchdog-6.0.0 watchfiles-1.1.1 wcwidth-0.2.14 websockets-15.0.1 wrapt-1.17.3 yapf-0.43.0
Requirement already satisfied: python-telegram-bot==22.3 in /opt/hostedtoolcache/Python/3.11.13/x64/lib/python3.11/site-packages (from -r services/alert_bot/requirements.txt (line 1)) (22.3)
Requirement already satisfied: apscheduler==3.10.4 in /opt/hostedtoolcache/Python/3.11.13/x64/lib/python3.11/site-packages (from -r services/alert_bot/requirements.txt (line 2)) (3.10.4)
Requirement already satisfied: asyncpg==0.30.0 in /opt/hostedtoolcache/Python/3.11.13/x64/lib/python3.11/site-packages (from -r services/alert_bot/requirements.txt (line 3)) (0.30.0)
Requirement already satisfied: httpx<0.29,>=0.27 in /opt/hostedtoolcache/Python/3.11.13/x64/lib/python3.11/site-packages (from python-telegram-bot==22.3->-r services/alert_bot/requirements.txt (line 1)) (0.27.2)
Requirement already satisfied: six>=1.4.0 in /opt/hostedtoolcache/Python/3.11.13/x64/lib/python3.11/site-packages (from apscheduler==3.10.4->-r services/alert_bot/requirements.txt (line 2)) (1.17.0)
Requirement already satisfied: pytz in /opt/hostedtoolcache/Python/3.11.13/x64/lib/python3.11/site-packages (from apscheduler==3.10.4->-r services/alert_bot/requirements.txt (line 2)) (2025.2)
Requirement already satisfied: tzlocal!=3.*,>=2.0 in /opt/hostedtoolcache/Python/3.11.13/x64/lib/python3.11/site-packages (from apscheduler==3.10.4->-r services/alert_bot/requirements.txt (line 2)) (5.3.1)
Requirement already satisfied: anyio in /opt/hostedtoolcache/Python/3.11.13/x64/lib/python3.11/site-packages (from httpx<0.29,>=0.27->python-telegram-bot==22.3->-r services/alert_bot/requirements.txt (line 1)) (4.4.0)
Requirement already satisfied: certifi in /opt/hostedtoolcache/Python/3.11.13/x64/lib/python3.11/site-packages (from httpx<0.29,>=0.27->python-telegram-bot==22.3->-r services/alert_bot/requirements.txt (line 1)) (2025.10.5)
Requirement already satisfied: httpcore==1.* in /opt/hostedtoolcache/Python/3.11.13/x64/lib/python3.11/site-packages (from httpx<0.29,>=0.27->python-telegram-bot==22.3->-r services/alert_bot/requirements.txt (line 1)) (1.0.5)
Requirement already satisfied: idna in /opt/hostedtoolcache/Python/3.11.13/x64/lib/python3.11/site-packages (from httpx<0.29,>=0.27->python-telegram-bot==22.3->-r services/alert_bot/requirements.txt (line 1)) (3.11)
Requirement already satisfied: sniffio in /opt/hostedtoolcache/Python/3.11.13/x64/lib/python3.11/site-packages (from httpx<0.29,>=0.27->python-telegram-bot==22.3->-r services/alert_bot/requirements.txt (line 1)) (1.3.1)
Requirement already satisfied: h11<0.15,>=0.13 in /opt/hostedtoolcache/Python/3.11.13/x64/lib/python3.11/site-packages (from httpcore==1.*->httpx<0.29,>=0.27->python-telegram-bot==22.3->-r services/alert_bot/requirements.txt (line 1)) (0.14.0)
Requirement already satisfied: uvicorn==0.35.0 in /opt/hostedtoolcache/Python/3.11.13/x64/lib/python3.11/site-packages (from -r services/api/requirements.txt (line 1)) (0.35.0)
Requirement already satisfied: pydantic-settings==2.2.1 in /opt/hostedtoolcache/Python/3.11.13/x64/lib/python3.11/site-packages (from -r services/api/requirements.txt (line 2)) (2.2.1)
Requirement already satisfied: fastapi==0.116.1 in /opt/hostedtoolcache/Python/3.11.13/x64/lib/python3.11/site-packages (from -r services/api/requirements.txt (line 3)) (0.116.1)
Requirement already satisfied: sqlalchemy==2.0.43 in /opt/hostedtoolcache/Python/3.11.13/x64/lib/python3.11/site-packages (from -r services/api/requirements.txt (line 4)) (2.0.43)
ERROR: Cannot install alembic==1.16.4 because these package versions have conflicting dependencies.

The conflict is caused by:
    The user requested alembic==1.16.4
    The user requested (constraint) alembic==1.17.0

To fix this you could try to:
1. loosen the range of package versions you've specified
2. remove package versions to allow pip to attempt to solve the dependency conflict

ERROR: ResolutionImpossible: for help visit https://pip.pypa.io/en/latest/topics/dependency-resolution/#dealing-with-dependency-conflicts
