#1 [internal] load local bake definitions
#1 reading from stdin 2.06kB done
#1 DONE 0.0s

#2 [worker internal] load build definition from Dockerfile
#2 transferring dockerfile: 775B done
#2 DONE 0.0s

#3 [webapp internal] load build definition from Dockerfile
#3 transferring dockerfile: 161B done
#3 DONE 0.0s

#4 [postgres internal] load build definition from Dockerfile
#4 transferring dockerfile: 804B done
#4 DONE 0.0s

#5 [api internal] load build definition from Dockerfile
#5 transferring dockerfile: 645B done
#5 DONE 0.0s

#6 [fees_h10 internal] load build definition from Dockerfile
#6 transferring dockerfile: 962B done
#6 DONE 0.0s

#7 [etl internal] load build definition from Dockerfile
#7 transferring dockerfile: 1.46kB done
#7 DONE 0.0s

#8 [auth] library/python:pull token for registry-1.docker.io
#8 DONE 0.0s

#9 [auth] docker/dockerfile:pull token for registry-1.docker.io
#9 DONE 0.0s

#10 [auth] library/node:pull token for registry-1.docker.io
#10 DONE 0.0s

#11 [auth] library/postgres:pull token for registry-1.docker.io
#11 DONE 0.0s

#12 [etl] resolve image config for docker-image://docker.io/docker/dockerfile:1.6
#12 ...

#13 [webapp internal] load metadata for docker.io/library/node:20-alpine
#13 DONE 0.6s

#14 [postgres internal] load .dockerignore
#14 transferring context: 183B done
#14 DONE 0.0s

#15 [worker internal] load metadata for docker.io/library/python:3.11-slim
#15 DONE 0.6s

#12 [fees_h10] resolve image config for docker-image://docker.io/docker/dockerfile:1.6
#12 DONE 0.6s

#16 [postgres internal] load metadata for docker.io/library/postgres:16
#16 DONE 0.6s

#17 [worker internal] load build context
#17 transferring context: 47.38kB 0.0s done
#17 DONE 0.1s

#18 [postgres 1/6] FROM docker.io/library/postgres:16@sha256:b7e7a3dd615651f47bfe1577f352d0e22fb82fde19117bed550afe1b26f31bf7
#18 resolve docker.io/library/postgres:16@sha256:b7e7a3dd615651f47bfe1577f352d0e22fb82fde19117bed550afe1b26f31bf7 0.0s done
#18 ...

#19 [api internal] load build context
#19 transferring context: 129.73kB 0.0s done
#19 DONE 0.1s

#20 [postgres internal] load build context
#20 transferring context: 577B done
#20 DONE 0.0s

#18 [postgres 1/6] FROM docker.io/library/postgres:16@sha256:b7e7a3dd615651f47bfe1577f352d0e22fb82fde19117bed550afe1b26f31bf7
#18 sha256:1fb32c045fa732b1ebbc94f2b04a9c0cc3f7a8a27f6e6a610dae1b5e3c0159f7 3.63kB / 3.63kB done
#18 sha256:b7e7a3dd615651f47bfe1577f352d0e22fb82fde19117bed550afe1b26f31bf7 10.24kB / 10.24kB done
#18 sha256:9b3d8ce33ae76b9325695049270e645268e22b6f6b5eb3f9207f65dbbda307cd 9.89kB / 9.89kB done
#18 sha256:38513bd7256313495cdd83b3b0915a633cfa475dc2a07072ab2c8d191020ca5d 0B / 29.78MB 0.2s
#18 sha256:38513bd7256313495cdd83b3b0915a633cfa475dc2a07072ab2c8d191020ca5d 6.29MB / 29.78MB 0.4s
#18 sha256:38513bd7256313495cdd83b3b0915a633cfa475dc2a07072ab2c8d191020ca5d 12.58MB / 29.78MB 0.5s
#18 sha256:38513bd7256313495cdd83b3b0915a633cfa475dc2a07072ab2c8d191020ca5d 28.31MB / 29.78MB 0.7s
#18 sha256:38513bd7256313495cdd83b3b0915a633cfa475dc2a07072ab2c8d191020ca5d 29.78MB / 29.78MB 0.7s done
#18 extracting sha256:38513bd7256313495cdd83b3b0915a633cfa475dc2a07072ab2c8d191020ca5d
#18 sha256:6a570b5ed7740e71ab560efa263e8ba9ad410f485ddcf36f81b50babbcadcd4f 0B / 1.17kB 1.1s
#18 sha256:6a570b5ed7740e71ab560efa263e8ba9ad410f485ddcf36f81b50babbcadcd4f 1.17kB / 1.17kB 1.1s done
#18 sha256:e69f32e226f61e1a60100ee0c8ce3c8b16edab3aa6d461d555e70185fe2f4f64 0B / 6.44MB 1.2s
#18 sha256:bc405403221ba19a546bb24a076e799009866ba9a1f48f235b6d5664a42bac6b 0B / 8.20MB 1.3s
#18 sha256:147d1d7c0318a68042353da9b117fb137da99da732de899724ffaebdfcec845c 0B / 1.26MB 1.3s
#18 sha256:e69f32e226f61e1a60100ee0c8ce3c8b16edab3aa6d461d555e70185fe2f4f64 6.44MB / 6.44MB 1.4s done
#18 sha256:147d1d7c0318a68042353da9b117fb137da99da732de899724ffaebdfcec845c 1.05MB / 1.26MB 1.4s
#18 sha256:147d1d7c0318a68042353da9b117fb137da99da732de899724ffaebdfcec845c 1.26MB / 1.26MB 1.4s done
#18 sha256:82742b6e768c82e26fad90fb2b98192f511f7e993d700e6e16fea09da4c78aa5 1.05MB / 1.31MB 1.5s
#18 sha256:bd122ab2336dbd8bd1fe2d24e6f0c72cdc5eecbba4e0bdba43a697a86c2b9383 0B / 116B 1.5s
#18 ...

#21 [etl] docker-image://docker.io/docker/dockerfile:1.6@sha256:ac85f380a63b13dfcefa89046420e1781752bab202122f8f50032edf31be0021
#21 resolve docker.io/docker/dockerfile:1.6@sha256:ac85f380a63b13dfcefa89046420e1781752bab202122f8f50032edf31be0021 0.0s done
#21 sha256:a17ee7fff8f5e97b974f5b48f51647d2cf28d543f2aa6c11aaa0ea431b44bb89 1.27kB / 1.27kB done
#21 sha256:ac85f380a63b13dfcefa89046420e1781752bab202122f8f50032edf31be0021 8.40kB / 8.40kB done
#21 sha256:657fcc512c7369f4cb3d94ea329150f8daf626bc838b1a1e81f1834c73ecc77e 482B / 482B done
#21 sha256:9d9c93f4b00be908ab694a4df732570bced3b8a96b7515d70ff93402179ad232 11.80MB / 11.80MB 1.2s done
#21 extracting sha256:9d9c93f4b00be908ab694a4df732570bced3b8a96b7515d70ff93402179ad232 0.4s done
#21 DONE 1.7s

#18 [postgres 1/6] FROM docker.io/library/postgres:16@sha256:b7e7a3dd615651f47bfe1577f352d0e22fb82fde19117bed550afe1b26f31bf7
#18 sha256:bc405403221ba19a546bb24a076e799009866ba9a1f48f235b6d5664a42bac6b 1.05MB / 8.20MB 1.7s
#18 sha256:82742b6e768c82e26fad90fb2b98192f511f7e993d700e6e16fea09da4c78aa5 1.31MB / 1.31MB 1.5s done
#18 sha256:bd122ab2336dbd8bd1fe2d24e6f0c72cdc5eecbba4e0bdba43a697a86c2b9383 116B / 116B 1.5s done
#18 sha256:91264d87777df2c5f96a49e94ff91b3985ec3dc9a941bd508f24d240dd3d0a42 3.14kB / 3.14kB 1.6s done
#18 sha256:e7fca4723572e7228b487c7783af33cd84486ba7bb506beda7f6516ef93bdca1 7.34MB / 113.07MB 1.7s
#18 sha256:45e682a0ad62b0d9e6c85ce6e84b6693efb0e03ce2db0d2e6a0efa5b97b658c7 10.01kB / 10.01kB 1.7s done
#18 sha256:8221e00ace81c90fadc7a0b1e777e1912703fd14e417063f4912457cfac5ded8 0B / 128B 1.7s
#18 sha256:bc405403221ba19a546bb24a076e799009866ba9a1f48f235b6d5664a42bac6b 2.10MB / 8.20MB 1.8s
#18 sha256:8221e00ace81c90fadc7a0b1e777e1912703fd14e417063f4912457cfac5ded8 128B / 128B 1.7s done
#18 sha256:f50de807d55431e7e55a0d603a29b1f0987856170fa576d68c929aed0c4794a7 0B / 167B 1.8s
#18 sha256:bc405403221ba19a546bb24a076e799009866ba9a1f48f235b6d5664a42bac6b 4.19MB / 8.20MB 1.9s
#18 sha256:e7fca4723572e7228b487c7783af33cd84486ba7bb506beda7f6516ef93bdca1 18.87MB / 113.07MB 1.9s
#18 sha256:f50de807d55431e7e55a0d603a29b1f0987856170fa576d68c929aed0c4794a7 167B / 167B 1.9s done
#18 sha256:b9fcf05c0044f5559c8b8547320dac8e0f2dd2cd5431e3ec36a826e7e45c453a 0B / 6.08kB 1.9s
#18 sha256:bc405403221ba19a546bb24a076e799009866ba9a1f48f235b6d5664a42bac6b 5.24MB / 8.20MB 2.0s
#18 sha256:b9fcf05c0044f5559c8b8547320dac8e0f2dd2cd5431e3ec36a826e7e45c453a 6.08kB / 6.08kB 2.0s done
#18 sha256:85ec668df6b0a7e955a8b372046736c3f121947cf77163e6b8c93a61da6a9a6b 0B / 184B 2.0s
#18 ...

#22 [etl internal] load metadata for docker.io/library/python:3.12-slim
#22 DONE 0.4s

#18 [postgres 1/6] FROM docker.io/library/postgres:16@sha256:b7e7a3dd615651f47bfe1577f352d0e22fb82fde19117bed550afe1b26f31bf7
#18 sha256:85ec668df6b0a7e955a8b372046736c3f121947cf77163e6b8c93a61da6a9a6b 184B / 184B 2.0s done
#18 ...

#23 [fees_h10 internal] load .dockerignore
#23 transferring context: 2B 0.0s done
#23 DONE 0.0s

#24 [etl internal] load .dockerignore
#24 transferring context: 183B 0.0s done
#24 DONE 0.0s

#18 [postgres 1/6] FROM docker.io/library/postgres:16@sha256:b7e7a3dd615651f47bfe1577f352d0e22fb82fde19117bed550afe1b26f31bf7
#18 sha256:e7fca4723572e7228b487c7783af33cd84486ba7bb506beda7f6516ef93bdca1 29.59MB / 113.07MB 2.2s
#18 sha256:e7fca4723572e7228b487c7783af33cd84486ba7bb506beda7f6516ef93bdca1 40.89MB / 113.07MB 2.3s
#18 sha256:bc405403221ba19a546bb24a076e799009866ba9a1f48f235b6d5664a42bac6b 7.34MB / 8.20MB 2.5s
#18 sha256:e7fca4723572e7228b487c7783af33cd84486ba7bb506beda7f6516ef93bdca1 58.72MB / 113.07MB 2.5s
#18 sha256:bc405403221ba19a546bb24a076e799009866ba9a1f48f235b6d5664a42bac6b 8.20MB / 8.20MB 2.6s
#18 sha256:bc405403221ba19a546bb24a076e799009866ba9a1f48f235b6d5664a42bac6b 8.20MB / 8.20MB 2.7s done
#18 sha256:e7fca4723572e7228b487c7783af33cd84486ba7bb506beda7f6516ef93bdca1 65.01MB / 113.07MB 2.7s
#18 sha256:e7fca4723572e7228b487c7783af33cd84486ba7bb506beda7f6516ef93bdca1 72.35MB / 113.07MB 2.8s
#18 sha256:e7fca4723572e7228b487c7783af33cd84486ba7bb506beda7f6516ef93bdca1 93.32MB / 113.07MB 3.0s
#18 sha256:e7fca4723572e7228b487c7783af33cd84486ba7bb506beda7f6516ef93bdca1 99.61MB / 113.07MB 3.3s
#18 sha256:e7fca4723572e7228b487c7783af33cd84486ba7bb506beda7f6516ef93bdca1 106.50MB / 113.07MB 3.5s
#18 ...

#25 [etl internal] load build context
#25 transferring context: 28.62kB 0.0s done
#25 DONE 0.1s

#26 [etl base  3/10] COPY services/etl/requirements*.txt services/etl/constraints.txt ./
#26 CACHED

#27 [etl base  4/10] RUN if [ -n "" ] && [ -f "" ]; then         pip install -r requirements.txt -c "";     else         pip install -r requirements.txt;     fi
#27 CACHED

#28 [etl base  2/10] WORKDIR /app
#28 CACHED

#29 [etl base  6/10] COPY services/ingest/ ./services/ingest
#29 ERROR: failed to calculate checksum of ref ac1187db-1850-4397-a0f7-3b6e6ef293d6::yw8hadjbmny7r821j378bvm84: "/services/ingest": not found

#30 [etl base  5/10] COPY services/common/ ./services/common
#30 ERROR: failed to calculate checksum of ref ac1187db-1850-4397-a0f7-3b6e6ef293d6::yw8hadjbmny7r821j378bvm84: "/services/common": not found

#18 [postgres 1/6] FROM docker.io/library/postgres:16@sha256:b7e7a3dd615651f47bfe1577f352d0e22fb82fde19117bed550afe1b26f31bf7
#18 sha256:e7fca4723572e7228b487c7783af33cd84486ba7bb506beda7f6516ef93bdca1 113.07MB / 113.07MB 3.6s done
#18 CANCELED

#31 [fees_h10 internal] load build context
#31 transferring context: 22.24kB 0.0s done
#31 DONE 0.1s

#32 [webapp internal] load build context
#32 transferring context: 323.33MB 3.8s done
#32 CANCELED

#33 [webapp 1/5] FROM docker.io/library/node:20-alpine@sha256:6178e78b972f79c335df281f4b7674a2d85071aae2af020ffa39f0a770265435
#33 resolve docker.io/library/node:20-alpine@sha256:6178e78b972f79c335df281f4b7674a2d85071aae2af020ffa39f0a770265435 done
#33 sha256:60e45a9660cfaebbbac9bba98180aa28b3966b7f2462d132c46f51a1f5b25a64 42.75MB / 42.75MB 1.3s done
#33 sha256:e74e4ed823e9560b3fe51c0cab47dbfdfc4b12453604319408ec58708fb9e720 1.26MB / 1.26MB 0.2s done
#33 sha256:6178e78b972f79c335df281f4b7674a2d85071aae2af020ffa39f0a770265435 7.67kB / 7.67kB done
#33 sha256:be8d32d651b3e0c9c2b28fdc1d3888408125d703232013cff955344d052027e5 1.72kB / 1.72kB done
#33 sha256:2b56f2779663b9e1a77bdb5235dc31f1a81e534ccab1c1b35c716a8db79eeab9 6.42kB / 6.42kB done
#33 sha256:2d35ebdb57d9971fea0cac1582aa78935adf8058b2cc32db163c98822e5dfa1b 3.80MB / 3.80MB 0.2s done
#33 extracting sha256:2d35ebdb57d9971fea0cac1582aa78935adf8058b2cc32db163c98822e5dfa1b 0.2s done
#33 sha256:da04d522c98fe12816b2bcddf8413fca73645f8fa60f287c672f58bcc7f0fa38 444B / 444B 0.3s done
#33 extracting sha256:60e45a9660cfaebbbac9bba98180aa28b3966b7f2462d132c46f51a1f5b25a64 2.4s
#33 ...

#34 [api 1/9] FROM docker.io/library/python:3.11-slim@sha256:1738c75ae61595d2a9a5301d60a9a2f61abe7017005b3ccb660103d2476c6946
#34 resolve docker.io/library/python:3.11-slim@sha256:1738c75ae61595d2a9a5301d60a9a2f61abe7017005b3ccb660103d2476c6946 0.0s done
#34 sha256:1738c75ae61595d2a9a5301d60a9a2f61abe7017005b3ccb660103d2476c6946 10.37kB / 10.37kB done
#34 sha256:a0e69305a97c7eaa814e4a983585e779106daa209ed1f3495902f2e0d938a6f1 1.75kB / 1.75kB done
#34 sha256:ff15e80be861655d8eaf4fe97b2b83d7003c34119848f2febd31bd84406c92bb 5.38kB / 5.38kB done
#34 sha256:38513bd7256313495cdd83b3b0915a633cfa475dc2a07072ab2c8d191020ca5d 29.78MB / 29.78MB 0.8s done
#34 sha256:a9ffe18d7fdb9bb2f5b878fdc08887ef2d9644c86f5d4e07cc2e80b783fbea04 1.29MB / 1.29MB 0.4s done
#34 sha256:e73850a50582f63498f7551a987cc493e848413fcae176379acff9144341f77f 14.36MB / 14.36MB 1.1s done
#34 sha256:19fb8589da0207a0e7d3baa0c1b71a67136b1ad06c4b2e65cc771664592e6d9e 249B / 249B 0.9s done
#34 CANCELED

#35 [fees_h10 base  1/10] FROM docker.io/library/python:3.12-slim@sha256:b03eed4944bc758029e0506ec41acb6a4be6d1b2b875d6e04ac4759db343a370
#35 resolve docker.io/library/python:3.12-slim@sha256:b03eed4944bc758029e0506ec41acb6a4be6d1b2b875d6e04ac4759db343a370 0.0s done
#35 sha256:b03eed4944bc758029e0506ec41acb6a4be6d1b2b875d6e04ac4759db343a370 10.37kB / 10.37kB done
#35 sha256:408ad54fa40b7a4fff7cb21ce6e1b74eb5154bfc6c0fbd0af98560c1850db88f 1.75kB / 1.75kB done
#35 sha256:324231aabbd84383faa67463fb653f94cfab52b71ec3a56f4c49b294aee25968 5.58kB / 5.58kB done
------
 > [etl base  5/10] COPY services/common/ ./services/common:
------
------
 > [etl base  6/10] COPY services/ingest/ ./services/ingest:
------
