Requirement already satisfied: pip in /opt/hostedtoolcache/Python/3.11.13/x64/lib/python3.11/site-packages (25.2)
Collecting Jinja2==3.1.6 (from -r requirements-dev.txt (line 2))
  Downloading jinja2-3.1.6-py3-none-any.whl.metadata (2.9 kB)
Collecting alembic==1.16.4 (from -r requirements-dev.txt (line 3))
  Downloading alembic-1.16.4-py3-none-any.whl.metadata (7.3 kB)
Collecting apscheduler==3.10.4 (from -r requirements-dev.txt (line 4))
  Downloading APScheduler-3.10.4-py3-none-any.whl.metadata (5.7 kB)
Collecting asgi-correlation-id==4.3.1 (from -r requirements-dev.txt (line 5))
  Downloading asgi_correlation_id-4.3.1-py3-none-any.whl.metadata (28 kB)
Collecting asyncpg==0.30.0 (from -r requirements-dev.txt (line 6))
  Downloading asyncpg-0.30.0-cp311-cp311-manylinux_2_17_x86_64.manylinux2014_x86_64.whl.metadata (5.0 kB)
Collecting black==25.1.0 (from -r requirements-dev.txt (line 7))
  Downloading black-25.1.0-cp311-cp311-manylinux_2_17_x86_64.manylinux2014_x86_64.manylinux_2_28_x86_64.whl.metadata (81 kB)
Collecting boto3 (from -r requirements-dev.txt (line 8))
  Downloading boto3-1.40.21-py3-none-any.whl.metadata (6.7 kB)
Collecting redis==6.* (from -r requirements-dev.txt (line 9))
  Downloading redis-6.4.0-py3-none-any.whl.metadata (10 kB)
Collecting minio==7.* (from -r requirements-dev.txt (line 10))
  Downloading minio-7.2.16-py3-none-any.whl.metadata (6.5 kB)
Collecting vulture==2.10 (from -r requirements-dev.txt (line 11))
  Downloading vulture-2.10-py2.py3-none-any.whl.metadata (23 kB)
Collecting celery==5.5.3 (from -r requirements-dev.txt (line 12))
  Downloading celery-5.5.3-py3-none-any.whl.metadata (22 kB)
Collecting fastapi==0.116.1 (from -r requirements-dev.txt (line 13))
  Downloading fastapi-0.116.1-py3-none-any.whl.metadata (28 kB)
Collecting fastapi-limiter==0.1.6 (from -r requirements-dev.txt (line 15))
  Downloading fastapi_limiter-0.1.6-py3-none-any.whl.metadata (5.3 kB)
Collecting httpx<0.28,>=0.27 (from -r requirements-dev.txt (line 16))
  Downloading httpx-0.27.2-py3-none-any.whl.metadata (7.1 kB)
Collecting imapclient==3.0.1 (from -r requirements-dev.txt (line 17))
  Downloading IMAPClient-3.0.1-py2.py3-none-any.whl.metadata (1.7 kB)
Collecting itsdangerous (from -r requirements-dev.txt (line 18))
  Downloading itsdangerous-2.2.0-py3-none-any.whl.metadata (1.9 kB)
Collecting mypy==1.* (from -r requirements-dev.txt (line 19))
  Downloading mypy-1.18.2-cp311-cp311-manylinux2014_x86_64.manylinux_2_17_x86_64.manylinux_2_28_x86_64.whl.metadata (2.2 kB)
Collecting mypy-extensions==1.1.0 (from -r requirements-dev.txt (line 20))
  Downloading mypy_extensions-1.1.0-py3-none-any.whl.metadata (1.1 kB)
Collecting numpy<2 (from -r requirements-dev.txt (line 21))
  Downloading numpy-1.26.4-cp311-cp311-manylinux_2_17_x86_64.manylinux2014_x86_64.whl.metadata (61 kB)
Collecting openpyxl==3.1.5 (from -r requirements-dev.txt (line 22))
  Downloading openpyxl-3.1.5-py2.py3-none-any.whl.metadata (2.5 kB)
Collecting pandas==2.3.* (from -r requirements-dev.txt (line 23))
  Downloading pandas-2.3.2-cp311-cp311-manylinux_2_17_x86_64.manylinux2014_x86_64.whl.metadata (91 kB)
Collecting psycopg2-binary==2.9.10 (from -r requirements-dev.txt (line 24))
  Downloading psycopg2_binary-2.9.10-cp311-cp311-manylinux_2_17_x86_64.manylinux2014_x86_64.whl.metadata (4.9 kB)
Collecting psycopg==3.2.9 (from psycopg[binary]==3.2.9->-r requirements-dev.txt (line 25))
  Downloading psycopg-3.2.9-py3-none-any.whl.metadata (4.5 kB)
Collecting pydantic>=2.6 (from -r requirements-dev.txt (line 26))
  Downloading pydantic-2.11.7-py3-none-any.whl.metadata (67 kB)
Collecting pydantic-settings>=2.1 (from -r requirements-dev.txt (line 27))
  Downloading pydantic_settings-2.2.1-py3-none-any.whl.metadata (3.1 kB)
Requirement already satisfied: setuptools in /opt/hostedtoolcache/Python/3.11.13/x64/lib/python3.11/site-packages (from -r requirements-dev.txt (line 28)) (65.5.0)
Collecting pytest-asyncio==1.1.0 (from -r requirements-dev.txt (line 29))
  Downloading pytest_asyncio-1.1.0-py3-none-any.whl.metadata (4.1 kB)
Collecting pytest-cov==7.0.0 (from -r requirements-dev.txt (line 30))
  Downloading pytest_cov-7.0.0-py3-none-any.whl.metadata (31 kB)
Collecting pytest-postgresql==7.0.2 (from -r requirements-dev.txt (line 31))
  Downloading pytest_postgresql-7.0.2-py3-none-any.whl.metadata (18 kB)
Collecting python-dotenv (from -r requirements-dev.txt (line 32))
  Downloading python_dotenv-1.1.1-py3-none-any.whl.metadata (24 kB)
Collecting python-multipart (from -r requirements-dev.txt (line 33))
  Downloading python_multipart-0.0.20-py3-none-any.whl.metadata (1.8 kB)
Collecting python-telegram-bot==22.3 (from -r requirements-dev.txt (line 34))
  Downloading python_telegram_bot-22.3-py3-none-any.whl.metadata (17 kB)
Collecting requests==2.32.5 (from -r requirements-dev.txt (line 35))
  Downloading requests-2.32.5-py3-none-any.whl.metadata (4.9 kB)
Collecting respx==0.22.0 (from -r requirements-dev.txt (line 36))
  Downloading respx-0.22.0-py2.py3-none-any.whl.metadata (4.1 kB)
Collecting ruff==0.12.11 (from -r requirements-dev.txt (line 37))
  Downloading ruff-0.12.11-py3-none-manylinux_2_17_x86_64.manylinux2014_x86_64.whl.metadata (25 kB)
Collecting sqlalchemy==2.0.43 (from -r requirements-dev.txt (line 38))
  Downloading sqlalchemy-2.0.43-cp311-cp311-manylinux_2_17_x86_64.manylinux2014_x86_64.whl.metadata (9.6 kB)
Collecting structlog==24.1.0 (from -r requirements-dev.txt (line 39))
  Downloading structlog-24.1.0-py3-none-any.whl.metadata (6.9 kB)
ERROR: Cannot install testcontainers==4.13.2 because these package versions have conflicting dependencies.

The conflict is caused by:
    The user requested testcontainers==4.13.2
    The user requested (constraint) testcontainers==4.12.0

To fix this you could try to:
1. loosen the range of package versions you've specified
2. remove package versions to allow pip to attempt to solve the dependency conflict

ERROR: ResolutionImpossible: for help visit https://pip.pypa.io/en/latest/topics/dependency-resolution/#dealing-with-dependency-conflicts
