#1 [internal] load local bake definitions
#1 reading from stdin 2.06kB done
#1 DONE 0.0s

#2 [api internal] load build definition from Dockerfile
#2 transferring dockerfile: 383B done
#2 DONE 0.0s

#3 [fees_h10 internal] load build definition from Dockerfile
#3 transferring dockerfile: 962B done
#3 DONE 0.0s

#4 [etl internal] load build definition from Dockerfile
#4 transferring dockerfile: 1.46kB done
#4 DONE 0.0s

#5 [worker internal] load build definition from Dockerfile
#5 transferring dockerfile: 530B done
#5 DONE 0.0s

#6 [postgres internal] load build definition from Dockerfile
#6 transferring dockerfile: 804B done
#6 DONE 0.0s

#7 [webapp internal] load build definition from Dockerfile
#7 transferring dockerfile: 161B done
#7 DONE 0.0s

#8 [auth] library/postgres:pull token for registry-1.docker.io
#8 DONE 0.0s

#9 [auth] library/node:pull token for registry-1.docker.io
#9 DONE 0.0s

#10 [auth] library/python:pull token for registry-1.docker.io
#10 DONE 0.0s

#11 [auth] docker/dockerfile:pull token for registry-1.docker.io
#11 DONE 0.0s

#12 [etl] resolve image config for docker-image://docker.io/docker/dockerfile:1.6
#12 DONE 0.3s

#13 [worker internal] load metadata for docker.io/library/python:3.11-slim
#13 DONE 0.3s

#14 [postgres internal] load metadata for docker.io/library/postgres:16
#14 DONE 0.3s

#15 [webapp internal] load .dockerignore
#15 transferring context: 265B done
#15 DONE 0.0s

#16 [postgres internal] load build context
#16 transferring context: 577B done
#16 DONE 0.0s

#17 [webapp internal] load metadata for docker.io/library/node:20-alpine
#17 DONE 0.4s

#18 [worker internal] load build context
#18 transferring context: 114.67kB 0.0s done
#18 DONE 0.0s

#19 [api internal] load build context
#19 transferring context: 446.23kB 0.0s done
#19 DONE 0.0s

#20 [webapp internal] load build context
#20 transferring context: 96.56kB done
#20 DONE 0.0s

#21 [fees_h10] docker-image://docker.io/docker/dockerfile:1.6@sha256:ac85f380a63b13dfcefa89046420e1781752bab202122f8f50032edf31be0021
#21 resolve docker.io/docker/dockerfile:1.6@sha256:ac85f380a63b13dfcefa89046420e1781752bab202122f8f50032edf31be0021 0.0s done
#21 sha256:a17ee7fff8f5e97b974f5b48f51647d2cf28d543f2aa6c11aaa0ea431b44bb89 1.27kB / 1.27kB done
#21 sha256:ac85f380a63b13dfcefa89046420e1781752bab202122f8f50032edf31be0021 8.40kB / 8.40kB done
#21 sha256:657fcc512c7369f4cb3d94ea329150f8daf626bc838b1a1e81f1834c73ecc77e 482B / 482B done
#21 sha256:9d9c93f4b00be908ab694a4df732570bced3b8a96b7515d70ff93402179ad232 4.19MB / 11.80MB 0.7s
#21 sha256:9d9c93f4b00be908ab694a4df732570bced3b8a96b7515d70ff93402179ad232 11.80MB / 11.80MB 0.8s
#21 sha256:9d9c93f4b00be908ab694a4df732570bced3b8a96b7515d70ff93402179ad232 11.80MB / 11.80MB 0.8s done
#21 extracting sha256:9d9c93f4b00be908ab694a4df732570bced3b8a96b7515d70ff93402179ad232
#21 sha256:9d9c93f4b00be908ab694a4df732570bced3b8a96b7515d70ff93402179ad232 11.80MB / 11.80MB 0.8s done
#21 extracting sha256:9d9c93f4b00be908ab694a4df732570bced3b8a96b7515d70ff93402179ad232 0.2s done
#21 DONE 1.0s

#22 [fees_h10 internal] load metadata for docker.io/library/python:3.12-slim
#22 DONE 0.3s

#23 [fees_h10 internal] load .dockerignore
#23 transferring context: 2B done
#23 DONE 0.0s

#24 [etl internal] load .dockerignore
#24 transferring context: 265B done
#24 DONE 0.0s

#25 [worker 1/6] FROM docker.io/library/python:3.11-slim@sha256:1738c75ae61595d2a9a5301d60a9a2f61abe7017005b3ccb660103d2476c6946
#25 resolve docker.io/library/python:3.11-slim@sha256:1738c75ae61595d2a9a5301d60a9a2f61abe7017005b3ccb660103d2476c6946 done
#25 sha256:1738c75ae61595d2a9a5301d60a9a2f61abe7017005b3ccb660103d2476c6946 10.37kB / 10.37kB done
#25 sha256:a0e69305a97c7eaa814e4a983585e779106daa209ed1f3495902f2e0d938a6f1 1.75kB / 1.75kB done
#25 sha256:ff15e80be861655d8eaf4fe97b2b83d7003c34119848f2febd31bd84406c92bb 5.38kB / 5.38kB done
#25 sha256:38513bd7256313495cdd83b3b0915a633cfa475dc2a07072ab2c8d191020ca5d 29.78MB / 29.78MB 0.3s done
#25 extracting sha256:38513bd7256313495cdd83b3b0915a633cfa475dc2a07072ab2c8d191020ca5d 1.0s
#25 sha256:e73850a50582f63498f7551a987cc493e848413fcae176379acff9144341f77f 14.36MB / 14.36MB 0.6s done
#25 sha256:19fb8589da0207a0e7d3baa0c1b71a67136b1ad06c4b2e65cc771664592e6d9e 249B / 249B 0.5s done
#25 sha256:a9ffe18d7fdb9bb2f5b878fdc08887ef2d9644c86f5d4e07cc2e80b783fbea04 1.29MB / 1.29MB 0.5s done
#25 extracting sha256:38513bd7256313495cdd83b3b0915a633cfa475dc2a07072ab2c8d191020ca5d 1.3s done
#25 extracting sha256:a9ffe18d7fdb9bb2f5b878fdc08887ef2d9644c86f5d4e07cc2e80b783fbea04
#25 ...

#26 [fees_h10 internal] load build context
#26 transferring context: 22.24kB done
#26 DONE 0.0s

#27 [etl internal] load build context
#27 transferring context: 73.93kB 0.0s done
#27 DONE 0.0s

#28 [etl base  2/10] WORKDIR /app
#28 CACHED

#29 [etl base  3/10] COPY services/etl/requirements*.txt services/etl/constraints.txt ./
#29 CACHED

#30 [etl base  4/10] RUN if [ -n "" ] && [ -f "" ]; then         pip install -r requirements.txt -c "";     else         pip install -r requirements.txt;     fi
#30 CACHED

#31 [etl base  6/10] COPY services/ingest/ ./services/ingest
#31 ERROR: failed to calculate checksum of ref ac1187db-1850-4397-a0f7-3b6e6ef293d6::vzjmze7fx0n5a5psrrctkd66u: "/services/ingest": not found

#32 [etl base  5/10] COPY services/common/ ./services/common
#32 ERROR: failed to calculate checksum of ref ac1187db-1850-4397-a0f7-3b6e6ef293d6::vzjmze7fx0n5a5psrrctkd66u: "/services/common": not found

#33 [postgres 1/6] FROM docker.io/library/postgres:16@sha256:bf65e4ffaf1c29a9d03a481f921f0a239b363011eaa4c918cf3284ff77fdda33
#33 resolve docker.io/library/postgres:16@sha256:bf65e4ffaf1c29a9d03a481f921f0a239b363011eaa4c918cf3284ff77fdda33 done
#33 sha256:2c3db52a36c964c0dc82c9633acbb0c64c0feb88cfccfaf6203faf25e1630ca9 1.17kB / 1.17kB 0.1s done
#33 sha256:ad9efdd206ef7a35a3805be331e54085e6f880467d48c2b553d5b780cfb93373 3.63kB / 3.63kB done
#33 sha256:8dbd8d750582a5bdc5d48e1af7d3e7d5d252d63520b4c117a65c6e0fc3e602e1 9.89kB / 9.89kB done
#33 sha256:70527bd404de0e1f2bcc162403ecc2e16683e1cb1b6397bfbcc5cdd91db8a0c4 6.44MB / 6.44MB 0.1s done
#33 sha256:bf65e4ffaf1c29a9d03a481f921f0a239b363011eaa4c918cf3284ff77fdda33 10.24kB / 10.24kB done
#33 sha256:38513bd7256313495cdd83b3b0915a633cfa475dc2a07072ab2c8d191020ca5d 29.78MB / 29.78MB 0.3s done
#33 sha256:02516f26e290d3dab2c24a1db7523ee280d14e63713fe6af3ac593ad6dda0bed 1.26MB / 1.26MB 0.2s done
#33 sha256:5338102aab1db5daf25c1bc602633973eba7e98dc32edead2df626e0cdb98d36 8.20MB / 8.20MB 0.2s done
#33 sha256:d9a325bca4316c663886dc930291c2b37bfc0f716ef158b2409af8f1214474e1 3.14kB / 3.14kB 0.3s done
#33 sha256:d5c9a77bb101d65748746467b18a9eef10509ae9f2235047cacf2cc3a6cf00df 1.31MB / 1.31MB 0.3s done
#33 sha256:6d677030b9033afd42c4ce362b0511da51957d138e5a9e5b7f805a65120a39c4 114B / 114B 0.3s done
#33 extracting sha256:38513bd7256313495cdd83b3b0915a633cfa475dc2a07072ab2c8d191020ca5d 1.3s done
#33 sha256:1d7afedb692bb9c56c94bd93ff8fe4b53d809428fe5a139f59df3f6f15c2aeaa 113.07MB / 113.07MB 1.2s done
#33 sha256:75c248609288b8b548073f28786e469d1168b0653f893aef75f62c47f67f924e 5.93kB / 5.93kB 0.4s done
#33 sha256:23e0b98cbb11fab85c08be6ade1c0e6c876eb76a5c7de3b3141f249cc1dfb2be 184B / 184B 0.4s done
#33 sha256:e693f31502c29ef364b556879423b5dec48f88e7892accb8b73a38477ca555a2 129B / 129B 0.4s done
#33 sha256:d0ccb6dce3f2f1f6ca33d8701b6b5191fd342fd35be99236f8414a941004a040 10.01kB / 10.01kB 0.3s done
#33 sha256:2c8cd58df76a7592ada179273fe772fd6ea36894ca535d6f8c0a816e1b122bdd 168B / 168B 0.4s done
#33 extracting sha256:2c3db52a36c964c0dc82c9633acbb0c64c0feb88cfccfaf6203faf25e1630ca9 done
#33 CANCELED

#34 [webapp 1/5] FROM docker.io/library/node:20-alpine@sha256:6178e78b972f79c335df281f4b7674a2d85071aae2af020ffa39f0a770265435
#34 resolve docker.io/library/node:20-alpine@sha256:6178e78b972f79c335df281f4b7674a2d85071aae2af020ffa39f0a770265435 done
#34 sha256:6178e78b972f79c335df281f4b7674a2d85071aae2af020ffa39f0a770265435 7.67kB / 7.67kB done
#34 sha256:be8d32d651b3e0c9c2b28fdc1d3888408125d703232013cff955344d052027e5 1.72kB / 1.72kB done
#34 sha256:2b56f2779663b9e1a77bdb5235dc31f1a81e534ccab1c1b35c716a8db79eeab9 6.42kB / 6.42kB done
#34 extracting sha256:2d35ebdb57d9971fea0cac1582aa78935adf8058b2cc32db163c98822e5dfa1b 0.2s done
#34 sha256:60e45a9660cfaebbbac9bba98180aa28b3966b7f2462d132c46f51a1f5b25a64 42.75MB / 42.75MB 1.0s done
#34 sha256:2d35ebdb57d9971fea0cac1582aa78935adf8058b2cc32db163c98822e5dfa1b 3.80MB / 3.80MB 0.7s done
#34 sha256:e74e4ed823e9560b3fe51c0cab47dbfdfc4b12453604319408ec58708fb9e720 1.26MB / 1.26MB 0.9s done
#34 sha256:da04d522c98fe12816b2bcddf8413fca73645f8fa60f287c672f58bcc7f0fa38 444B / 444B 0.9s done
#34 extracting sha256:60e45a9660cfaebbbac9bba98180aa28b3966b7f2462d132c46f51a1f5b25a64 0.7s
#34 ...

#35 [fees_h10 base  1/10] FROM docker.io/library/python:3.12-slim@sha256:b03eed4944bc758029e0506ec41acb6a4be6d1b2b875d6e04ac4759db343a370
#35 resolve docker.io/library/python:3.12-slim@sha256:b03eed4944bc758029e0506ec41acb6a4be6d1b2b875d6e04ac4759db343a370 done
#35 extracting sha256:38513bd7256313495cdd83b3b0915a633cfa475dc2a07072ab2c8d191020ca5d done
#35 sha256:b03eed4944bc758029e0506ec41acb6a4be6d1b2b875d6e04ac4759db343a370 10.37kB / 10.37kB done
#35 sha256:408ad54fa40b7a4fff7cb21ce6e1b74eb5154bfc6c0fbd0af98560c1850db88f 1.75kB / 1.75kB done
#35 sha256:324231aabbd84383faa67463fb653f94cfab52b71ec3a56f4c49b294aee25968 5.58kB / 5.58kB done
------
 > [etl base  5/10] COPY services/common/ ./services/common:
------
------
 > [etl base  6/10] COPY services/ingest/ ./services/ingest:
------
