Requirement already satisfied: pip in /opt/hostedtoolcache/Python/3.11.13/x64/lib/python3.11/site-packages (25.2)
Collecting Jinja2==3.1.6 (from -r requirements-dev.txt (line 2))
  Using cached jinja2-3.1.6-py3-none-any.whl.metadata (2.9 kB)
Collecting alembic==1.16.4 (from -r requirements-dev.txt (line 3))
  Using cached alembic-1.16.4-py3-none-any.whl.metadata (7.3 kB)
Collecting apscheduler==3.10.4 (from -r requirements-dev.txt (line 4))
  Using cached APScheduler-3.10.4-py3-none-any.whl.metadata (5.7 kB)
Collecting asgi-correlation-id==4.3.1 (from -r requirements-dev.txt (line 5))
  Using cached asgi_correlation_id-4.3.1-py3-none-any.whl.metadata (28 kB)
Collecting asyncpg==0.30.0 (from -r requirements-dev.txt (line 6))
  Using cached asyncpg-0.30.0-cp311-cp311-manylinux_2_17_x86_64.manylinux2014_x86_64.whl.metadata (5.0 kB)
Collecting black==25.1.0 (from -r requirements-dev.txt (line 7))
  Using cached black-25.1.0-cp311-cp311-manylinux_2_17_x86_64.manylinux2014_x86_64.manylinux_2_28_x86_64.whl.metadata (81 kB)
Collecting boto3==1.40.21 (from -r requirements-dev.txt (line 8))
  Using cached boto3-1.40.21-py3-none-any.whl.metadata (6.7 kB)
Collecting redis==6.* (from -r requirements-dev.txt (line 9))
  Using cached redis-6.4.0-py3-none-any.whl.metadata (10 kB)
Collecting minio==7.2.16 (from -r requirements-dev.txt (line 10))
  Using cached minio-7.2.16-py3-none-any.whl.metadata (6.5 kB)
Collecting vulture==2.10 (from -r requirements-dev.txt (line 11))
  Using cached vulture-2.10-py2.py3-none-any.whl.metadata (23 kB)
Collecting celery==5.5.3 (from -r requirements-dev.txt (line 12))
  Using cached celery-5.5.3-py3-none-any.whl.metadata (22 kB)
Collecting fastapi==0.116.1 (from -r requirements-dev.txt (line 13))
  Using cached fastapi-0.116.1-py3-none-any.whl.metadata (28 kB)
Collecting fastapi-limiter==0.1.6 (from -r requirements-dev.txt (line 15))
  Using cached fastapi_limiter-0.1.6-py3-none-any.whl.metadata (5.3 kB)
Collecting httpx<0.28,>=0.27 (from -r requirements-dev.txt (line 16))
  Using cached httpx-0.27.2-py3-none-any.whl.metadata (7.1 kB)
Collecting imapclient==3.0.1 (from -r requirements-dev.txt (line 17))
  Using cached IMAPClient-3.0.1-py2.py3-none-any.whl.metadata (1.7 kB)
Collecting itsdangerous (from -r requirements-dev.txt (line 18))
  Using cached itsdangerous-2.2.0-py3-none-any.whl.metadata (1.9 kB)
Collecting mypy==1.* (from -r requirements-dev.txt (line 19))
  Using cached mypy-1.18.2-cp311-cp311-manylinux2014_x86_64.manylinux_2_17_x86_64.manylinux_2_28_x86_64.whl.metadata (2.2 kB)
Collecting mypy-extensions==1.1.0 (from -r requirements-dev.txt (line 20))
  Using cached mypy_extensions-1.1.0-py3-none-any.whl.metadata (1.1 kB)
Collecting numpy<2 (from -r requirements-dev.txt (line 21))
  Using cached numpy-1.26.4-cp311-cp311-manylinux_2_17_x86_64.manylinux2014_x86_64.whl.metadata (61 kB)
Collecting openpyxl==3.1.5 (from -r requirements-dev.txt (line 22))
  Using cached openpyxl-3.1.5-py2.py3-none-any.whl.metadata (2.5 kB)
Collecting pandas==2.3.2 (from -r requirements-dev.txt (line 23))
  Using cached pandas-2.3.2-cp311-cp311-manylinux_2_17_x86_64.manylinux2014_x86_64.whl.metadata (91 kB)
Collecting psycopg2-binary==2.9.10 (from -r requirements-dev.txt (line 24))
  Using cached psycopg2_binary-2.9.10-cp311-cp311-manylinux_2_17_x86_64.manylinux2014_x86_64.whl.metadata (4.9 kB)
Collecting psycopg==3.2.9 (from psycopg[binary]==3.2.9->-r requirements-dev.txt (line 25))
  Using cached psycopg-3.2.9-py3-none-any.whl.metadata (4.5 kB)
Collecting pydantic>=2.6 (from -r requirements-dev.txt (line 26))
  Using cached pydantic-2.11.7-py3-none-any.whl.metadata (67 kB)
Collecting pydantic-settings>=2.1 (from -r requirements-dev.txt (line 27))
  Using cached pydantic_settings-2.2.1-py3-none-any.whl.metadata (3.1 kB)
Requirement already satisfied: setuptools in /opt/hostedtoolcache/Python/3.11.13/x64/lib/python3.11/site-packages (from -r requirements-dev.txt (line 28)) (65.5.0)
Collecting pytest-asyncio==1.1.0 (from -r requirements-dev.txt (line 29))
  Using cached pytest_asyncio-1.1.0-py3-none-any.whl.metadata (4.1 kB)
Collecting pytest-cov==7.0.0 (from -r requirements-dev.txt (line 30))
  Using cached pytest_cov-7.0.0-py3-none-any.whl.metadata (31 kB)
Collecting pytest-postgresql==7.0.2 (from -r requirements-dev.txt (line 31))
  Using cached pytest_postgresql-7.0.2-py3-none-any.whl.metadata (18 kB)
Collecting python-dotenv (from -r requirements-dev.txt (line 32))
  Using cached python_dotenv-1.1.1-py3-none-any.whl.metadata (24 kB)
Collecting python-multipart (from -r requirements-dev.txt (line 33))
  Downloading python_multipart-0.0.19-py3-none-any.whl.metadata (1.8 kB)
Collecting python-telegram-bot==22.3 (from -r requirements-dev.txt (line 34))
  Using cached python_telegram_bot-22.3-py3-none-any.whl.metadata (17 kB)
Collecting requests==2.32.5 (from -r requirements-dev.txt (line 35))
  Using cached requests-2.32.5-py3-none-any.whl.metadata (4.9 kB)
Collecting respx==0.22.0 (from -r requirements-dev.txt (line 36))
  Using cached respx-0.22.0-py2.py3-none-any.whl.metadata (4.1 kB)
Collecting ruff==0.12.11 (from -r requirements-dev.txt (line 37))
  Using cached ruff-0.12.11-py3-none-manylinux_2_17_x86_64.manylinux2014_x86_64.whl.metadata (25 kB)
Collecting sqlalchemy==2.0.43 (from -r requirements-dev.txt (line 38))
  Using cached sqlalchemy-2.0.43-cp311-cp311-manylinux_2_17_x86_64.manylinux2014_x86_64.whl.metadata (9.6 kB)
Collecting structlog==24.1.0 (from -r requirements-dev.txt (line 39))
  Using cached structlog-24.1.0-py3-none-any.whl.metadata (6.9 kB)
Collecting testcontainers==4.12.0 (from testcontainers[postgres]==4.12.0->-r requirements-dev.txt (line 40))
  Using cached testcontainers-4.12.0-py3-none-any.whl.metadata (8.3 kB)
Collecting types-requests==2.32.4.20250809 (from -r requirements-dev.txt (line 41))
  Using cached types_requests-2.32.4.20250809-py3-none-any.whl.metadata (2.0 kB)
Collecting docspec-python==2.2.2 (from -r requirements-dev.txt (line 42))
  Using cached docspec_python-2.2.2-py3-none-any.whl.metadata (1.0 kB)
Collecting pydoc-markdown==4.8.2 (from -r requirements-dev.txt (line 43))
  Using cached pydoc_markdown-4.8.2-py3-none-any.whl.metadata (5.9 kB)
Collecting pandera==0.26.* (from -r requirements-dev.txt (line 44))
  Using cached pandera-0.26.1-py3-none-any.whl.metadata (10 kB)
Collecting MarkupSafe>=2.0 (from Jinja2==3.1.6->-r requirements-dev.txt (line 2))
  Using cached markupsafe-3.0.3-cp311-cp311-manylinux2014_x86_64.manylinux_2_17_x86_64.manylinux_2_28_x86_64.whl.metadata (2.7 kB)
Collecting Mako (from alembic==1.16.4->-r requirements-dev.txt (line 3))
  Using cached mako-1.3.10-py3-none-any.whl.metadata (2.9 kB)
Collecting typing-extensions>=4.12 (from alembic==1.16.4->-r requirements-dev.txt (line 3))
  Using cached typing_extensions-4.15.0-py3-none-any.whl.metadata (3.3 kB)
Collecting six>=1.4.0 (from apscheduler==3.10.4->-r requirements-dev.txt (line 4))
  Using cached six-1.17.0-py2.py3-none-any.whl.metadata (1.7 kB)
Collecting pytz (from apscheduler==3.10.4->-r requirements-dev.txt (line 4))
  Using cached pytz-2025.2-py2.py3-none-any.whl.metadata (22 kB)
Collecting tzlocal!=3.*,>=2.0 (from apscheduler==3.10.4->-r requirements-dev.txt (line 4))
  Using cached tzlocal-5.3.1-py3-none-any.whl.metadata (7.6 kB)
Collecting starlette>=0.18 (from asgi-correlation-id==4.3.1->-r requirements-dev.txt (line 5))
  Using cached starlette-0.48.0-py3-none-any.whl.metadata (6.3 kB)
Collecting click>=8.0.0 (from black==25.1.0->-r requirements-dev.txt (line 7))
  Using cached click-8.3.0-py3-none-any.whl.metadata (2.6 kB)
Collecting packaging>=22.0 (from black==25.1.0->-r requirements-dev.txt (line 7))
  Using cached packaging-25.0-py3-none-any.whl.metadata (3.3 kB)
Collecting pathspec>=0.9.0 (from black==25.1.0->-r requirements-dev.txt (line 7))
  Using cached pathspec-0.12.1-py3-none-any.whl.metadata (21 kB)
Collecting platformdirs>=2 (from black==25.1.0->-r requirements-dev.txt (line 7))
  Using cached platformdirs-4.5.0-py3-none-any.whl.metadata (12 kB)
Collecting botocore<1.41.0,>=1.40.21 (from boto3==1.40.21->-r requirements-dev.txt (line 8))
  Downloading botocore-1.40.57-py3-none-any.whl.metadata (5.7 kB)
Collecting jmespath<2.0.0,>=0.7.1 (from boto3==1.40.21->-r requirements-dev.txt (line 8))
  Using cached jmespath-1.0.1-py3-none-any.whl.metadata (7.6 kB)
Collecting s3transfer<0.14.0,>=0.13.0 (from boto3==1.40.21->-r requirements-dev.txt (line 8))
  Using cached s3transfer-0.13.1-py3-none-any.whl.metadata (1.7 kB)
Collecting argon2-cffi (from minio==7.2.16->-r requirements-dev.txt (line 10))
  Using cached argon2_cffi-25.1.0-py3-none-any.whl.metadata (4.1 kB)
Collecting certifi (from minio==7.2.16->-r requirements-dev.txt (line 10))
  Using cached certifi-2025.10.5-py3-none-any.whl.metadata (2.5 kB)
Collecting pycryptodome (from minio==7.2.16->-r requirements-dev.txt (line 10))
  Using cached pycryptodome-3.23.0-cp37-abi3-manylinux_2_17_x86_64.manylinux2014_x86_64.whl.metadata (3.4 kB)
Collecting urllib3 (from minio==7.2.16->-r requirements-dev.txt (line 10))
  Using cached urllib3-2.5.0-py3-none-any.whl.metadata (6.5 kB)
Collecting toml (from vulture==2.10->-r requirements-dev.txt (line 11))
  Using cached toml-0.10.2-py2.py3-none-any.whl.metadata (7.1 kB)
Collecting billiard<5.0,>=4.2.1 (from celery==5.5.3->-r requirements-dev.txt (line 12))
  Using cached billiard-4.2.2-py3-none-any.whl.metadata (4.8 kB)
Collecting kombu<5.6,>=5.5.2 (from celery==5.5.3->-r requirements-dev.txt (line 12))
  Using cached kombu-5.5.4-py3-none-any.whl.metadata (3.5 kB)
Collecting vine<6.0,>=5.1.0 (from celery==5.5.3->-r requirements-dev.txt (line 12))
  Using cached vine-5.1.0-py3-none-any.whl.metadata (2.7 kB)
Collecting click-didyoumean>=0.3.0 (from celery==5.5.3->-r requirements-dev.txt (line 12))
  Using cached click_didyoumean-0.3.1-py3-none-any.whl.metadata (3.9 kB)
Collecting click-repl>=0.2.0 (from celery==5.5.3->-r requirements-dev.txt (line 12))
  Using cached click_repl-0.3.0-py3-none-any.whl.metadata (3.6 kB)
Collecting click-plugins>=1.1.1 (from celery==5.5.3->-r requirements-dev.txt (line 12))
  Using cached click_plugins-1.1.1.2-py2.py3-none-any.whl.metadata (6.5 kB)
Collecting python-dateutil>=2.8.2 (from celery==5.5.3->-r requirements-dev.txt (line 12))
  Using cached python_dateutil-2.9.0.post0-py2.py3-none-any.whl.metadata (8.4 kB)
Collecting starlette>=0.18 (from asgi-correlation-id==4.3.1->-r requirements-dev.txt (line 5))
  Using cached starlette-0.47.3-py3-none-any.whl.metadata (6.2 kB)
Collecting et-xmlfile (from openpyxl==3.1.5->-r requirements-dev.txt (line 22))
  Using cached et_xmlfile-2.0.0-py3-none-any.whl.metadata (2.7 kB)
Collecting tzdata>=2022.7 (from pandas==2.3.2->-r requirements-dev.txt (line 23))
  Using cached tzdata-2025.2-py2.py3-none-any.whl.metadata (1.4 kB)
Collecting pytest<9,>=8.2 (from pytest-asyncio==1.1.0->-r requirements-dev.txt (line 29))
  Using cached pytest-8.4.2-py3-none-any.whl.metadata (7.7 kB)
Collecting coverage>=7.10.6 (from coverage[toml]>=7.10.6->pytest-cov==7.0.0->-r requirements-dev.txt (line 30))
  Using cached coverage-7.11.0-cp311-cp311-manylinux1_x86_64.manylinux_2_28_x86_64.manylinux_2_5_x86_64.whl.metadata (9.0 kB)
Collecting pluggy>=1.2 (from pytest-cov==7.0.0->-r requirements-dev.txt (line 30))
  Using cached pluggy-1.6.0-py3-none-any.whl.metadata (4.8 kB)
Collecting port-for>=0.7.3 (from pytest-postgresql==7.0.2->-r requirements-dev.txt (line 31))
  Using cached port_for-1.0.0-py3-none-any.whl.metadata (7.2 kB)
Collecting mirakuru>=2.6.0 (from pytest-postgresql==7.0.2->-r requirements-dev.txt (line 31))
  Using cached mirakuru-2.6.1-py3-none-any.whl.metadata (10 kB)
Collecting charset_normalizer<4,>=2 (from requests==2.32.5->-r requirements-dev.txt (line 35))
  Using cached charset_normalizer-3.4.4-cp311-cp311-manylinux2014_x86_64.manylinux_2_17_x86_64.manylinux_2_28_x86_64.whl.metadata (37 kB)
Collecting idna<4,>=2.5 (from requests==2.32.5->-r requirements-dev.txt (line 35))
  Using cached idna-3.11-py3-none-any.whl.metadata (8.4 kB)
Collecting greenlet>=1 (from sqlalchemy==2.0.43->-r requirements-dev.txt (line 38))
  Using cached greenlet-3.2.4-cp311-cp311-manylinux_2_24_x86_64.manylinux_2_28_x86_64.whl.metadata (4.1 kB)
Collecting docker (from testcontainers==4.12.0->testcontainers[postgres]==4.12.0->-r requirements-dev.txt (line 40))
  Using cached docker-7.1.0-py3-none-any.whl.metadata (3.8 kB)
Collecting wrapt (from testcontainers==4.12.0->testcontainers[postgres]==4.12.0->-r requirements-dev.txt (line 40))
  Using cached wrapt-2.0.0-cp311-cp311-manylinux1_x86_64.manylinux_2_28_x86_64.manylinux_2_5_x86_64.whl.metadata (8.8 kB)
Collecting docspec==2.2.1 (from docspec-python==2.2.2->-r requirements-dev.txt (line 42))
  Using cached docspec-2.2.1-py3-none-any.whl.metadata (1.5 kB)
Collecting nr-util>=0.8.12 (from docspec-python==2.2.2->-r requirements-dev.txt (line 42))
  Using cached nr.util-0.8.12-py3-none-any.whl.metadata (813 bytes)
Collecting PyYAML<7.0,>=5.0 (from pydoc-markdown==4.8.2->-r requirements-dev.txt (line 43))
  Using cached pyyaml-6.0.3-cp311-cp311-manylinux2014_x86_64.manylinux_2_17_x86_64.manylinux_2_28_x86_64.whl.metadata (2.4 kB)
Collecting databind.core<5.0.0,>=4.4.0 (from pydoc-markdown==4.8.2->-r requirements-dev.txt (line 43))
  Using cached databind.core-4.5.2-py3-none-any.whl.metadata (1.1 kB)
Collecting databind.json<5.0.0,>=4.4.0 (from pydoc-markdown==4.8.2->-r requirements-dev.txt (line 43))
  Using cached databind.json-4.5.2-py3-none-any.whl.metadata (1.1 kB)
Collecting docstring-parser<0.12,>=0.11 (from pydoc-markdown==4.8.2->-r requirements-dev.txt (line 43))
  Using cached docstring_parser-0.11-py3-none-any.whl
Collecting tomli<3.0.0,>=2.0.0 (from pydoc-markdown==4.8.2->-r requirements-dev.txt (line 43))
  Using cached tomli-2.3.0-cp311-cp311-manylinux2014_x86_64.manylinux_2_17_x86_64.manylinux_2_28_x86_64.whl.metadata (10 kB)
Collecting tomli_w<2.0.0,>=1.0.0 (from pydoc-markdown==4.8.2->-r requirements-dev.txt (line 43))
  Using cached tomli_w-1.2.0-py3-none-any.whl.metadata (5.7 kB)
Collecting watchdog (from pydoc-markdown==4.8.2->-r requirements-dev.txt (line 43))
  Using cached watchdog-6.0.0-py3-none-manylinux2014_x86_64.whl.metadata (44 kB)
Collecting yapf>=0.30.0 (from pydoc-markdown==4.8.2->-r requirements-dev.txt (line 43))
  Using cached yapf-0.43.0-py3-none-any.whl.metadata (46 kB)
Collecting Deprecated<2.0.0,>=1.2.12 (from docspec==2.2.1->docspec-python==2.2.2->-r requirements-dev.txt (line 42))
  Using cached Deprecated-1.2.18-py2.py3-none-any.whl.metadata (5.7 kB)
Collecting fastapi-cli>=0.0.8 (from fastapi-cli[standard]>=0.0.8; extra == "all"->fastapi[all]==0.116.1->-r requirements-dev.txt (line 14))
  Using cached fastapi_cli-0.0.14-py3-none-any.whl.metadata (6.4 kB)
Collecting ujson!=4.0.2,!=4.1.0,!=4.2.0,!=4.3.0,!=5.0.0,!=5.1.0,>=4.0.1 (from fastapi[all]==0.116.1->-r requirements-dev.txt (line 14))
  Using cached ujson-5.11.0-cp311-cp311-manylinux_2_24_x86_64.manylinux_2_28_x86_64.whl.metadata (9.4 kB)
Collecting orjson>=3.2.1 (from fastapi[all]==0.116.1->-r requirements-dev.txt (line 14))
  Using cached orjson-3.11.3-cp311-cp311-manylinux_2_17_x86_64.manylinux2014_x86_64.whl.metadata (41 kB)
Collecting email-validator>=2.0.0 (from fastapi[all]==0.116.1->-r requirements-dev.txt (line 14))
  Using cached email_validator-2.3.0-py3-none-any.whl.metadata (26 kB)
Collecting uvicorn>=0.12.0 (from uvicorn[standard]>=0.12.0; extra == "all"->fastapi[all]==0.116.1->-r requirements-dev.txt (line 14))
  Using cached uvicorn-0.35.0-py3-none-any.whl.metadata (6.5 kB)
Collecting pydantic-extra-types>=2.0.0 (from fastapi[all]==0.116.1->-r requirements-dev.txt (line 14))
  Using cached pydantic_extra_types-2.10.6-py3-none-any.whl.metadata (4.0 kB)
Collecting psycopg-binary==3.2.9 (from psycopg[binary]==3.2.9->-r requirements-dev.txt (line 25))
  Using cached psycopg_binary-3.2.9-cp311-cp311-manylinux_2_17_x86_64.manylinux2014_x86_64.whl.metadata (2.9 kB)
Collecting anyio (from httpx<0.28,>=0.27->-r requirements-dev.txt (line 16))
  Using cached anyio-4.4.0-py3-none-any.whl.metadata (4.6 kB)
Collecting httpcore==1.* (from httpx<0.28,>=0.27->-r requirements-dev.txt (line 16))
  Using cached httpcore-1.0.5-py3-none-any.whl.metadata (20 kB)
Collecting sniffio (from httpx<0.28,>=0.27->-r requirements-dev.txt (line 16))
  Using cached sniffio-1.3.1-py3-none-any.whl.metadata (3.9 kB)
Collecting annotated-types>=0.6.0 (from pydantic>=2.6->-r requirements-dev.txt (line 26))
  Using cached annotated_types-0.7.0-py3-none-any.whl.metadata (15 kB)
Collecting pydantic-core==2.33.2 (from pydantic>=2.6->-r requirements-dev.txt (line 26))
  Using cached pydantic_core-2.33.2-cp311-cp311-manylinux_2_17_x86_64.manylinux2014_x86_64.whl.metadata (6.8 kB)
Collecting typing-inspection>=0.4.0 (from pydantic>=2.6->-r requirements-dev.txt (line 26))
  Using cached typing_inspection-0.4.2-py3-none-any.whl.metadata (2.6 kB)
Collecting typeguard (from pandera==0.26.*->-r requirements-dev.txt (line 44))
  Using cached typeguard-4.4.4-py3-none-any.whl.metadata (3.3 kB)
Collecting typing_inspect>=0.6.0 (from pandera==0.26.*->-r requirements-dev.txt (line 44))
  Using cached typing_inspect-0.9.0-py3-none-any.whl.metadata (1.5 kB)
Collecting databind<5.0.0,>=4.5.2 (from databind.core<5.0.0,>=4.4.0->pydoc-markdown==4.8.2->-r requirements-dev.txt (line 43))
  Using cached databind-4.5.2-py3-none-any.whl.metadata (4.3 kB)
Collecting nr-date<3.0.0,>=2.0.0 (from databind<5.0.0,>=4.5.2->databind.core<5.0.0,>=4.4.0->pydoc-markdown==4.8.2->-r requirements-dev.txt (line 43))
  Using cached nr_date-2.1.0-py3-none-any.whl.metadata (746 bytes)
Collecting nr-stream<2.0.0,>=1.0.0 (from databind<5.0.0,>=4.5.2->databind.core<5.0.0,>=4.4.0->pydoc-markdown==4.8.2->-r requirements-dev.txt (line 43))
  Using cached nr_stream-1.1.5-py3-none-any.whl.metadata (3.6 kB)
Collecting typeapi<3,>=2.0.1 (from databind<5.0.0,>=4.5.2->databind.core<5.0.0,>=4.4.0->pydoc-markdown==4.8.2->-r requirements-dev.txt (line 43))
  Using cached typeapi-2.2.4-py3-none-any.whl.metadata (1.5 kB)
Collecting wrapt (from testcontainers==4.12.0->testcontainers[postgres]==4.12.0->-r requirements-dev.txt (line 40))
  Using cached wrapt-1.17.3-cp311-cp311-manylinux1_x86_64.manylinux_2_28_x86_64.manylinux_2_5_x86_64.whl.metadata (6.4 kB)
Collecting h11<0.15,>=0.13 (from httpcore==1.*->httpx<0.28,>=0.27->-r requirements-dev.txt (line 16))
  Using cached h11-0.14.0-py3-none-any.whl.metadata (8.2 kB)
Collecting amqp<6.0.0,>=5.1.1 (from kombu<5.6,>=5.5.2->celery==5.5.3->-r requirements-dev.txt (line 12))
  Using cached amqp-5.3.1-py3-none-any.whl.metadata (8.9 kB)
Collecting iniconfig>=1 (from pytest<9,>=8.2->pytest-asyncio==1.1.0->-r requirements-dev.txt (line 29))
  Using cached iniconfig-2.3.0-py3-none-any.whl.metadata (2.5 kB)
Collecting pygments>=2.7.2 (from pytest<9,>=8.2->pytest-asyncio==1.1.0->-r requirements-dev.txt (line 29))
  Using cached pygments-2.19.2-py3-none-any.whl.metadata (2.5 kB)
Collecting prompt-toolkit>=3.0.36 (from click-repl>=0.2.0->celery==5.5.3->-r requirements-dev.txt (line 12))
  Using cached prompt_toolkit-3.0.52-py3-none-any.whl.metadata (6.4 kB)
Collecting dnspython>=2.0.0 (from email-validator>=2.0.0->fastapi[all]==0.116.1->-r requirements-dev.txt (line 14))
  Using cached dnspython-2.8.0-py3-none-any.whl.metadata (5.7 kB)
Collecting typer>=0.15.1 (from fastapi-cli>=0.0.8->fastapi-cli[standard]>=0.0.8; extra == "all"->fastapi[all]==0.116.1->-r requirements-dev.txt (line 14))
  Using cached typer-0.20.0-py3-none-any.whl.metadata (16 kB)
Collecting rich-toolkit>=0.14.8 (from fastapi-cli>=0.0.8->fastapi-cli[standard]>=0.0.8; extra == "all"->fastapi[all]==0.116.1->-r requirements-dev.txt (line 14))
  Using cached rich_toolkit-0.15.1-py3-none-any.whl.metadata (1.0 kB)
Collecting fastapi-cloud-cli>=0.1.1 (from fastapi-cli[standard]>=0.0.8; extra == "all"->fastapi[all]==0.116.1->-r requirements-dev.txt (line 14))
  Using cached fastapi_cloud_cli-0.3.1-py3-none-any.whl.metadata (3.2 kB)
Collecting rignore>=0.5.1 (from fastapi-cloud-cli>=0.1.1->fastapi-cli[standard]>=0.0.8; extra == "all"->fastapi[all]==0.116.1->-r requirements-dev.txt (line 14))
  Using cached rignore-0.7.1-cp311-cp311-manylinux_2_17_x86_64.manylinux2014_x86_64.whl.metadata (4.2 kB)
Collecting sentry-sdk>=2.20.0 (from fastapi-cloud-cli>=0.1.1->fastapi-cli[standard]>=0.0.8; extra == "all"->fastapi[all]==0.116.1->-r requirements-dev.txt (line 14))
  Using cached sentry_sdk-2.20.0-py2.py3-none-any.whl.metadata (10 kB)
Collecting psutil>=4.0.0 (from mirakuru>=2.6.0->pytest-postgresql==7.0.2->-r requirements-dev.txt (line 31))
  Using cached psutil-7.1.1-cp36-abi3-manylinux_2_12_x86_64.manylinux2010_x86_64.manylinux_2_17_x86_64.manylinux2014_x86_64.whl.metadata (23 kB)
Collecting wcwidth (from prompt-toolkit>=3.0.36->click-repl>=0.2.0->celery==5.5.3->-r requirements-dev.txt (line 12))
  Using cached wcwidth-0.2.14-py2.py3-none-any.whl.metadata (15 kB)
Collecting rich>=13.7.1 (from rich-toolkit>=0.14.8->fastapi-cli>=0.0.8->fastapi-cli[standard]>=0.0.8; extra == "all"->fastapi[all]==0.116.1->-r requirements-dev.txt (line 14))
  Using cached rich-14.2.0-py3-none-any.whl.metadata (18 kB)
Collecting markdown-it-py>=2.2.0 (from rich>=13.7.1->rich-toolkit>=0.14.8->fastapi-cli>=0.0.8->fastapi-cli[standard]>=0.0.8; extra == "all"->fastapi[all]==0.116.1->-r requirements-dev.txt (line 14))
  Using cached markdown_it_py-4.0.0-py3-none-any.whl.metadata (7.3 kB)
Collecting mdurl~=0.1 (from markdown-it-py>=2.2.0->rich>=13.7.1->rich-toolkit>=0.14.8->fastapi-cli>=0.0.8->fastapi-cli[standard]>=0.0.8; extra == "all"->fastapi[all]==0.116.1->-r requirements-dev.txt (line 14))
  Using cached mdurl-0.1.2-py3-none-any.whl.metadata (1.6 kB)
Collecting shellingham>=1.3.0 (from typer>=0.15.1->fastapi-cli>=0.0.8->fastapi-cli[standard]>=0.0.8; extra == "all"->fastapi[all]==0.116.1->-r requirements-dev.txt (line 14))
  Using cached shellingham-1.5.4-py2.py3-none-any.whl.metadata (3.5 kB)
Collecting httptools>=0.6.3 (from uvicorn[standard]>=0.12.0; extra == "all"->fastapi[all]==0.116.1->-r requirements-dev.txt (line 14))
  Using cached httptools-0.7.1-cp311-cp311-manylinux1_x86_64.manylinux_2_28_x86_64.manylinux_2_5_x86_64.whl.metadata (3.5 kB)
Collecting uvloop>=0.15.1 (from uvicorn[standard]>=0.12.0; extra == "all"->fastapi[all]==0.116.1->-r requirements-dev.txt (line 14))
  Using cached uvloop-0.22.1-cp311-cp311-manylinux2014_x86_64.manylinux_2_17_x86_64.manylinux_2_28_x86_64.whl.metadata (4.9 kB)
Collecting watchfiles>=0.13 (from uvicorn[standard]>=0.12.0; extra == "all"->fastapi[all]==0.116.1->-r requirements-dev.txt (line 14))
  Using cached watchfiles-1.1.1-cp311-cp311-manylinux_2_17_x86_64.manylinux2014_x86_64.whl.metadata (4.9 kB)
Collecting websockets>=10.4 (from uvicorn[standard]>=0.12.0; extra == "all"->fastapi[all]==0.116.1->-r requirements-dev.txt (line 14))
  Using cached websockets-15.0.1-cp311-cp311-manylinux_2_5_x86_64.manylinux1_x86_64.manylinux_2_17_x86_64.manylinux2014_x86_64.whl.metadata (6.8 kB)
Collecting argon2-cffi-bindings (from argon2-cffi->minio==7.2.16->-r requirements-dev.txt (line 10))
  Using cached argon2_cffi_bindings-25.1.0-cp39-abi3-manylinux_2_26_x86_64.manylinux_2_28_x86_64.whl.metadata (7.4 kB)
Collecting cffi>=1.0.1 (from argon2-cffi-bindings->argon2-cffi->minio==7.2.16->-r requirements-dev.txt (line 10))
  Using cached cffi-2.0.0-cp311-cp311-manylinux2014_x86_64.manylinux_2_17_x86_64.whl.metadata (2.6 kB)
Collecting pycparser (from cffi>=1.0.1->argon2-cffi-bindings->argon2-cffi->minio==7.2.16->-r requirements-dev.txt (line 10))
  Using cached pycparser-2.23-py3-none-any.whl.metadata (993 bytes)
Using cached jinja2-3.1.6-py3-none-any.whl (134 kB)
Using cached alembic-1.16.4-py3-none-any.whl (247 kB)
Using cached APScheduler-3.10.4-py3-none-any.whl (59 kB)
Using cached asgi_correlation_id-4.3.1-py3-none-any.whl (15 kB)
Using cached asyncpg-0.30.0-cp311-cp311-manylinux_2_17_x86_64.manylinux2014_x86_64.whl (3.1 MB)
Using cached black-25.1.0-cp311-cp311-manylinux_2_17_x86_64.manylinux2014_x86_64.manylinux_2_28_x86_64.whl (1.7 MB)
Using cached boto3-1.40.21-py3-none-any.whl (139 kB)
Using cached minio-7.2.16-py3-none-any.whl (95 kB)
Using cached vulture-2.10-py2.py3-none-any.whl (27 kB)
Using cached celery-5.5.3-py3-none-any.whl (438 kB)
Using cached fastapi-0.116.1-py3-none-any.whl (95 kB)
Using cached fastapi_limiter-0.1.6-py3-none-any.whl (15 kB)
Using cached IMAPClient-3.0.1-py2.py3-none-any.whl (182 kB)
Using cached mypy_extensions-1.1.0-py3-none-any.whl (5.0 kB)
Using cached openpyxl-3.1.5-py2.py3-none-any.whl (250 kB)
Using cached pandas-2.3.2-cp311-cp311-manylinux_2_17_x86_64.manylinux2014_x86_64.whl (12.4 MB)
Using cached psycopg2_binary-2.9.10-cp311-cp311-manylinux_2_17_x86_64.manylinux2014_x86_64.whl (3.0 MB)
Using cached psycopg-3.2.9-py3-none-any.whl (202 kB)
Using cached pytest_asyncio-1.1.0-py3-none-any.whl (15 kB)
Using cached pytest_cov-7.0.0-py3-none-any.whl (22 kB)
Using cached pytest_postgresql-7.0.2-py3-none-any.whl (41 kB)
Using cached python_telegram_bot-22.3-py3-none-any.whl (717 kB)
Using cached requests-2.32.5-py3-none-any.whl (64 kB)
Using cached respx-0.22.0-py2.py3-none-any.whl (25 kB)
Using cached ruff-0.12.11-py3-none-manylinux_2_17_x86_64.manylinux2014_x86_64.whl (13.2 MB)
Using cached sqlalchemy-2.0.43-cp311-cp311-manylinux_2_17_x86_64.manylinux2014_x86_64.whl (3.3 MB)
Using cached structlog-24.1.0-py3-none-any.whl (65 kB)
Using cached testcontainers-4.12.0-py3-none-any.whl (111 kB)
Using cached types_requests-2.32.4.20250809-py3-none-any.whl (20 kB)
Using cached docspec_python-2.2.2-py3-none-any.whl (15 kB)
Using cached pydoc_markdown-4.8.2-py3-none-any.whl (67 kB)
Using cached docspec-2.2.1-py3-none-any.whl (9.8 kB)
Using cached psycopg_binary-3.2.9-cp311-cp311-manylinux_2_17_x86_64.manylinux2014_x86_64.whl (4.5 MB)
Using cached redis-6.4.0-py3-none-any.whl (279 kB)
Using cached httpx-0.27.2-py3-none-any.whl (76 kB)
Using cached mypy-1.18.2-cp311-cp311-manylinux2014_x86_64.manylinux_2_17_x86_64.manylinux_2_28_x86_64.whl (13.2 MB)
Using cached numpy-1.26.4-cp311-cp311-manylinux_2_17_x86_64.manylinux2014_x86_64.whl (18.3 MB)
Using cached pydantic-2.11.7-py3-none-any.whl (444 kB)
Using cached pydantic_core-2.33.2-cp311-cp311-manylinux_2_17_x86_64.manylinux2014_x86_64.whl (2.0 MB)
Using cached pandera-0.26.1-py3-none-any.whl (292 kB)
Using cached billiard-4.2.2-py3-none-any.whl (86 kB)
Downloading botocore-1.40.57-py3-none-any.whl (14.1 MB)
   ━━━━━━━━━━━━━━━━━━━━━━━━━━━━━━━━━━━━━━━━ 14.1/14.1 MB 34.1 MB/s  0:00:00
Using cached charset_normalizer-3.4.4-cp311-cp311-manylinux2014_x86_64.manylinux_2_17_x86_64.manylinux_2_28_x86_64.whl (151 kB)
Using cached click-8.3.0-py3-none-any.whl (107 kB)
Using cached databind.core-4.5.2-py3-none-any.whl (1.5 kB)
Using cached databind-4.5.2-py3-none-any.whl (49 kB)
Using cached databind.json-4.5.2-py3-none-any.whl (1.5 kB)
Using cached Deprecated-1.2.18-py2.py3-none-any.whl (10.0 kB)
Using cached httpcore-1.0.5-py3-none-any.whl (77 kB)
Using cached h11-0.14.0-py3-none-any.whl (58 kB)
Using cached idna-3.11-py3-none-any.whl (71 kB)
Using cached jmespath-1.0.1-py3-none-any.whl (20 kB)
Using cached kombu-5.5.4-py3-none-any.whl (210 kB)
Using cached vine-5.1.0-py3-none-any.whl (9.6 kB)
Using cached amqp-5.3.1-py3-none-any.whl (50 kB)
Using cached nr_date-2.1.0-py3-none-any.whl (10 kB)
Using cached nr_stream-1.1.5-py3-none-any.whl (10 kB)
Using cached nr.util-0.8.12-py3-none-any.whl (90 kB)
Using cached pytest-8.4.2-py3-none-any.whl (365 kB)
Using cached pluggy-1.6.0-py3-none-any.whl (20 kB)
Using cached python_dateutil-2.9.0.post0-py2.py3-none-any.whl (229 kB)
Using cached pyyaml-6.0.3-cp311-cp311-manylinux2014_x86_64.manylinux_2_17_x86_64.manylinux_2_28_x86_64.whl (806 kB)
Using cached s3transfer-0.13.1-py3-none-any.whl (85 kB)
Using cached starlette-0.47.3-py3-none-any.whl (72 kB)
Using cached anyio-4.4.0-py3-none-any.whl (86 kB)
Using cached tomli-2.3.0-cp311-cp311-manylinux2014_x86_64.manylinux_2_17_x86_64.manylinux_2_28_x86_64.whl (242 kB)
Using cached tomli_w-1.2.0-py3-none-any.whl (6.7 kB)
Using cached typeapi-2.2.4-py3-none-any.whl (26 kB)
Using cached typing_extensions-4.15.0-py3-none-any.whl (44 kB)
Using cached urllib3-2.5.0-py3-none-any.whl (129 kB)
Using cached wrapt-1.17.3-cp311-cp311-manylinux1_x86_64.manylinux_2_28_x86_64.manylinux_2_5_x86_64.whl (82 kB)
Using cached itsdangerous-2.2.0-py3-none-any.whl (16 kB)
Using cached pydantic_settings-2.2.1-py3-none-any.whl (13 kB)
Using cached python_dotenv-1.1.1-py3-none-any.whl (20 kB)
Downloading python_multipart-0.0.19-py3-none-any.whl (24 kB)
Using cached annotated_types-0.7.0-py3-none-any.whl (13 kB)
Using cached certifi-2025.10.5-py3-none-any.whl (163 kB)
Using cached click_didyoumean-0.3.1-py3-none-any.whl (3.6 kB)
Using cached click_plugins-1.1.1.2-py2.py3-none-any.whl (11 kB)
Using cached click_repl-0.3.0-py3-none-any.whl (10 kB)
Using cached coverage-7.11.0-cp311-cp311-manylinux1_x86_64.manylinux_2_28_x86_64.manylinux_2_5_x86_64.whl (248 kB)
Using cached email_validator-2.3.0-py3-none-any.whl (35 kB)
Using cached dnspython-2.8.0-py3-none-any.whl (331 kB)
Using cached fastapi_cli-0.0.14-py3-none-any.whl (11 kB)
Using cached fastapi_cloud_cli-0.3.1-py3-none-any.whl (19 kB)
Using cached greenlet-3.2.4-cp311-cp311-manylinux_2_24_x86_64.manylinux_2_28_x86_64.whl (587 kB)
Using cached iniconfig-2.3.0-py3-none-any.whl (7.5 kB)
Using cached markupsafe-3.0.3-cp311-cp311-manylinux2014_x86_64.manylinux_2_17_x86_64.manylinux_2_28_x86_64.whl (22 kB)
Using cached mirakuru-2.6.1-py3-none-any.whl (26 kB)
Using cached orjson-3.11.3-cp311-cp311-manylinux_2_17_x86_64.manylinux2014_x86_64.whl (132 kB)
Using cached packaging-25.0-py3-none-any.whl (66 kB)
Using cached pathspec-0.12.1-py3-none-any.whl (31 kB)
Using cached platformdirs-4.5.0-py3-none-any.whl (18 kB)
Using cached port_for-1.0.0-py3-none-any.whl (17 kB)
Using cached prompt_toolkit-3.0.52-py3-none-any.whl (391 kB)
Using cached psutil-7.1.1-cp36-abi3-manylinux_2_12_x86_64.manylinux2010_x86_64.manylinux_2_17_x86_64.manylinux2014_x86_64.whl (290 kB)
Using cached pydantic_extra_types-2.10.6-py3-none-any.whl (40 kB)
Using cached pygments-2.19.2-py3-none-any.whl (1.2 MB)
Using cached pytz-2025.2-py2.py3-none-any.whl (509 kB)
Using cached rich_toolkit-0.15.1-py3-none-any.whl (29 kB)
Using cached rich-14.2.0-py3-none-any.whl (243 kB)
Using cached markdown_it_py-4.0.0-py3-none-any.whl (87 kB)
Using cached mdurl-0.1.2-py3-none-any.whl (10.0 kB)
Using cached rignore-0.7.1-cp311-cp311-manylinux_2_17_x86_64.manylinux2014_x86_64.whl (952 kB)
Using cached sentry_sdk-2.20.0-py2.py3-none-any.whl (322 kB)
Using cached six-1.17.0-py2.py3-none-any.whl (11 kB)
Using cached sniffio-1.3.1-py3-none-any.whl (10 kB)
Using cached typer-0.20.0-py3-none-any.whl (47 kB)
Using cached shellingham-1.5.4-py2.py3-none-any.whl (9.8 kB)
Using cached typing_inspect-0.9.0-py3-none-any.whl (8.8 kB)
Using cached typing_inspection-0.4.2-py3-none-any.whl (14 kB)
Using cached tzdata-2025.2-py2.py3-none-any.whl (347 kB)
Using cached tzlocal-5.3.1-py3-none-any.whl (18 kB)
Using cached ujson-5.11.0-cp311-cp311-manylinux_2_24_x86_64.manylinux_2_28_x86_64.whl (57 kB)
Using cached uvicorn-0.35.0-py3-none-any.whl (66 kB)
Using cached httptools-0.7.1-cp311-cp311-manylinux1_x86_64.manylinux_2_28_x86_64.manylinux_2_5_x86_64.whl (456 kB)
Using cached uvloop-0.22.1-cp311-cp311-manylinux2014_x86_64.manylinux_2_17_x86_64.manylinux_2_28_x86_64.whl (3.8 MB)
Using cached watchfiles-1.1.1-cp311-cp311-manylinux_2_17_x86_64.manylinux2014_x86_64.whl (456 kB)
Using cached websockets-15.0.1-cp311-cp311-manylinux_2_5_x86_64.manylinux1_x86_64.manylinux_2_17_x86_64.manylinux2014_x86_64.whl (182 kB)
Using cached yapf-0.43.0-py3-none-any.whl (256 kB)
Using cached argon2_cffi-25.1.0-py3-none-any.whl (14 kB)
Using cached argon2_cffi_bindings-25.1.0-cp39-abi3-manylinux_2_26_x86_64.manylinux_2_28_x86_64.whl (87 kB)
Using cached cffi-2.0.0-cp311-cp311-manylinux2014_x86_64.manylinux_2_17_x86_64.whl (215 kB)
Using cached docker-7.1.0-py3-none-any.whl (147 kB)
Using cached et_xmlfile-2.0.0-py3-none-any.whl (18 kB)
Using cached mako-1.3.10-py3-none-any.whl (78 kB)
Using cached pycparser-2.23-py3-none-any.whl (118 kB)
Using cached pycryptodome-3.23.0-cp37-abi3-manylinux_2_17_x86_64.manylinux2014_x86_64.whl (2.3 MB)
Using cached toml-0.10.2-py2.py3-none-any.whl (16 kB)
Using cached typeguard-4.4.4-py3-none-any.whl (34 kB)
Using cached watchdog-6.0.0-py3-none-manylinux2014_x86_64.whl (79 kB)
Using cached wcwidth-0.2.14-py2.py3-none-any.whl (37 kB)
Installing collected packages: pytz, wrapt, websockets, wcwidth, watchdog, vine, uvloop, urllib3, ujson, tzlocal, tzdata, typing-extensions, tomli_w, tomli, toml, structlog, sniffio, six, shellingham, ruff, rignore, redis, PyYAML, python-multipart, python-dotenv, pygments, pycryptodome, pycparser, psycopg2-binary, psycopg-binary, psutil, port-for, pluggy, platformdirs, pathspec, packaging, orjson, numpy, nr-stream, nr-date, mypy-extensions, mdurl, MarkupSafe, jmespath, itsdangerous, iniconfig, imapclient, idna, httptools, h11, greenlet, et-xmlfile, docstring-parser, dnspython, coverage, click, charset_normalizer, certifi, billiard, asyncpg, annotated-types, yapf, vulture, uvicorn, typing-inspection, typing_inspect, types-requests, typeguard, typeapi, sqlalchemy, sentry-sdk, requests, python-dateutil, pytest, pydantic-core, psycopg, prompt-toolkit, openpyxl, mypy, mirakuru, markdown-it-py, Mako, Jinja2, httpcore, email-validator, Deprecated, click-plugins, click-didyoumean, cffi, black, apscheduler, anyio, amqp, watchfiles, starlette, rich, pytest-postgresql, pytest-cov, pytest-asyncio, pydantic, pandas, nr-util, kombu, httpx, docker, databind, click-repl, botocore, argon2-cffi-bindings, alembic, typer, testcontainers, s3transfer, rich-toolkit, respx, python-telegram-bot, pydantic-settings, pydantic-extra-types, pandera, fastapi, databind.json, databind.core, celery, asgi-correlation-id, argon2-cffi, minio, fastapi-limiter, fastapi-cloud-cli, fastapi-cli, docspec, boto3, docspec-python, pydoc-markdown

Successfully installed Deprecated-1.2.18 Jinja2-3.1.6 Mako-1.3.10 MarkupSafe-3.0.3 PyYAML-6.0.3 alembic-1.16.4 amqp-5.3.1 annotated-types-0.7.0 anyio-4.4.0 apscheduler-3.10.4 argon2-cffi-25.1.0 argon2-cffi-bindings-25.1.0 asgi-correlation-id-4.3.1 asyncpg-0.30.0 billiard-4.2.2 black-25.1.0 boto3-1.40.21 botocore-1.40.57 celery-5.5.3 certifi-2025.10.5 cffi-2.0.0 charset_normalizer-3.4.4 click-8.3.0 click-didyoumean-0.3.1 click-plugins-1.1.1.2 click-repl-0.3.0 coverage-7.11.0 databind-4.5.2 databind.core-4.5.2 databind.json-4.5.2 dnspython-2.8.0 docker-7.1.0 docspec-2.2.1 docspec-python-2.2.2 docstring-parser-0.11 email-validator-2.3.0 et-xmlfile-2.0.0 fastapi-0.116.1 fastapi-cli-0.0.14 fastapi-cloud-cli-0.3.1 fastapi-limiter-0.1.6 greenlet-3.2.4 h11-0.14.0 httpcore-1.0.5 httptools-0.7.1 httpx-0.27.2 idna-3.11 imapclient-3.0.1 iniconfig-2.3.0 itsdangerous-2.2.0 jmespath-1.0.1 kombu-5.5.4 markdown-it-py-4.0.0 mdurl-0.1.2 minio-7.2.16 mirakuru-2.6.1 mypy-1.18.2 mypy-extensions-1.1.0 nr-date-2.1.0 nr-stream-1.1.5 nr-util-0.8.12 numpy-1.26.4 openpyxl-3.1.5 orjson-3.11.3 packaging-25.0 pandas-2.3.2 pandera-0.26.1 pathspec-0.12.1 platformdirs-4.5.0 pluggy-1.6.0 port-for-1.0.0 prompt-toolkit-3.0.52 psutil-7.1.1 psycopg-3.2.9 psycopg-binary-3.2.9 psycopg2-binary-2.9.10 pycparser-2.23 pycryptodome-3.23.0 pydantic-2.11.7 pydantic-core-2.33.2 pydantic-extra-types-2.10.6 pydantic-settings-2.2.1 pydoc-markdown-4.8.2 pygments-2.19.2 pytest-8.4.2 pytest-asyncio-1.1.0 pytest-cov-7.0.0 pytest-postgresql-7.0.2 python-dateutil-2.9.0.post0 python-dotenv-1.1.1 python-multipart-0.0.19 python-telegram-bot-22.3 pytz-2025.2 redis-6.4.0 requests-2.32.5 respx-0.22.0 rich-14.2.0 rich-toolkit-0.15.1 rignore-0.7.1 ruff-0.12.11 s3transfer-0.13.1 sentry-sdk-2.20.0 shellingham-1.5.4 six-1.17.0 sniffio-1.3.1 sqlalchemy-2.0.43 starlette-0.47.3 structlog-24.1.0 testcontainers-4.12.0 toml-0.10.2 tomli-2.3.0 tomli_w-1.2.0 typeapi-2.2.4 typeguard-4.4.4 typer-0.20.0 types-requests-2.32.4.20250809 typing-extensions-4.15.0 typing-inspection-0.4.2 typing_inspect-0.9.0 tzdata-2025.2 tzlocal-5.3.1 ujson-5.11.0 urllib3-2.5.0 uvicorn-0.35.0 uvloop-0.22.1 vine-5.1.0 vulture-2.10 watchdog-6.0.0 watchfiles-1.1.1 wcwidth-0.2.14 websockets-15.0.1 wrapt-1.17.3 yapf-0.43.0
Requirement already satisfied: python-telegram-bot==22.3 in /opt/hostedtoolcache/Python/3.11.13/x64/lib/python3.11/site-packages (from -r services/alert_bot/requirements.txt (line 1)) (22.3)
Requirement already satisfied: apscheduler==3.10.4 in /opt/hostedtoolcache/Python/3.11.13/x64/lib/python3.11/site-packages (from -r services/alert_bot/requirements.txt (line 2)) (3.10.4)
Requirement already satisfied: asyncpg==0.30.0 in /opt/hostedtoolcache/Python/3.11.13/x64/lib/python3.11/site-packages (from -r services/alert_bot/requirements.txt (line 3)) (0.30.0)
Requirement already satisfied: httpx<0.29,>=0.27 in /opt/hostedtoolcache/Python/3.11.13/x64/lib/python3.11/site-packages (from python-telegram-bot==22.3->-r services/alert_bot/requirements.txt (line 1)) (0.27.2)
Requirement already satisfied: six>=1.4.0 in /opt/hostedtoolcache/Python/3.11.13/x64/lib/python3.11/site-packages (from apscheduler==3.10.4->-r services/alert_bot/requirements.txt (line 2)) (1.17.0)
Requirement already satisfied: pytz in /opt/hostedtoolcache/Python/3.11.13/x64/lib/python3.11/site-packages (from apscheduler==3.10.4->-r services/alert_bot/requirements.txt (line 2)) (2025.2)
Requirement already satisfied: tzlocal!=3.*,>=2.0 in /opt/hostedtoolcache/Python/3.11.13/x64/lib/python3.11/site-packages (from apscheduler==3.10.4->-r services/alert_bot/requirements.txt (line 2)) (5.3.1)
Requirement already satisfied: anyio in /opt/hostedtoolcache/Python/3.11.13/x64/lib/python3.11/site-packages (from httpx<0.29,>=0.27->python-telegram-bot==22.3->-r services/alert_bot/requirements.txt (line 1)) (4.4.0)
Requirement already satisfied: certifi in /opt/hostedtoolcache/Python/3.11.13/x64/lib/python3.11/site-packages (from httpx<0.29,>=0.27->python-telegram-bot==22.3->-r services/alert_bot/requirements.txt (line 1)) (2025.10.5)
Requirement already satisfied: httpcore==1.* in /opt/hostedtoolcache/Python/3.11.13/x64/lib/python3.11/site-packages (from httpx<0.29,>=0.27->python-telegram-bot==22.3->-r services/alert_bot/requirements.txt (line 1)) (1.0.5)
Requirement already satisfied: idna in /opt/hostedtoolcache/Python/3.11.13/x64/lib/python3.11/site-packages (from httpx<0.29,>=0.27->python-telegram-bot==22.3->-r services/alert_bot/requirements.txt (line 1)) (3.11)
Requirement already satisfied: sniffio in /opt/hostedtoolcache/Python/3.11.13/x64/lib/python3.11/site-packages (from httpx<0.29,>=0.27->python-telegram-bot==22.3->-r services/alert_bot/requirements.txt (line 1)) (1.3.1)
Requirement already satisfied: h11<0.15,>=0.13 in /opt/hostedtoolcache/Python/3.11.13/x64/lib/python3.11/site-packages (from httpcore==1.*->httpx<0.29,>=0.27->python-telegram-bot==22.3->-r services/alert_bot/requirements.txt (line 1)) (0.14.0)
Requirement already satisfied: uvicorn==0.35.0 in /opt/hostedtoolcache/Python/3.11.13/x64/lib/python3.11/site-packages (from -r services/api/requirements.txt (line 1)) (0.35.0)
Requirement already satisfied: pydantic-settings==2.2.1 in /opt/hostedtoolcache/Python/3.11.13/x64/lib/python3.11/site-packages (from -r services/api/requirements.txt (line 2)) (2.2.1)
Requirement already satisfied: fastapi==0.116.1 in /opt/hostedtoolcache/Python/3.11.13/x64/lib/python3.11/site-packages (from -r services/api/requirements.txt (line 3)) (0.116.1)
Requirement already satisfied: sqlalchemy==2.0.43 in /opt/hostedtoolcache/Python/3.11.13/x64/lib/python3.11/site-packages (from -r services/api/requirements.txt (line 4)) (2.0.43)
Requirement already satisfied: alembic==1.16.4 in /opt/hostedtoolcache/Python/3.11.13/x64/lib/python3.11/site-packages (from -r services/api/requirements.txt (line 5)) (1.16.4)
Requirement already satisfied: psycopg==3.2.9 in /opt/hostedtoolcache/Python/3.11.13/x64/lib/python3.11/site-packages (from psycopg[binary]==3.2.9->-r services/api/requirements.txt (line 6)) (3.2.9)
Requirement already satisfied: httpx<0.28,>=0.27 in /opt/hostedtoolcache/Python/3.11.13/x64/lib/python3.11/site-packages (from -r services/api/requirements.txt (line 7)) (0.27.2)
Requirement already satisfied: asyncpg==0.30.0 in /opt/hostedtoolcache/Python/3.11.13/x64/lib/python3.11/site-packages (from -r services/api/requirements.txt (line 8)) (0.30.0)
Requirement already satisfied: boto3==1.40.21 in /opt/hostedtoolcache/Python/3.11.13/x64/lib/python3.11/site-packages (from -r services/api/requirements.txt (line 9)) (1.40.21)
Collecting Jinja2==3.1.5 (from -r services/api/requirements.txt (line 10))
  Using cached jinja2-3.1.5-py3-none-any.whl.metadata (2.6 kB)
Requirement already satisfied: celery==5.5.3 in /opt/hostedtoolcache/Python/3.11.13/x64/lib/python3.11/site-packages (from -r services/api/requirements.txt (line 11)) (5.5.3)
Requirement already satisfied: structlog==24.1.0 in /opt/hostedtoolcache/Python/3.11.13/x64/lib/python3.11/site-packages (from -r services/api/requirements.txt (line 12)) (24.1.0)
Requirement already satisfied: asgi-correlation-id==4.3.1 in /opt/hostedtoolcache/Python/3.11.13/x64/lib/python3.11/site-packages (from -r services/api/requirements.txt (line 13)) (4.3.1)
Requirement already satisfied: fastapi-limiter==0.1.6 in /opt/hostedtoolcache/Python/3.11.13/x64/lib/python3.11/site-packages (from -r services/api/requirements.txt (line 14)) (0.1.6)
Requirement already satisfied: python-multipart in /opt/hostedtoolcache/Python/3.11.13/x64/lib/python3.11/site-packages (from -r services/api/requirements.txt (line 15)) (0.0.19)
Collecting redis==5.0.8 (from -r services/api/requirements.txt (line 16))
  Using cached redis-5.0.8-py3-none-any.whl.metadata (9.2 kB)
Requirement already satisfied: sentry-sdk==2.20.0 in /opt/hostedtoolcache/Python/3.11.13/x64/lib/python3.11/site-packages (from sentry-sdk[celery,fastapi,sqlalchemy]==2.20.0->-r services/api/requirements.txt (line 17)) (2.20.0)
Requirement already satisfied: imapclient==3.0.1 in /opt/hostedtoolcache/Python/3.11.13/x64/lib/python3.11/site-packages (from -r services/api/requirements.txt (line 18)) (3.0.1)
Requirement already satisfied: click>=7.0 in /opt/hostedtoolcache/Python/3.11.13/x64/lib/python3.11/site-packages (from uvicorn==0.35.0->-r services/api/requirements.txt (line 1)) (8.3.0)
Requirement already satisfied: h11>=0.8 in /opt/hostedtoolcache/Python/3.11.13/x64/lib/python3.11/site-packages (from uvicorn==0.35.0->-r services/api/requirements.txt (line 1)) (0.14.0)
Requirement already satisfied: pydantic>=2.3.0 in /opt/hostedtoolcache/Python/3.11.13/x64/lib/python3.11/site-packages (from pydantic-settings==2.2.1->-r services/api/requirements.txt (line 2)) (2.11.7)
Requirement already satisfied: python-dotenv>=0.21.0 in /opt/hostedtoolcache/Python/3.11.13/x64/lib/python3.11/site-packages (from pydantic-settings==2.2.1->-r services/api/requirements.txt (line 2)) (1.1.1)
Requirement already satisfied: starlette<0.48.0,>=0.40.0 in /opt/hostedtoolcache/Python/3.11.13/x64/lib/python3.11/site-packages (from fastapi==0.116.1->-r services/api/requirements.txt (line 3)) (0.47.3)
Requirement already satisfied: typing-extensions>=4.8.0 in /opt/hostedtoolcache/Python/3.11.13/x64/lib/python3.11/site-packages (from fastapi==0.116.1->-r services/api/requirements.txt (line 3)) (4.15.0)
Requirement already satisfied: greenlet>=1 in /opt/hostedtoolcache/Python/3.11.13/x64/lib/python3.11/site-packages (from sqlalchemy==2.0.43->-r services/api/requirements.txt (line 4)) (3.2.4)
Requirement already satisfied: Mako in /opt/hostedtoolcache/Python/3.11.13/x64/lib/python3.11/site-packages (from alembic==1.16.4->-r services/api/requirements.txt (line 5)) (1.3.10)
Requirement already satisfied: botocore<1.41.0,>=1.40.21 in /opt/hostedtoolcache/Python/3.11.13/x64/lib/python3.11/site-packages (from boto3==1.40.21->-r services/api/requirements.txt (line 9)) (1.40.57)
Requirement already satisfied: jmespath<2.0.0,>=0.7.1 in /opt/hostedtoolcache/Python/3.11.13/x64/lib/python3.11/site-packages (from boto3==1.40.21->-r services/api/requirements.txt (line 9)) (1.0.1)
Requirement already satisfied: s3transfer<0.14.0,>=0.13.0 in /opt/hostedtoolcache/Python/3.11.13/x64/lib/python3.11/site-packages (from boto3==1.40.21->-r services/api/requirements.txt (line 9)) (0.13.1)
Requirement already satisfied: MarkupSafe>=2.0 in /opt/hostedtoolcache/Python/3.11.13/x64/lib/python3.11/site-packages (from Jinja2==3.1.5->-r services/api/requirements.txt (line 10)) (3.0.3)
Requirement already satisfied: billiard<5.0,>=4.2.1 in /opt/hostedtoolcache/Python/3.11.13/x64/lib/python3.11/site-packages (from celery==5.5.3->-r services/api/requirements.txt (line 11)) (4.2.2)
Requirement already satisfied: kombu<5.6,>=5.5.2 in /opt/hostedtoolcache/Python/3.11.13/x64/lib/python3.11/site-packages (from celery==5.5.3->-r services/api/requirements.txt (line 11)) (5.5.4)
Requirement already satisfied: vine<6.0,>=5.1.0 in /opt/hostedtoolcache/Python/3.11.13/x64/lib/python3.11/site-packages (from celery==5.5.3->-r services/api/requirements.txt (line 11)) (5.1.0)
Requirement already satisfied: click-didyoumean>=0.3.0 in /opt/hostedtoolcache/Python/3.11.13/x64/lib/python3.11/site-packages (from celery==5.5.3->-r services/api/requirements.txt (line 11)) (0.3.1)
Requirement already satisfied: click-repl>=0.2.0 in /opt/hostedtoolcache/Python/3.11.13/x64/lib/python3.11/site-packages (from celery==5.5.3->-r services/api/requirements.txt (line 11)) (0.3.0)
Requirement already satisfied: click-plugins>=1.1.1 in /opt/hostedtoolcache/Python/3.11.13/x64/lib/python3.11/site-packages (from celery==5.5.3->-r services/api/requirements.txt (line 11)) (1.1.1.2)
Requirement already satisfied: python-dateutil>=2.8.2 in /opt/hostedtoolcache/Python/3.11.13/x64/lib/python3.11/site-packages (from celery==5.5.3->-r services/api/requirements.txt (line 11)) (2.9.0.post0)
Requirement already satisfied: urllib3>=1.26.11 in /opt/hostedtoolcache/Python/3.11.13/x64/lib/python3.11/site-packages (from sentry-sdk==2.20.0->sentry-sdk[celery,fastapi,sqlalchemy]==2.20.0->-r services/api/requirements.txt (line 17)) (2.5.0)
Requirement already satisfied: certifi in /opt/hostedtoolcache/Python/3.11.13/x64/lib/python3.11/site-packages (from sentry-sdk==2.20.0->sentry-sdk[celery,fastapi,sqlalchemy]==2.20.0->-r services/api/requirements.txt (line 17)) (2025.10.5)
Requirement already satisfied: psycopg-binary==3.2.9 in /opt/hostedtoolcache/Python/3.11.13/x64/lib/python3.11/site-packages (from psycopg[binary]==3.2.9->-r services/api/requirements.txt (line 6)) (3.2.9)
Requirement already satisfied: anyio in /opt/hostedtoolcache/Python/3.11.13/x64/lib/python3.11/site-packages (from httpx<0.28,>=0.27->-r services/api/requirements.txt (line 7)) (4.4.0)
Requirement already satisfied: httpcore==1.* in /opt/hostedtoolcache/Python/3.11.13/x64/lib/python3.11/site-packages (from httpx<0.28,>=0.27->-r services/api/requirements.txt (line 7)) (1.0.5)
Requirement already satisfied: idna in /opt/hostedtoolcache/Python/3.11.13/x64/lib/python3.11/site-packages (from httpx<0.28,>=0.27->-r services/api/requirements.txt (line 7)) (3.11)
Requirement already satisfied: sniffio in /opt/hostedtoolcache/Python/3.11.13/x64/lib/python3.11/site-packages (from httpx<0.28,>=0.27->-r services/api/requirements.txt (line 7)) (1.3.1)
Requirement already satisfied: amqp<6.0.0,>=5.1.1 in /opt/hostedtoolcache/Python/3.11.13/x64/lib/python3.11/site-packages (from kombu<5.6,>=5.5.2->celery==5.5.3->-r services/api/requirements.txt (line 11)) (5.3.1)
Requirement already satisfied: tzdata>=2025.2 in /opt/hostedtoolcache/Python/3.11.13/x64/lib/python3.11/site-packages (from kombu<5.6,>=5.5.2->celery==5.5.3->-r services/api/requirements.txt (line 11)) (2025.2)
Requirement already satisfied: packaging in /opt/hostedtoolcache/Python/3.11.13/x64/lib/python3.11/site-packages (from kombu<5.6,>=5.5.2->celery==5.5.3->-r services/api/requirements.txt (line 11)) (25.0)
Requirement already satisfied: annotated-types>=0.6.0 in /opt/hostedtoolcache/Python/3.11.13/x64/lib/python3.11/site-packages (from pydantic>=2.3.0->pydantic-settings==2.2.1->-r services/api/requirements.txt (line 2)) (0.7.0)
Requirement already satisfied: pydantic-core==2.33.2 in /opt/hostedtoolcache/Python/3.11.13/x64/lib/python3.11/site-packages (from pydantic>=2.3.0->pydantic-settings==2.2.1->-r services/api/requirements.txt (line 2)) (2.33.2)
Requirement already satisfied: typing-inspection>=0.4.0 in /opt/hostedtoolcache/Python/3.11.13/x64/lib/python3.11/site-packages (from pydantic>=2.3.0->pydantic-settings==2.2.1->-r services/api/requirements.txt (line 2)) (0.4.2)
Requirement already satisfied: six>=1.5 in /opt/hostedtoolcache/Python/3.11.13/x64/lib/python3.11/site-packages (from python-dateutil>=2.8.2->celery==5.5.3->-r services/api/requirements.txt (line 11)) (1.17.0)
Requirement already satisfied: prompt-toolkit>=3.0.36 in /opt/hostedtoolcache/Python/3.11.13/x64/lib/python3.11/site-packages (from click-repl>=0.2.0->celery==5.5.3->-r services/api/requirements.txt (line 11)) (3.0.52)
Requirement already satisfied: wcwidth in /opt/hostedtoolcache/Python/3.11.13/x64/lib/python3.11/site-packages (from prompt-toolkit>=3.0.36->click-repl>=0.2.0->celery==5.5.3->-r services/api/requirements.txt (line 11)) (0.2.14)
Using cached jinja2-3.1.5-py3-none-any.whl (134 kB)
Using cached redis-5.0.8-py3-none-any.whl (255 kB)
Installing collected packages: redis, Jinja2
  Attempting uninstall: redis
    Found existing installation: redis 6.4.0
    Uninstalling redis-6.4.0:
      Successfully uninstalled redis-6.4.0
  Attempting uninstall: Jinja2
    Found existing installation: Jinja2 3.1.6
    Uninstalling Jinja2-3.1.6:
      Successfully uninstalled Jinja2-3.1.6

Successfully installed Jinja2-3.1.5 redis-5.0.8
Requirement already satisfied: alembic==1.16.4 in /opt/hostedtoolcache/Python/3.11.13/x64/lib/python3.11/site-packages (from -r services/db/requirements.txt (line 1)) (1.16.4)
Requirement already satisfied: SQLAlchemy>=1.4.0 in /opt/hostedtoolcache/Python/3.11.13/x64/lib/python3.11/site-packages (from alembic==1.16.4->-r services/db/requirements.txt (line 1)) (2.0.43)
Requirement already satisfied: Mako in /opt/hostedtoolcache/Python/3.11.13/x64/lib/python3.11/site-packages (from alembic==1.16.4->-r services/db/requirements.txt (line 1)) (1.3.10)
Requirement already satisfied: typing-extensions>=4.12 in /opt/hostedtoolcache/Python/3.11.13/x64/lib/python3.11/site-packages (from alembic==1.16.4->-r services/db/requirements.txt (line 1)) (4.15.0)
Requirement already satisfied: greenlet>=1 in /opt/hostedtoolcache/Python/3.11.13/x64/lib/python3.11/site-packages (from SQLAlchemy>=1.4.0->alembic==1.16.4->-r services/db/requirements.txt (line 1)) (3.2.4)
Requirement already satisfied: MarkupSafe>=0.9.2 in /opt/hostedtoolcache/Python/3.11.13/x64/lib/python3.11/site-packages (from Mako->alembic==1.16.4->-r services/db/requirements.txt (line 1)) (3.0.3)
Requirement already satisfied: celery==5.5.3 in /opt/hostedtoolcache/Python/3.11.13/x64/lib/python3.11/site-packages (from celery[redis]==5.5.3->-r services/emailer/requirements.txt (line 1)) (5.5.3)
Requirement already satisfied: billiard<5.0,>=4.2.1 in /opt/hostedtoolcache/Python/3.11.13/x64/lib/python3.11/site-packages (from celery==5.5.3->celery[redis]==5.5.3->-r services/emailer/requirements.txt (line 1)) (4.2.2)
Requirement already satisfied: kombu<5.6,>=5.5.2 in /opt/hostedtoolcache/Python/3.11.13/x64/lib/python3.11/site-packages (from celery==5.5.3->celery[redis]==5.5.3->-r services/emailer/requirements.txt (line 1)) (5.5.4)
Requirement already satisfied: vine<6.0,>=5.1.0 in /opt/hostedtoolcache/Python/3.11.13/x64/lib/python3.11/site-packages (from celery==5.5.3->celery[redis]==5.5.3->-r services/emailer/requirements.txt (line 1)) (5.1.0)
Requirement already satisfied: click<9.0,>=8.1.2 in /opt/hostedtoolcache/Python/3.11.13/x64/lib/python3.11/site-packages (from celery==5.5.3->celery[redis]==5.5.3->-r services/emailer/requirements.txt (line 1)) (8.3.0)
Requirement already satisfied: click-didyoumean>=0.3.0 in /opt/hostedtoolcache/Python/3.11.13/x64/lib/python3.11/site-packages (from celery==5.5.3->celery[redis]==5.5.3->-r services/emailer/requirements.txt (line 1)) (0.3.1)
Requirement already satisfied: click-repl>=0.2.0 in /opt/hostedtoolcache/Python/3.11.13/x64/lib/python3.11/site-packages (from celery==5.5.3->celery[redis]==5.5.3->-r services/emailer/requirements.txt (line 1)) (0.3.0)
Requirement already satisfied: click-plugins>=1.1.1 in /opt/hostedtoolcache/Python/3.11.13/x64/lib/python3.11/site-packages (from celery==5.5.3->celery[redis]==5.5.3->-r services/emailer/requirements.txt (line 1)) (1.1.1.2)
Requirement already satisfied: python-dateutil>=2.8.2 in /opt/hostedtoolcache/Python/3.11.13/x64/lib/python3.11/site-packages (from celery==5.5.3->celery[redis]==5.5.3->-r services/emailer/requirements.txt (line 1)) (2.9.0.post0)
Requirement already satisfied: amqp<6.0.0,>=5.1.1 in /opt/hostedtoolcache/Python/3.11.13/x64/lib/python3.11/site-packages (from kombu<5.6,>=5.5.2->celery==5.5.3->celery[redis]==5.5.3->-r services/emailer/requirements.txt (line 1)) (5.3.1)
Requirement already satisfied: tzdata>=2025.2 in /opt/hostedtoolcache/Python/3.11.13/x64/lib/python3.11/site-packages (from kombu<5.6,>=5.5.2->celery==5.5.3->celery[redis]==5.5.3->-r services/emailer/requirements.txt (line 1)) (2025.2)
Requirement already satisfied: packaging in /opt/hostedtoolcache/Python/3.11.13/x64/lib/python3.11/site-packages (from kombu<5.6,>=5.5.2->celery==5.5.3->celery[redis]==5.5.3->-r services/emailer/requirements.txt (line 1)) (25.0)
Requirement already satisfied: prompt-toolkit>=3.0.36 in /opt/hostedtoolcache/Python/3.11.13/x64/lib/python3.11/site-packages (from click-repl>=0.2.0->celery==5.5.3->celery[redis]==5.5.3->-r services/emailer/requirements.txt (line 1)) (3.0.52)
Requirement already satisfied: wcwidth in /opt/hostedtoolcache/Python/3.11.13/x64/lib/python3.11/site-packages (from prompt-toolkit>=3.0.36->click-repl>=0.2.0->celery==5.5.3->celery[redis]==5.5.3->-r services/emailer/requirements.txt (line 1)) (0.2.14)
Requirement already satisfied: six>=1.5 in /opt/hostedtoolcache/Python/3.11.13/x64/lib/python3.11/site-packages (from python-dateutil>=2.8.2->celery==5.5.3->celery[redis]==5.5.3->-r services/emailer/requirements.txt (line 1)) (1.17.0)
Requirement already satisfied: redis!=4.5.5,!=5.0.2,<=5.2.1,>=4.5.2 in /opt/hostedtoolcache/Python/3.11.13/x64/lib/python3.11/site-packages (from kombu[redis]; extra == "redis"->celery[redis]==5.5.3->-r services/emailer/requirements.txt (line 1)) (5.0.8)
Collecting keepa==1.3.15 (from -r services/etl/requirements.txt (line 1))
  Using cached keepa-1.3.15-py3-none-any.whl.metadata (11 kB)
Requirement already satisfied: minio==7.2.16 in /opt/hostedtoolcache/Python/3.11.13/x64/lib/python3.11/site-packages (from -r services/etl/requirements.txt (line 2)) (7.2.16)
Requirement already satisfied: celery==5.5.3 in /opt/hostedtoolcache/Python/3.11.13/x64/lib/python3.11/site-packages (from -r services/etl/requirements.txt (line 3)) (5.5.3)
Requirement already satisfied: redis==5.* in /opt/hostedtoolcache/Python/3.11.13/x64/lib/python3.11/site-packages (from -r services/etl/requirements.txt (line 4)) (5.0.8)
Collecting python-amazon-sp-api==1.9.50 (from -r services/etl/requirements.txt (line 5))
  Using cached python_amazon_sp_api-1.9.50-py3-none-any.whl.metadata (6.0 kB)
Requirement already satisfied: pydantic-settings==2.2.1 in /opt/hostedtoolcache/Python/3.11.13/x64/lib/python3.11/site-packages (from -r services/etl/requirements.txt (line 6)) (2.2.1)
Requirement already satisfied: numpy<2 in /opt/hostedtoolcache/Python/3.11.13/x64/lib/python3.11/site-packages (from -r services/etl/requirements.txt (line 7)) (1.26.4)
Requirement already satisfied: pandas==2.3.2 in /opt/hostedtoolcache/Python/3.11.13/x64/lib/python3.11/site-packages (from -r services/etl/requirements.txt (line 8)) (2.3.2)
Collecting pandera==0.19.* (from -r services/etl/requirements.txt (line 9))
  Using cached pandera-0.19.3-py3-none-any.whl.metadata (15 kB)
Requirement already satisfied: openpyxl==3.1.* in /opt/hostedtoolcache/Python/3.11.13/x64/lib/python3.11/site-packages (from -r services/etl/requirements.txt (line 10)) (3.1.5)
Requirement already satisfied: psycopg==3.2.9 in /opt/hostedtoolcache/Python/3.11.13/x64/lib/python3.11/site-packages (from psycopg[binary]==3.2.9->-r services/etl/requirements.txt (line 11)) (3.2.9)
Requirement already satisfied: psycopg2-binary==2.9.* in /opt/hostedtoolcache/Python/3.11.13/x64/lib/python3.11/site-packages (from -r services/etl/requirements.txt (line 12)) (2.9.10)
Requirement already satisfied: sentry-sdk==2.20.0 in /opt/hostedtoolcache/Python/3.11.13/x64/lib/python3.11/site-packages (from -r services/etl/requirements.txt (line 13)) (2.20.0)
Requirement already satisfied: sqlalchemy==2.0.43 in /opt/hostedtoolcache/Python/3.11.13/x64/lib/python3.11/site-packages (from -r services/etl/requirements.txt (line 14)) (2.0.43)
Requirement already satisfied: requests>=2.2 in /opt/hostedtoolcache/Python/3.11.13/x64/lib/python3.11/site-packages (from keepa==1.3.15->-r services/etl/requirements.txt (line 1)) (2.32.5)
Collecting tqdm (from keepa==1.3.15->-r services/etl/requirements.txt (line 1))
  Using cached tqdm-4.67.1-py3-none-any.whl.metadata (57 kB)
Collecting aiohttp (from keepa==1.3.15->-r services/etl/requirements.txt (line 1))
  Using cached aiohttp-3.13.1-cp311-cp311-manylinux2014_x86_64.manylinux_2_17_x86_64.manylinux_2_28_x86_64.whl.metadata (8.1 kB)
Requirement already satisfied: pydantic in /opt/hostedtoolcache/Python/3.11.13/x64/lib/python3.11/site-packages (from keepa==1.3.15->-r services/etl/requirements.txt (line 1)) (2.11.7)
Requirement already satisfied: python-dateutil>=2.8.2 in /opt/hostedtoolcache/Python/3.11.13/x64/lib/python3.11/site-packages (from pandas==2.3.2->-r services/etl/requirements.txt (line 8)) (2.9.0.post0)
Requirement already satisfied: pytz>=2020.1 in /opt/hostedtoolcache/Python/3.11.13/x64/lib/python3.11/site-packages (from pandas==2.3.2->-r services/etl/requirements.txt (line 8)) (2025.2)
Requirement already satisfied: tzdata>=2022.7 in /opt/hostedtoolcache/Python/3.11.13/x64/lib/python3.11/site-packages (from pandas==2.3.2->-r services/etl/requirements.txt (line 8)) (2025.2)
Requirement already satisfied: argon2-cffi in /opt/hostedtoolcache/Python/3.11.13/x64/lib/python3.11/site-packages (from minio==7.2.16->-r services/etl/requirements.txt (line 2)) (25.1.0)
Requirement already satisfied: certifi in /opt/hostedtoolcache/Python/3.11.13/x64/lib/python3.11/site-packages (from minio==7.2.16->-r services/etl/requirements.txt (line 2)) (2025.10.5)
Requirement already satisfied: pycryptodome in /opt/hostedtoolcache/Python/3.11.13/x64/lib/python3.11/site-packages (from minio==7.2.16->-r services/etl/requirements.txt (line 2)) (3.23.0)
Requirement already satisfied: typing-extensions in /opt/hostedtoolcache/Python/3.11.13/x64/lib/python3.11/site-packages (from minio==7.2.16->-r services/etl/requirements.txt (line 2)) (4.15.0)
Requirement already satisfied: urllib3 in /opt/hostedtoolcache/Python/3.11.13/x64/lib/python3.11/site-packages (from minio==7.2.16->-r services/etl/requirements.txt (line 2)) (2.5.0)
Requirement already satisfied: billiard<5.0,>=4.2.1 in /opt/hostedtoolcache/Python/3.11.13/x64/lib/python3.11/site-packages (from celery==5.5.3->-r services/etl/requirements.txt (line 3)) (4.2.2)
Requirement already satisfied: kombu<5.6,>=5.5.2 in /opt/hostedtoolcache/Python/3.11.13/x64/lib/python3.11/site-packages (from celery==5.5.3->-r services/etl/requirements.txt (line 3)) (5.5.4)
Requirement already satisfied: vine<6.0,>=5.1.0 in /opt/hostedtoolcache/Python/3.11.13/x64/lib/python3.11/site-packages (from celery==5.5.3->-r services/etl/requirements.txt (line 3)) (5.1.0)
Requirement already satisfied: click<9.0,>=8.1.2 in /opt/hostedtoolcache/Python/3.11.13/x64/lib/python3.11/site-packages (from celery==5.5.3->-r services/etl/requirements.txt (line 3)) (8.3.0)
Requirement already satisfied: click-didyoumean>=0.3.0 in /opt/hostedtoolcache/Python/3.11.13/x64/lib/python3.11/site-packages (from celery==5.5.3->-r services/etl/requirements.txt (line 3)) (0.3.1)
Requirement already satisfied: click-repl>=0.2.0 in /opt/hostedtoolcache/Python/3.11.13/x64/lib/python3.11/site-packages (from celery==5.5.3->-r services/etl/requirements.txt (line 3)) (0.3.0)
Requirement already satisfied: click-plugins>=1.1.1 in /opt/hostedtoolcache/Python/3.11.13/x64/lib/python3.11/site-packages (from celery==5.5.3->-r services/etl/requirements.txt (line 3)) (1.1.1.2)
Collecting cachetools>=4.2 (from python-amazon-sp-api==1.9.50->-r services/etl/requirements.txt (line 5))
  Using cached cachetools-6.2.1-py3-none-any.whl.metadata (5.5 kB)
Collecting confuse>=1.4 (from python-amazon-sp-api==1.9.50->-r services/etl/requirements.txt (line 5))
  Using cached confuse-2.0.1-py3-none-any.whl.metadata (3.7 kB)
Requirement already satisfied: python-dotenv>=0.21.0 in /opt/hostedtoolcache/Python/3.11.13/x64/lib/python3.11/site-packages (from pydantic-settings==2.2.1->-r services/etl/requirements.txt (line 6)) (1.1.1)
Requirement already satisfied: greenlet>=1 in /opt/hostedtoolcache/Python/3.11.13/x64/lib/python3.11/site-packages (from sqlalchemy==2.0.43->-r services/etl/requirements.txt (line 14)) (3.2.4)
Requirement already satisfied: psycopg-binary==3.2.9 in /opt/hostedtoolcache/Python/3.11.13/x64/lib/python3.11/site-packages (from psycopg[binary]==3.2.9->-r services/etl/requirements.txt (line 11)) (3.2.9)
Collecting multimethod<=1.10.0 (from pandera==0.19.*->-r services/etl/requirements.txt (line 9))
  Using cached multimethod-1.10-py3-none-any.whl.metadata (8.2 kB)
Requirement already satisfied: packaging>=20.0 in /opt/hostedtoolcache/Python/3.11.13/x64/lib/python3.11/site-packages (from pandera==0.19.*->-r services/etl/requirements.txt (line 9)) (25.0)
Requirement already satisfied: typeguard in /opt/hostedtoolcache/Python/3.11.13/x64/lib/python3.11/site-packages (from pandera==0.19.*->-r services/etl/requirements.txt (line 9)) (4.4.4)
Requirement already satisfied: typing-inspect>=0.6.0 in /opt/hostedtoolcache/Python/3.11.13/x64/lib/python3.11/site-packages (from pandera==0.19.*->-r services/etl/requirements.txt (line 9)) (0.9.0)
Requirement already satisfied: wrapt in /opt/hostedtoolcache/Python/3.11.13/x64/lib/python3.11/site-packages (from pandera==0.19.*->-r services/etl/requirements.txt (line 9)) (1.17.3)
Requirement already satisfied: et-xmlfile in /opt/hostedtoolcache/Python/3.11.13/x64/lib/python3.11/site-packages (from openpyxl==3.1.*->-r services/etl/requirements.txt (line 10)) (2.0.0)
Requirement already satisfied: amqp<6.0.0,>=5.1.1 in /opt/hostedtoolcache/Python/3.11.13/x64/lib/python3.11/site-packages (from kombu<5.6,>=5.5.2->celery==5.5.3->-r services/etl/requirements.txt (line 3)) (5.3.1)
Requirement already satisfied: prompt-toolkit>=3.0.36 in /opt/hostedtoolcache/Python/3.11.13/x64/lib/python3.11/site-packages (from click-repl>=0.2.0->celery==5.5.3->-r services/etl/requirements.txt (line 3)) (3.0.52)
Requirement already satisfied: pyyaml in /opt/hostedtoolcache/Python/3.11.13/x64/lib/python3.11/site-packages (from confuse>=1.4->python-amazon-sp-api==1.9.50->-r services/etl/requirements.txt (line 5)) (6.0.3)
Requirement already satisfied: wcwidth in /opt/hostedtoolcache/Python/3.11.13/x64/lib/python3.11/site-packages (from prompt-toolkit>=3.0.36->click-repl>=0.2.0->celery==5.5.3->-r services/etl/requirements.txt (line 3)) (0.2.14)
Requirement already satisfied: annotated-types>=0.6.0 in /opt/hostedtoolcache/Python/3.11.13/x64/lib/python3.11/site-packages (from pydantic->keepa==1.3.15->-r services/etl/requirements.txt (line 1)) (0.7.0)
Requirement already satisfied: pydantic-core==2.33.2 in /opt/hostedtoolcache/Python/3.11.13/x64/lib/python3.11/site-packages (from pydantic->keepa==1.3.15->-r services/etl/requirements.txt (line 1)) (2.33.2)
Requirement already satisfied: typing-inspection>=0.4.0 in /opt/hostedtoolcache/Python/3.11.13/x64/lib/python3.11/site-packages (from pydantic->keepa==1.3.15->-r services/etl/requirements.txt (line 1)) (0.4.2)
Requirement already satisfied: six>=1.5 in /opt/hostedtoolcache/Python/3.11.13/x64/lib/python3.11/site-packages (from python-dateutil>=2.8.2->pandas==2.3.2->-r services/etl/requirements.txt (line 8)) (1.17.0)
Requirement already satisfied: charset_normalizer<4,>=2 in /opt/hostedtoolcache/Python/3.11.13/x64/lib/python3.11/site-packages (from requests>=2.2->keepa==1.3.15->-r services/etl/requirements.txt (line 1)) (3.4.4)
Requirement already satisfied: idna<4,>=2.5 in /opt/hostedtoolcache/Python/3.11.13/x64/lib/python3.11/site-packages (from requests>=2.2->keepa==1.3.15->-r services/etl/requirements.txt (line 1)) (3.11)
Requirement already satisfied: mypy-extensions>=0.3.0 in /opt/hostedtoolcache/Python/3.11.13/x64/lib/python3.11/site-packages (from typing-inspect>=0.6.0->pandera==0.19.*->-r services/etl/requirements.txt (line 9)) (1.1.0)
Collecting aiohappyeyeballs>=2.5.0 (from aiohttp->keepa==1.3.15->-r services/etl/requirements.txt (line 1))
  Using cached aiohappyeyeballs-2.6.1-py3-none-any.whl.metadata (5.9 kB)
Collecting aiosignal>=1.4.0 (from aiohttp->keepa==1.3.15->-r services/etl/requirements.txt (line 1))
  Using cached aiosignal-1.4.0-py3-none-any.whl.metadata (3.7 kB)
Collecting attrs>=17.3.0 (from aiohttp->keepa==1.3.15->-r services/etl/requirements.txt (line 1))
  Using cached attrs-25.4.0-py3-none-any.whl.metadata (10 kB)
Collecting frozenlist>=1.1.1 (from aiohttp->keepa==1.3.15->-r services/etl/requirements.txt (line 1))
  Using cached frozenlist-1.8.0-cp311-cp311-manylinux1_x86_64.manylinux_2_28_x86_64.manylinux_2_5_x86_64.whl.metadata (20 kB)
Collecting multidict<7.0,>=4.5 (from aiohttp->keepa==1.3.15->-r services/etl/requirements.txt (line 1))
  Using cached multidict-6.7.0-cp311-cp311-manylinux2014_x86_64.manylinux_2_17_x86_64.manylinux_2_28_x86_64.whl.metadata (5.3 kB)
Collecting propcache>=0.2.0 (from aiohttp->keepa==1.3.15->-r services/etl/requirements.txt (line 1))
  Using cached propcache-0.4.1-cp311-cp311-manylinux2014_x86_64.manylinux_2_17_x86_64.manylinux_2_28_x86_64.whl.metadata (13 kB)
Collecting yarl<2.0,>=1.17.0 (from aiohttp->keepa==1.3.15->-r services/etl/requirements.txt (line 1))
  Using cached yarl-1.22.0-cp311-cp311-manylinux2014_x86_64.manylinux_2_17_x86_64.manylinux_2_28_x86_64.whl.metadata (75 kB)
Requirement already satisfied: argon2-cffi-bindings in /opt/hostedtoolcache/Python/3.11.13/x64/lib/python3.11/site-packages (from argon2-cffi->minio==7.2.16->-r services/etl/requirements.txt (line 2)) (25.1.0)
Requirement already satisfied: cffi>=1.0.1 in /opt/hostedtoolcache/Python/3.11.13/x64/lib/python3.11/site-packages (from argon2-cffi-bindings->argon2-cffi->minio==7.2.16->-r services/etl/requirements.txt (line 2)) (2.0.0)
Requirement already satisfied: pycparser in /opt/hostedtoolcache/Python/3.11.13/x64/lib/python3.11/site-packages (from cffi>=1.0.1->argon2-cffi-bindings->argon2-cffi->minio==7.2.16->-r services/etl/requirements.txt (line 2)) (2.23)
Using cached keepa-1.3.15-py3-none-any.whl (38 kB)
Using cached python_amazon_sp_api-1.9.50-py3-none-any.whl (135 kB)
Using cached pandera-0.19.3-py3-none-any.whl (251 kB)
Using cached multimethod-1.10-py3-none-any.whl (9.9 kB)
Using cached cachetools-6.2.1-py3-none-any.whl (11 kB)
Using cached confuse-2.0.1-py3-none-any.whl (24 kB)
Using cached aiohttp-3.13.1-cp311-cp311-manylinux2014_x86_64.manylinux_2_17_x86_64.manylinux_2_28_x86_64.whl (1.7 MB)
Using cached multidict-6.7.0-cp311-cp311-manylinux2014_x86_64.manylinux_2_17_x86_64.manylinux_2_28_x86_64.whl (246 kB)
Using cached yarl-1.22.0-cp311-cp311-manylinux2014_x86_64.manylinux_2_17_x86_64.manylinux_2_28_x86_64.whl (365 kB)
Using cached aiohappyeyeballs-2.6.1-py3-none-any.whl (15 kB)
Using cached aiosignal-1.4.0-py3-none-any.whl (7.5 kB)
Using cached attrs-25.4.0-py3-none-any.whl (67 kB)
Using cached frozenlist-1.8.0-cp311-cp311-manylinux1_x86_64.manylinux_2_28_x86_64.manylinux_2_5_x86_64.whl (231 kB)
Using cached propcache-0.4.1-cp311-cp311-manylinux2014_x86_64.manylinux_2_17_x86_64.manylinux_2_28_x86_64.whl (210 kB)
Using cached tqdm-4.67.1-py3-none-any.whl (78 kB)
Installing collected packages: tqdm, propcache, multimethod, multidict, frozenlist, confuse, cachetools, attrs, aiohappyeyeballs, yarl, python-amazon-sp-api, aiosignal, pandera, aiohttp, keepa
  Attempting uninstall: pandera
    Found existing installation: pandera 0.26.1
    Uninstalling pandera-0.26.1:
      Successfully uninstalled pandera-0.26.1

Successfully installed aiohappyeyeballs-2.6.1 aiohttp-3.13.1 aiosignal-1.4.0 attrs-25.4.0 cachetools-6.2.1 confuse-2.0.1 frozenlist-1.8.0 keepa-1.3.15 multidict-6.7.0 multimethod-1.10 pandera-0.19.3 propcache-0.4.1 python-amazon-sp-api-1.9.50 tqdm-4.67.1 yarl-1.22.0
Requirement already satisfied: celery==5.5.3 in /opt/hostedtoolcache/Python/3.11.13/x64/lib/python3.11/site-packages (from celery[redis]==5.5.3->-r services/fees_h10/requirements.txt (line 1)) (5.5.3)
Requirement already satisfied: asyncpg==0.30.0 in /opt/hostedtoolcache/Python/3.11.13/x64/lib/python3.11/site-packages (from -r services/fees_h10/requirements.txt (line 2)) (0.30.0)
Requirement already satisfied: httpx<0.28,>=0.27 in /opt/hostedtoolcache/Python/3.11.13/x64/lib/python3.11/site-packages (from -r services/fees_h10/requirements.txt (line 3)) (0.27.2)
Requirement already satisfied: sqlalchemy==2.0.43 in /opt/hostedtoolcache/Python/3.11.13/x64/lib/python3.11/site-packages (from -r services/fees_h10/requirements.txt (line 4)) (2.0.43)
Requirement already satisfied: billiard<5.0,>=4.2.1 in /opt/hostedtoolcache/Python/3.11.13/x64/lib/python3.11/site-packages (from celery==5.5.3->celery[redis]==5.5.3->-r services/fees_h10/requirements.txt (line 1)) (4.2.2)
Requirement already satisfied: kombu<5.6,>=5.5.2 in /opt/hostedtoolcache/Python/3.11.13/x64/lib/python3.11/site-packages (from celery==5.5.3->celery[redis]==5.5.3->-r services/fees_h10/requirements.txt (line 1)) (5.5.4)
Requirement already satisfied: vine<6.0,>=5.1.0 in /opt/hostedtoolcache/Python/3.11.13/x64/lib/python3.11/site-packages (from celery==5.5.3->celery[redis]==5.5.3->-r services/fees_h10/requirements.txt (line 1)) (5.1.0)
Requirement already satisfied: click<9.0,>=8.1.2 in /opt/hostedtoolcache/Python/3.11.13/x64/lib/python3.11/site-packages (from celery==5.5.3->celery[redis]==5.5.3->-r services/fees_h10/requirements.txt (line 1)) (8.3.0)
Requirement already satisfied: click-didyoumean>=0.3.0 in /opt/hostedtoolcache/Python/3.11.13/x64/lib/python3.11/site-packages (from celery==5.5.3->celery[redis]==5.5.3->-r services/fees_h10/requirements.txt (line 1)) (0.3.1)
Requirement already satisfied: click-repl>=0.2.0 in /opt/hostedtoolcache/Python/3.11.13/x64/lib/python3.11/site-packages (from celery==5.5.3->celery[redis]==5.5.3->-r services/fees_h10/requirements.txt (line 1)) (0.3.0)
Requirement already satisfied: click-plugins>=1.1.1 in /opt/hostedtoolcache/Python/3.11.13/x64/lib/python3.11/site-packages (from celery==5.5.3->celery[redis]==5.5.3->-r services/fees_h10/requirements.txt (line 1)) (1.1.1.2)
Requirement already satisfied: python-dateutil>=2.8.2 in /opt/hostedtoolcache/Python/3.11.13/x64/lib/python3.11/site-packages (from celery==5.5.3->celery[redis]==5.5.3->-r services/fees_h10/requirements.txt (line 1)) (2.9.0.post0)
Requirement already satisfied: greenlet>=1 in /opt/hostedtoolcache/Python/3.11.13/x64/lib/python3.11/site-packages (from sqlalchemy==2.0.43->-r services/fees_h10/requirements.txt (line 4)) (3.2.4)
Requirement already satisfied: typing-extensions>=4.6.0 in /opt/hostedtoolcache/Python/3.11.13/x64/lib/python3.11/site-packages (from sqlalchemy==2.0.43->-r services/fees_h10/requirements.txt (line 4)) (4.15.0)
Requirement already satisfied: anyio in /opt/hostedtoolcache/Python/3.11.13/x64/lib/python3.11/site-packages (from httpx<0.28,>=0.27->-r services/fees_h10/requirements.txt (line 3)) (4.4.0)
Requirement already satisfied: certifi in /opt/hostedtoolcache/Python/3.11.13/x64/lib/python3.11/site-packages (from httpx<0.28,>=0.27->-r services/fees_h10/requirements.txt (line 3)) (2025.10.5)
Requirement already satisfied: httpcore==1.* in /opt/hostedtoolcache/Python/3.11.13/x64/lib/python3.11/site-packages (from httpx<0.28,>=0.27->-r services/fees_h10/requirements.txt (line 3)) (1.0.5)
Requirement already satisfied: idna in /opt/hostedtoolcache/Python/3.11.13/x64/lib/python3.11/site-packages (from httpx<0.28,>=0.27->-r services/fees_h10/requirements.txt (line 3)) (3.11)
Requirement already satisfied: sniffio in /opt/hostedtoolcache/Python/3.11.13/x64/lib/python3.11/site-packages (from httpx<0.28,>=0.27->-r services/fees_h10/requirements.txt (line 3)) (1.3.1)
Requirement already satisfied: h11<0.15,>=0.13 in /opt/hostedtoolcache/Python/3.11.13/x64/lib/python3.11/site-packages (from httpcore==1.*->httpx<0.28,>=0.27->-r services/fees_h10/requirements.txt (line 3)) (0.14.0)
Requirement already satisfied: amqp<6.0.0,>=5.1.1 in /opt/hostedtoolcache/Python/3.11.13/x64/lib/python3.11/site-packages (from kombu<5.6,>=5.5.2->celery==5.5.3->celery[redis]==5.5.3->-r services/fees_h10/requirements.txt (line 1)) (5.3.1)
Requirement already satisfied: tzdata>=2025.2 in /opt/hostedtoolcache/Python/3.11.13/x64/lib/python3.11/site-packages (from kombu<5.6,>=5.5.2->celery==5.5.3->celery[redis]==5.5.3->-r services/fees_h10/requirements.txt (line 1)) (2025.2)
Requirement already satisfied: packaging in /opt/hostedtoolcache/Python/3.11.13/x64/lib/python3.11/site-packages (from kombu<5.6,>=5.5.2->celery==5.5.3->celery[redis]==5.5.3->-r services/fees_h10/requirements.txt (line 1)) (25.0)
Requirement already satisfied: prompt-toolkit>=3.0.36 in /opt/hostedtoolcache/Python/3.11.13/x64/lib/python3.11/site-packages (from click-repl>=0.2.0->celery==5.5.3->celery[redis]==5.5.3->-r services/fees_h10/requirements.txt (line 1)) (3.0.52)
Requirement already satisfied: wcwidth in /opt/hostedtoolcache/Python/3.11.13/x64/lib/python3.11/site-packages (from prompt-toolkit>=3.0.36->click-repl>=0.2.0->celery==5.5.3->celery[redis]==5.5.3->-r services/fees_h10/requirements.txt (line 1)) (0.2.14)
Requirement already satisfied: six>=1.5 in /opt/hostedtoolcache/Python/3.11.13/x64/lib/python3.11/site-packages (from python-dateutil>=2.8.2->celery==5.5.3->celery[redis]==5.5.3->-r services/fees_h10/requirements.txt (line 1)) (1.17.0)
Requirement already satisfied: redis!=4.5.5,!=5.0.2,<=5.2.1,>=4.5.2 in /opt/hostedtoolcache/Python/3.11.13/x64/lib/python3.11/site-packages (from kombu[redis]; extra == "redis"->celery[redis]==5.5.3->-r services/fees_h10/requirements.txt (line 1)) (5.0.8)
Requirement already satisfied: fastapi==0.116.1 in /opt/hostedtoolcache/Python/3.11.13/x64/lib/python3.11/site-packages (from -r services/llm_server/requirements.txt (line 1)) (0.116.1)
Requirement already satisfied: uvicorn==0.35.0 in /opt/hostedtoolcache/Python/3.11.13/x64/lib/python3.11/site-packages (from uvicorn[standard]==0.35.0->-r services/llm_server/requirements.txt (line 2)) (0.35.0)
Requirement already satisfied: numpy==1.26.4 in /opt/hostedtoolcache/Python/3.11.13/x64/lib/python3.11/site-packages (from -r services/llm_server/requirements.txt (line 3)) (1.26.4)
Collecting sentencepiece==0.2.0 (from -r services/llm_server/requirements.txt (line 4))
  Using cached sentencepiece-0.2.0-cp311-cp311-manylinux_2_17_x86_64.manylinux2014_x86_64.whl.metadata (7.7 kB)
Requirement already satisfied: starlette<0.48.0,>=0.40.0 in /opt/hostedtoolcache/Python/3.11.13/x64/lib/python3.11/site-packages (from fastapi==0.116.1->-r services/llm_server/requirements.txt (line 1)) (0.47.3)
Requirement already satisfied: pydantic!=1.8,!=1.8.1,!=2.0.0,!=2.0.1,!=2.1.0,<3.0.0,>=1.7.4 in /opt/hostedtoolcache/Python/3.11.13/x64/lib/python3.11/site-packages (from fastapi==0.116.1->-r services/llm_server/requirements.txt (line 1)) (2.11.7)
Requirement already satisfied: typing-extensions>=4.8.0 in /opt/hostedtoolcache/Python/3.11.13/x64/lib/python3.11/site-packages (from fastapi==0.116.1->-r services/llm_server/requirements.txt (line 1)) (4.15.0)
Requirement already satisfied: click>=7.0 in /opt/hostedtoolcache/Python/3.11.13/x64/lib/python3.11/site-packages (from uvicorn==0.35.0->uvicorn[standard]==0.35.0->-r services/llm_server/requirements.txt (line 2)) (8.3.0)
Requirement already satisfied: h11>=0.8 in /opt/hostedtoolcache/Python/3.11.13/x64/lib/python3.11/site-packages (from uvicorn==0.35.0->uvicorn[standard]==0.35.0->-r services/llm_server/requirements.txt (line 2)) (0.14.0)
Requirement already satisfied: httptools>=0.6.3 in /opt/hostedtoolcache/Python/3.11.13/x64/lib/python3.11/site-packages (from uvicorn[standard]==0.35.0->-r services/llm_server/requirements.txt (line 2)) (0.7.1)
Requirement already satisfied: python-dotenv>=0.13 in /opt/hostedtoolcache/Python/3.11.13/x64/lib/python3.11/site-packages (from uvicorn[standard]==0.35.0->-r services/llm_server/requirements.txt (line 2)) (1.1.1)
Requirement already satisfied: pyyaml>=5.1 in /opt/hostedtoolcache/Python/3.11.13/x64/lib/python3.11/site-packages (from uvicorn[standard]==0.35.0->-r services/llm_server/requirements.txt (line 2)) (6.0.3)
Requirement already satisfied: uvloop>=0.15.1 in /opt/hostedtoolcache/Python/3.11.13/x64/lib/python3.11/site-packages (from uvicorn[standard]==0.35.0->-r services/llm_server/requirements.txt (line 2)) (0.22.1)
Requirement already satisfied: watchfiles>=0.13 in /opt/hostedtoolcache/Python/3.11.13/x64/lib/python3.11/site-packages (from uvicorn[standard]==0.35.0->-r services/llm_server/requirements.txt (line 2)) (1.1.1)
Requirement already satisfied: websockets>=10.4 in /opt/hostedtoolcache/Python/3.11.13/x64/lib/python3.11/site-packages (from uvicorn[standard]==0.35.0->-r services/llm_server/requirements.txt (line 2)) (15.0.1)
Requirement already satisfied: annotated-types>=0.6.0 in /opt/hostedtoolcache/Python/3.11.13/x64/lib/python3.11/site-packages (from pydantic!=1.8,!=1.8.1,!=2.0.0,!=2.0.1,!=2.1.0,<3.0.0,>=1.7.4->fastapi==0.116.1->-r services/llm_server/requirements.txt (line 1)) (0.7.0)
Requirement already satisfied: pydantic-core==2.33.2 in /opt/hostedtoolcache/Python/3.11.13/x64/lib/python3.11/site-packages (from pydantic!=1.8,!=1.8.1,!=2.0.0,!=2.0.1,!=2.1.0,<3.0.0,>=1.7.4->fastapi==0.116.1->-r services/llm_server/requirements.txt (line 1)) (2.33.2)
Requirement already satisfied: typing-inspection>=0.4.0 in /opt/hostedtoolcache/Python/3.11.13/x64/lib/python3.11/site-packages (from pydantic!=1.8,!=1.8.1,!=2.0.0,!=2.0.1,!=2.1.0,<3.0.0,>=1.7.4->fastapi==0.116.1->-r services/llm_server/requirements.txt (line 1)) (0.4.2)
Requirement already satisfied: anyio<5,>=3.6.2 in /opt/hostedtoolcache/Python/3.11.13/x64/lib/python3.11/site-packages (from starlette<0.48.0,>=0.40.0->fastapi==0.116.1->-r services/llm_server/requirements.txt (line 1)) (4.4.0)
Requirement already satisfied: idna>=2.8 in /opt/hostedtoolcache/Python/3.11.13/x64/lib/python3.11/site-packages (from anyio<5,>=3.6.2->starlette<0.48.0,>=0.40.0->fastapi==0.116.1->-r services/llm_server/requirements.txt (line 1)) (3.11)
Requirement already satisfied: sniffio>=1.1 in /opt/hostedtoolcache/Python/3.11.13/x64/lib/python3.11/site-packages (from anyio<5,>=3.6.2->starlette<0.48.0,>=0.40.0->fastapi==0.116.1->-r services/llm_server/requirements.txt (line 1)) (1.3.1)
Using cached sentencepiece-0.2.0-cp311-cp311-manylinux_2_17_x86_64.manylinux2014_x86_64.whl (1.3 MB)
Installing collected packages: sentencepiece
Successfully installed sentencepiece-0.2.0
Requirement already satisfied: apscheduler==3.10.4 in /opt/hostedtoolcache/Python/3.11.13/x64/lib/python3.11/site-packages (from -r services/logistics_etl/requirements.txt (line 1)) (3.10.4)
Requirement already satisfied: httpx<0.28,>=0.27 in /opt/hostedtoolcache/Python/3.11.13/x64/lib/python3.11/site-packages (from -r services/logistics_etl/requirements.txt (line 2)) (0.27.2)
Requirement already satisfied: sqlalchemy==2.0.43 in /opt/hostedtoolcache/Python/3.11.13/x64/lib/python3.11/site-packages (from -r services/logistics_etl/requirements.txt (line 3)) (2.0.43)
Requirement already satisfied: asyncpg==0.30.0 in /opt/hostedtoolcache/Python/3.11.13/x64/lib/python3.11/site-packages (from -r services/logistics_etl/requirements.txt (line 4)) (0.30.0)
Requirement already satisfied: six>=1.4.0 in /opt/hostedtoolcache/Python/3.11.13/x64/lib/python3.11/site-packages (from apscheduler==3.10.4->-r services/logistics_etl/requirements.txt (line 1)) (1.17.0)
Requirement already satisfied: pytz in /opt/hostedtoolcache/Python/3.11.13/x64/lib/python3.11/site-packages (from apscheduler==3.10.4->-r services/logistics_etl/requirements.txt (line 1)) (2025.2)
Requirement already satisfied: tzlocal!=3.*,>=2.0 in /opt/hostedtoolcache/Python/3.11.13/x64/lib/python3.11/site-packages (from apscheduler==3.10.4->-r services/logistics_etl/requirements.txt (line 1)) (5.3.1)
Requirement already satisfied: greenlet>=1 in /opt/hostedtoolcache/Python/3.11.13/x64/lib/python3.11/site-packages (from sqlalchemy==2.0.43->-r services/logistics_etl/requirements.txt (line 3)) (3.2.4)
Requirement already satisfied: typing-extensions>=4.6.0 in /opt/hostedtoolcache/Python/3.11.13/x64/lib/python3.11/site-packages (from sqlalchemy==2.0.43->-r services/logistics_etl/requirements.txt (line 3)) (4.15.0)
Requirement already satisfied: anyio in /opt/hostedtoolcache/Python/3.11.13/x64/lib/python3.11/site-packages (from httpx<0.28,>=0.27->-r services/logistics_etl/requirements.txt (line 2)) (4.4.0)
Requirement already satisfied: certifi in /opt/hostedtoolcache/Python/3.11.13/x64/lib/python3.11/site-packages (from httpx<0.28,>=0.27->-r services/logistics_etl/requirements.txt (line 2)) (2025.10.5)
Requirement already satisfied: httpcore==1.* in /opt/hostedtoolcache/Python/3.11.13/x64/lib/python3.11/site-packages (from httpx<0.28,>=0.27->-r services/logistics_etl/requirements.txt (line 2)) (1.0.5)
Requirement already satisfied: idna in /opt/hostedtoolcache/Python/3.11.13/x64/lib/python3.11/site-packages (from httpx<0.28,>=0.27->-r services/logistics_etl/requirements.txt (line 2)) (3.11)
Requirement already satisfied: sniffio in /opt/hostedtoolcache/Python/3.11.13/x64/lib/python3.11/site-packages (from httpx<0.28,>=0.27->-r services/logistics_etl/requirements.txt (line 2)) (1.3.1)
Requirement already satisfied: h11<0.15,>=0.13 in /opt/hostedtoolcache/Python/3.11.13/x64/lib/python3.11/site-packages (from httpcore==1.*->httpx<0.28,>=0.27->-r services/logistics_etl/requirements.txt (line 2)) (0.14.0)
Requirement already satisfied: celery==5.5.3 in /opt/hostedtoolcache/Python/3.11.13/x64/lib/python3.11/site-packages (from celery[redis]==5.5.3->-r services/price_importer/requirements.txt (line 1)) (5.5.3)
Requirement already satisfied: billiard<5.0,>=4.2.1 in /opt/hostedtoolcache/Python/3.11.13/x64/lib/python3.11/site-packages (from celery==5.5.3->celery[redis]==5.5.3->-r services/price_importer/requirements.txt (line 1)) (4.2.2)
Requirement already satisfied: kombu<5.6,>=5.5.2 in /opt/hostedtoolcache/Python/3.11.13/x64/lib/python3.11/site-packages (from celery==5.5.3->celery[redis]==5.5.3->-r services/price_importer/requirements.txt (line 1)) (5.5.4)
Requirement already satisfied: vine<6.0,>=5.1.0 in /opt/hostedtoolcache/Python/3.11.13/x64/lib/python3.11/site-packages (from celery==5.5.3->celery[redis]==5.5.3->-r services/price_importer/requirements.txt (line 1)) (5.1.0)
Requirement already satisfied: click<9.0,>=8.1.2 in /opt/hostedtoolcache/Python/3.11.13/x64/lib/python3.11/site-packages (from celery==5.5.3->celery[redis]==5.5.3->-r services/price_importer/requirements.txt (line 1)) (8.3.0)
Requirement already satisfied: click-didyoumean>=0.3.0 in /opt/hostedtoolcache/Python/3.11.13/x64/lib/python3.11/site-packages (from celery==5.5.3->celery[redis]==5.5.3->-r services/price_importer/requirements.txt (line 1)) (0.3.1)
Requirement already satisfied: click-repl>=0.2.0 in /opt/hostedtoolcache/Python/3.11.13/x64/lib/python3.11/site-packages (from celery==5.5.3->celery[redis]==5.5.3->-r services/price_importer/requirements.txt (line 1)) (0.3.0)
Requirement already satisfied: click-plugins>=1.1.1 in /opt/hostedtoolcache/Python/3.11.13/x64/lib/python3.11/site-packages (from celery==5.5.3->celery[redis]==5.5.3->-r services/price_importer/requirements.txt (line 1)) (1.1.1.2)
Requirement already satisfied: python-dateutil>=2.8.2 in /opt/hostedtoolcache/Python/3.11.13/x64/lib/python3.11/site-packages (from celery==5.5.3->celery[redis]==5.5.3->-r services/price_importer/requirements.txt (line 1)) (2.9.0.post0)
Requirement already satisfied: amqp<6.0.0,>=5.1.1 in /opt/hostedtoolcache/Python/3.11.13/x64/lib/python3.11/site-packages (from kombu<5.6,>=5.5.2->celery==5.5.3->celery[redis]==5.5.3->-r services/price_importer/requirements.txt (line 1)) (5.3.1)
Requirement already satisfied: tzdata>=2025.2 in /opt/hostedtoolcache/Python/3.11.13/x64/lib/python3.11/site-packages (from kombu<5.6,>=5.5.2->celery==5.5.3->celery[redis]==5.5.3->-r services/price_importer/requirements.txt (line 1)) (2025.2)
Requirement already satisfied: packaging in /opt/hostedtoolcache/Python/3.11.13/x64/lib/python3.11/site-packages (from kombu<5.6,>=5.5.2->celery==5.5.3->celery[redis]==5.5.3->-r services/price_importer/requirements.txt (line 1)) (25.0)
Requirement already satisfied: prompt-toolkit>=3.0.36 in /opt/hostedtoolcache/Python/3.11.13/x64/lib/python3.11/site-packages (from click-repl>=0.2.0->celery==5.5.3->celery[redis]==5.5.3->-r services/price_importer/requirements.txt (line 1)) (3.0.52)
Requirement already satisfied: wcwidth in /opt/hostedtoolcache/Python/3.11.13/x64/lib/python3.11/site-packages (from prompt-toolkit>=3.0.36->click-repl>=0.2.0->celery==5.5.3->celery[redis]==5.5.3->-r services/price_importer/requirements.txt (line 1)) (0.2.14)
Requirement already satisfied: six>=1.5 in /opt/hostedtoolcache/Python/3.11.13/x64/lib/python3.11/site-packages (from python-dateutil>=2.8.2->celery==5.5.3->celery[redis]==5.5.3->-r services/price_importer/requirements.txt (line 1)) (1.17.0)
Requirement already satisfied: redis!=4.5.5,!=5.0.2,<=5.2.1,>=4.5.2 in /opt/hostedtoolcache/Python/3.11.13/x64/lib/python3.11/site-packages (from kombu[redis]; extra == "redis"->celery[redis]==5.5.3->-r services/price_importer/requirements.txt (line 1)) (5.0.8)
Requirement already satisfied: fastapi==0.116.1 in /opt/hostedtoolcache/Python/3.11.13/x64/lib/python3.11/site-packages (from -r services/worker/requirements.txt (line 1)) (0.116.1)
Requirement already satisfied: uvicorn==0.35.0 in /opt/hostedtoolcache/Python/3.11.13/x64/lib/python3.11/site-packages (from uvicorn[standard]==0.35.0->-r services/worker/requirements.txt (line 2)) (0.35.0)
Requirement already satisfied: pydantic-settings==2.2.1 in /opt/hostedtoolcache/Python/3.11.13/x64/lib/python3.11/site-packages (from -r services/worker/requirements.txt (line 3)) (2.2.1)
Requirement already satisfied: celery==5.5.3 in /opt/hostedtoolcache/Python/3.11.13/x64/lib/python3.11/site-packages (from -r services/worker/requirements.txt (line 4)) (5.5.3)
Requirement already satisfied: redis==5.0.8 in /opt/hostedtoolcache/Python/3.11.13/x64/lib/python3.11/site-packages (from -r services/worker/requirements.txt (line 5)) (5.0.8)
Requirement already satisfied: sentry-sdk==2.20.0 in /opt/hostedtoolcache/Python/3.11.13/x64/lib/python3.11/site-packages (from sentry-sdk[celery,fastapi]==2.20.0->-r services/worker/requirements.txt (line 6)) (2.20.0)
Requirement already satisfied: starlette<0.48.0,>=0.40.0 in /opt/hostedtoolcache/Python/3.11.13/x64/lib/python3.11/site-packages (from fastapi==0.116.1->-r services/worker/requirements.txt (line 1)) (0.47.3)
Requirement already satisfied: pydantic!=1.8,!=1.8.1,!=2.0.0,!=2.0.1,!=2.1.0,<3.0.0,>=1.7.4 in /opt/hostedtoolcache/Python/3.11.13/x64/lib/python3.11/site-packages (from fastapi==0.116.1->-r services/worker/requirements.txt (line 1)) (2.11.7)
Requirement already satisfied: typing-extensions>=4.8.0 in /opt/hostedtoolcache/Python/3.11.13/x64/lib/python3.11/site-packages (from fastapi==0.116.1->-r services/worker/requirements.txt (line 1)) (4.15.0)
Requirement already satisfied: click>=7.0 in /opt/hostedtoolcache/Python/3.11.13/x64/lib/python3.11/site-packages (from uvicorn==0.35.0->uvicorn[standard]==0.35.0->-r services/worker/requirements.txt (line 2)) (8.3.0)
Requirement already satisfied: h11>=0.8 in /opt/hostedtoolcache/Python/3.11.13/x64/lib/python3.11/site-packages (from uvicorn==0.35.0->uvicorn[standard]==0.35.0->-r services/worker/requirements.txt (line 2)) (0.14.0)
Requirement already satisfied: python-dotenv>=0.21.0 in /opt/hostedtoolcache/Python/3.11.13/x64/lib/python3.11/site-packages (from pydantic-settings==2.2.1->-r services/worker/requirements.txt (line 3)) (1.1.1)
Requirement already satisfied: billiard<5.0,>=4.2.1 in /opt/hostedtoolcache/Python/3.11.13/x64/lib/python3.11/site-packages (from celery==5.5.3->-r services/worker/requirements.txt (line 4)) (4.2.2)
Requirement already satisfied: kombu<5.6,>=5.5.2 in /opt/hostedtoolcache/Python/3.11.13/x64/lib/python3.11/site-packages (from celery==5.5.3->-r services/worker/requirements.txt (line 4)) (5.5.4)
Requirement already satisfied: vine<6.0,>=5.1.0 in /opt/hostedtoolcache/Python/3.11.13/x64/lib/python3.11/site-packages (from celery==5.5.3->-r services/worker/requirements.txt (line 4)) (5.1.0)
Requirement already satisfied: click-didyoumean>=0.3.0 in /opt/hostedtoolcache/Python/3.11.13/x64/lib/python3.11/site-packages (from celery==5.5.3->-r services/worker/requirements.txt (line 4)) (0.3.1)
Requirement already satisfied: click-repl>=0.2.0 in /opt/hostedtoolcache/Python/3.11.13/x64/lib/python3.11/site-packages (from celery==5.5.3->-r services/worker/requirements.txt (line 4)) (0.3.0)
Requirement already satisfied: click-plugins>=1.1.1 in /opt/hostedtoolcache/Python/3.11.13/x64/lib/python3.11/site-packages (from celery==5.5.3->-r services/worker/requirements.txt (line 4)) (1.1.1.2)
Requirement already satisfied: python-dateutil>=2.8.2 in /opt/hostedtoolcache/Python/3.11.13/x64/lib/python3.11/site-packages (from celery==5.5.3->-r services/worker/requirements.txt (line 4)) (2.9.0.post0)
Requirement already satisfied: urllib3>=1.26.11 in /opt/hostedtoolcache/Python/3.11.13/x64/lib/python3.11/site-packages (from sentry-sdk==2.20.0->sentry-sdk[celery,fastapi]==2.20.0->-r services/worker/requirements.txt (line 6)) (2.5.0)
Requirement already satisfied: certifi in /opt/hostedtoolcache/Python/3.11.13/x64/lib/python3.11/site-packages (from sentry-sdk==2.20.0->sentry-sdk[celery,fastapi]==2.20.0->-r services/worker/requirements.txt (line 6)) (2025.10.5)
Requirement already satisfied: httptools>=0.6.3 in /opt/hostedtoolcache/Python/3.11.13/x64/lib/python3.11/site-packages (from uvicorn[standard]==0.35.0->-r services/worker/requirements.txt (line 2)) (0.7.1)
Requirement already satisfied: pyyaml>=5.1 in /opt/hostedtoolcache/Python/3.11.13/x64/lib/python3.11/site-packages (from uvicorn[standard]==0.35.0->-r services/worker/requirements.txt (line 2)) (6.0.3)
Requirement already satisfied: uvloop>=0.15.1 in /opt/hostedtoolcache/Python/3.11.13/x64/lib/python3.11/site-packages (from uvicorn[standard]==0.35.0->-r services/worker/requirements.txt (line 2)) (0.22.1)
Requirement already satisfied: watchfiles>=0.13 in /opt/hostedtoolcache/Python/3.11.13/x64/lib/python3.11/site-packages (from uvicorn[standard]==0.35.0->-r services/worker/requirements.txt (line 2)) (1.1.1)
Requirement already satisfied: websockets>=10.4 in /opt/hostedtoolcache/Python/3.11.13/x64/lib/python3.11/site-packages (from uvicorn[standard]==0.35.0->-r services/worker/requirements.txt (line 2)) (15.0.1)
Requirement already satisfied: amqp<6.0.0,>=5.1.1 in /opt/hostedtoolcache/Python/3.11.13/x64/lib/python3.11/site-packages (from kombu<5.6,>=5.5.2->celery==5.5.3->-r services/worker/requirements.txt (line 4)) (5.3.1)
Requirement already satisfied: tzdata>=2025.2 in /opt/hostedtoolcache/Python/3.11.13/x64/lib/python3.11/site-packages (from kombu<5.6,>=5.5.2->celery==5.5.3->-r services/worker/requirements.txt (line 4)) (2025.2)
Requirement already satisfied: packaging in /opt/hostedtoolcache/Python/3.11.13/x64/lib/python3.11/site-packages (from kombu<5.6,>=5.5.2->celery==5.5.3->-r services/worker/requirements.txt (line 4)) (25.0)
Requirement already satisfied: annotated-types>=0.6.0 in /opt/hostedtoolcache/Python/3.11.13/x64/lib/python3.11/site-packages (from pydantic!=1.8,!=1.8.1,!=2.0.0,!=2.0.1,!=2.1.0,<3.0.0,>=1.7.4->fastapi==0.116.1->-r services/worker/requirements.txt (line 1)) (0.7.0)
Requirement already satisfied: pydantic-core==2.33.2 in /opt/hostedtoolcache/Python/3.11.13/x64/lib/python3.11/site-packages (from pydantic!=1.8,!=1.8.1,!=2.0.0,!=2.0.1,!=2.1.0,<3.0.0,>=1.7.4->fastapi==0.116.1->-r services/worker/requirements.txt (line 1)) (2.33.2)
Requirement already satisfied: typing-inspection>=0.4.0 in /opt/hostedtoolcache/Python/3.11.13/x64/lib/python3.11/site-packages (from pydantic!=1.8,!=1.8.1,!=2.0.0,!=2.0.1,!=2.1.0,<3.0.0,>=1.7.4->fastapi==0.116.1->-r services/worker/requirements.txt (line 1)) (0.4.2)
Requirement already satisfied: anyio<5,>=3.6.2 in /opt/hostedtoolcache/Python/3.11.13/x64/lib/python3.11/site-packages (from starlette<0.48.0,>=0.40.0->fastapi==0.116.1->-r services/worker/requirements.txt (line 1)) (4.4.0)
Requirement already satisfied: idna>=2.8 in /opt/hostedtoolcache/Python/3.11.13/x64/lib/python3.11/site-packages (from anyio<5,>=3.6.2->starlette<0.48.0,>=0.40.0->fastapi==0.116.1->-r services/worker/requirements.txt (line 1)) (3.11)
Requirement already satisfied: sniffio>=1.1 in /opt/hostedtoolcache/Python/3.11.13/x64/lib/python3.11/site-packages (from anyio<5,>=3.6.2->starlette<0.48.0,>=0.40.0->fastapi==0.116.1->-r services/worker/requirements.txt (line 1)) (1.3.1)
Requirement already satisfied: prompt-toolkit>=3.0.36 in /opt/hostedtoolcache/Python/3.11.13/x64/lib/python3.11/site-packages (from click-repl>=0.2.0->celery==5.5.3->-r services/worker/requirements.txt (line 4)) (3.0.52)
Requirement already satisfied: wcwidth in /opt/hostedtoolcache/Python/3.11.13/x64/lib/python3.11/site-packages (from prompt-toolkit>=3.0.36->click-repl>=0.2.0->celery==5.5.3->-r services/worker/requirements.txt (line 4)) (0.2.14)
Requirement already satisfied: six>=1.5 in /opt/hostedtoolcache/Python/3.11.13/x64/lib/python3.11/site-packages (from python-dateutil>=2.8.2->celery==5.5.3->-r services/worker/requirements.txt (line 4)) (1.17.0)
No broken requirements found.
