#1 [internal] load local bake definitions
#1 reading from stdin 2.06kB done
#1 DONE 0.0s

#2 [postgres internal] load build definition from Dockerfile
#2 transferring dockerfile: 804B done
#2 WARN: LegacyKeyValueFormat: "ENV key=value" should be used instead of legacy "ENV key value" format (line 10)
#2 DONE 0.0s

#3 [postgres internal] load metadata for docker.io/library/postgres:16
#3 DONE 0.0s

#4 [fees_h10 internal] load build definition from Dockerfile
#4 transferring dockerfile: 962B done
#4 DONE 0.0s

#5 [api internal] load build definition from Dockerfile
#5 transferring dockerfile: 645B done
#5 DONE 0.0s

#6 [etl internal] load build definition from Dockerfile
#6 transferring dockerfile: 1.46kB done
#6 DONE 0.0s

#7 [worker internal] load build definition from Dockerfile
#7 transferring dockerfile: 775B done
#7 DONE 0.0s

#8 [postgres internal] load .dockerignore
#8 transferring context: 183B done
#8 DONE 0.0s

#9 [webapp internal] load build definition from Dockerfile
#9 transferring dockerfile: 161B done
#9 DONE 0.0s

#10 [postgres 1/6] FROM docker.io/library/postgres:16
#10 DONE 0.0s

#11 [postgres internal] load build context
#11 transferring context: 204B done
#11 DONE 0.0s

#12 [postgres 4/6] COPY infra/postgres/init-pg_hba.sh /docker-entrypoint-initdb.d/10_init_pg_hba.sh
#12 CACHED

#13 [postgres 5/6] COPY infra/postgres/postgresql.conf /etc/postgresql/postgresql.conf
#13 CACHED

#14 [postgres 2/6] RUN set -eux;     if [ -f /etc/apt/sources.list ]; then         sed -i 's|http://deb.debian.org|https://deb.debian.org|g' /etc/apt/sources.list;     fi;     apt-get update;     apt-get install -y locales;     locale-gen en_US.UTF-8;     rm -rf /var/lib/apt/lists/*
#14 CACHED

#15 [postgres 3/6] COPY infra/postgres/pg_hba.conf /etc/postgresql/pg_hba.conf
#15 CACHED

#16 [postgres 6/6] RUN chmod 0644 /etc/postgresql/pg_hba.conf &&     chmod +x /docker-entrypoint-initdb.d/10_init_pg_hba.sh
#16 CACHED

#17 [postgres] exporting to image
#17 exporting layers done
#17 writing image sha256:39cea85571f07551e95ce6953b806b903d6a2fd5a258384c3eb287422aa00a9e done
#17 naming to docker.io/library/awa-app-postgres done
#17 DONE 0.0s

#18 [postgres] resolving provenance for metadata file
#18 DONE 0.0s

#19 [worker internal] load metadata for docker.io/library/python:3.11-slim
#19 ...

#20 [auth] docker/dockerfile:pull token for registry-1.docker.io
#20 DONE 0.0s

#21 [auth] library/python:pull token for registry-1.docker.io
#21 DONE 0.0s

#22 [auth] library/node:pull token for registry-1.docker.io
#22 DONE 0.0s

#23 [etl] resolve image config for docker-image://docker.io/docker/dockerfile:1.6
#23 ...

#24 [webapp internal] load metadata for docker.io/library/node:20-alpine
#24 DONE 0.9s

#8 [api internal] load .dockerignore
#8 CACHED

#23 [fees_h10] resolve image config for docker-image://docker.io/docker/dockerfile:1.6
#23 DONE 1.0s

#19 [api internal] load metadata for docker.io/library/python:3.11-slim
#19 DONE 1.0s

#25 [api internal] load build context
#25 DONE 0.0s

#26 [api 1/9] FROM docker.io/library/python:3.11-slim@sha256:8eb5fc663972b871c528fef04be4eaa9ab8ab4539a5316c4b8c133771214a617
#26 resolve docker.io/library/python:3.11-slim@sha256:8eb5fc663972b871c528fef04be4eaa9ab8ab4539a5316c4b8c133771214a617
#26 ...

#27 [worker internal] load build context
#27 transferring context: 67.77kB 0.0s done
#27 DONE 0.0s

#25 [api internal] load build context
#25 transferring context: 179.37kB 0.0s done
#25 DONE 0.0s

#26 [api 1/9] FROM docker.io/library/python:3.11-slim@sha256:8eb5fc663972b871c528fef04be4eaa9ab8ab4539a5316c4b8c133771214a617
#26 resolve docker.io/library/python:3.11-slim@sha256:8eb5fc663972b871c528fef04be4eaa9ab8ab4539a5316c4b8c133771214a617 done
#26 sha256:8eb5fc663972b871c528fef04be4eaa9ab8ab4539a5316c4b8c133771214a617 10.37kB / 10.37kB done
#26 sha256:a0e69305a97c7eaa814e4a983585e779106daa209ed1f3495902f2e0d938a6f1 1.75kB / 1.75kB done
#26 sha256:ff15e80be861655d8eaf4fe97b2b83d7003c34119848f2febd31bd84406c92bb 5.38kB / 5.38kB done
#26 sha256:a9ffe18d7fdb9bb2f5b878fdc08887ef2d9644c86f5d4e07cc2e80b783fbea04 0B / 1.29MB 0.4s
#26 extracting sha256:a9ffe18d7fdb9bb2f5b878fdc08887ef2d9644c86f5d4e07cc2e80b783fbea04
#26 sha256:a9ffe18d7fdb9bb2f5b878fdc08887ef2d9644c86f5d4e07cc2e80b783fbea04 1.29MB / 1.29MB 0.5s done
#26 sha256:e73850a50582f63498f7551a987cc493e848413fcae176379acff9144341f77f 0B / 14.36MB 0.6s
#26 extracting sha256:a9ffe18d7fdb9bb2f5b878fdc08887ef2d9644c86f5d4e07cc2e80b783fbea04 0.2s done
#26 sha256:e73850a50582f63498f7551a987cc493e848413fcae176379acff9144341f77f 4.19MB / 14.36MB 0.8s
#26 sha256:e73850a50582f63498f7551a987cc493e848413fcae176379acff9144341f77f 6.29MB / 14.36MB 0.9s
#26 sha256:e73850a50582f63498f7551a987cc493e848413fcae176379acff9144341f77f 7.34MB / 14.36MB 1.0s
#26 sha256:19fb8589da0207a0e7d3baa0c1b71a67136b1ad06c4b2e65cc771664592e6d9e 0B / 249B 1.1s
#26 sha256:e73850a50582f63498f7551a987cc493e848413fcae176379acff9144341f77f 11.53MB / 14.36MB 1.3s
#26 sha256:19fb8589da0207a0e7d3baa0c1b71a67136b1ad06c4b2e65cc771664592e6d9e 249B / 249B 1.3s done
#26 extracting sha256:e73850a50582f63498f7551a987cc493e848413fcae176379acff9144341f77f
#26 ...

#28 [fees_h10] docker-image://docker.io/docker/dockerfile:1.6@sha256:ac85f380a63b13dfcefa89046420e1781752bab202122f8f50032edf31be0021
#28 resolve docker.io/docker/dockerfile:1.6@sha256:ac85f380a63b13dfcefa89046420e1781752bab202122f8f50032edf31be0021 done
#28 sha256:ac85f380a63b13dfcefa89046420e1781752bab202122f8f50032edf31be0021 8.40kB / 8.40kB done
#28 sha256:657fcc512c7369f4cb3d94ea329150f8daf626bc838b1a1e81f1834c73ecc77e 482B / 482B done
#28 sha256:a17ee7fff8f5e97b974f5b48f51647d2cf28d543f2aa6c11aaa0ea431b44bb89 1.27kB / 1.27kB done
#28 sha256:9d9c93f4b00be908ab694a4df732570bced3b8a96b7515d70ff93402179ad232 11.80MB / 11.80MB 1.1s done
#28 extracting sha256:9d9c93f4b00be908ab694a4df732570bced3b8a96b7515d70ff93402179ad232 0.4s done
#28 DONE 1.5s

#26 [api 1/9] FROM docker.io/library/python:3.11-slim@sha256:8eb5fc663972b871c528fef04be4eaa9ab8ab4539a5316c4b8c133771214a617
#26 sha256:e73850a50582f63498f7551a987cc493e848413fcae176379acff9144341f77f 14.36MB / 14.36MB 1.4s done
#26 ...

#29 [etl internal] load metadata for docker.io/library/python:3.12-slim
#29 DONE 0.5s

#30 [fees_h10 internal] load .dockerignore
#30 transferring context: 2B done
#30 DONE 0.0s

#26 [api 1/9] FROM docker.io/library/python:3.11-slim@sha256:8eb5fc663972b871c528fef04be4eaa9ab8ab4539a5316c4b8c133771214a617
#26 ...

#31 [etl internal] load .dockerignore
#31 transferring context: 183B 0.0s done
#31 DONE 0.0s

#26 [api 1/9] FROM docker.io/library/python:3.11-slim@sha256:8eb5fc663972b871c528fef04be4eaa9ab8ab4539a5316c4b8c133771214a617
#26 ...

#32 [etl internal] load build context
#32 transferring context: 28.59kB 0.0s done
#32 DONE 0.1s

#33 [etl base  2/10] WORKDIR /app
#33 CACHED

#34 [etl base  3/10] COPY services/etl/requirements*.txt services/etl/constraints.txt ./
#34 CACHED

#35 [etl base  4/10] RUN if [ -n "" ] && [ -f "" ]; then         pip install -r requirements.txt -c "";     else         pip install -r requirements.txt;     fi
#35 CACHED

#36 [etl base  6/10] COPY services/ingest/ ./services/ingest
#36 ERROR: failed to calculate checksum of ref ac1187db-1850-4397-a0f7-3b6e6ef293d6::iynz39njimf36axbcqugi0h2q: "/services/ingest": not found

#37 [etl base  5/10] COPY services/common/ ./services/common
#37 ERROR: failed to calculate checksum of ref ac1187db-1850-4397-a0f7-3b6e6ef293d6::iynz39njimf36axbcqugi0h2q: "/services/common": not found

#38 [fees_h10 internal] load build context
#38 transferring context: 22.24kB 0.0s done
#38 DONE 0.1s

#26 [api 1/9] FROM docker.io/library/python:3.11-slim@sha256:8eb5fc663972b871c528fef04be4eaa9ab8ab4539a5316c4b8c133771214a617
#26 ...

#39 [webapp 1/5] FROM docker.io/library/node:20-alpine@sha256:6178e78b972f79c335df281f4b7674a2d85071aae2af020ffa39f0a770265435
#39 resolve docker.io/library/node:20-alpine@sha256:6178e78b972f79c335df281f4b7674a2d85071aae2af020ffa39f0a770265435 done
#39 sha256:6178e78b972f79c335df281f4b7674a2d85071aae2af020ffa39f0a770265435 7.67kB / 7.67kB done
#39 sha256:be8d32d651b3e0c9c2b28fdc1d3888408125d703232013cff955344d052027e5 1.72kB / 1.72kB done
#39 sha256:2b56f2779663b9e1a77bdb5235dc31f1a81e534ccab1c1b35c716a8db79eeab9 6.42kB / 6.42kB done
#39 sha256:2d35ebdb57d9971fea0cac1582aa78935adf8058b2cc32db163c98822e5dfa1b 3.80MB / 3.80MB 0.2s done
#39 sha256:60e45a9660cfaebbbac9bba98180aa28b3966b7f2462d132c46f51a1f5b25a64 42.75MB / 42.75MB 1.0s done
#39 sha256:e74e4ed823e9560b3fe51c0cab47dbfdfc4b12453604319408ec58708fb9e720 1.26MB / 1.26MB 0.3s done
#39 extracting sha256:2d35ebdb57d9971fea0cac1582aa78935adf8058b2cc32db163c98822e5dfa1b 0.2s done
#39 sha256:da04d522c98fe12816b2bcddf8413fca73645f8fa60f287c672f58bcc7f0fa38 444B / 444B 0.4s done
#39 extracting sha256:60e45a9660cfaebbbac9bba98180aa28b3966b7f2462d132c46f51a1f5b25a64 1.4s
#39 ...

#40 [webapp internal] load build context
#40 transferring context: 311.58MB 2.7s done
#40 CANCELED

#41 [fees_h10 base  1/10] FROM docker.io/library/python:3.12-slim@sha256:e97cf9a2e84d604941d9902f00616db7466ff302af4b1c3c67fb7c522efa8ed9
#41 resolve docker.io/library/python:3.12-slim@sha256:e97cf9a2e84d604941d9902f00616db7466ff302af4b1c3c67fb7c522efa8ed9 done
#41 sha256:e97cf9a2e84d604941d9902f00616db7466ff302af4b1c3c67fb7c522efa8ed9 10.37kB / 10.37kB done
#41 sha256:408ad54fa40b7a4fff7cb21ce6e1b74eb5154bfc6c0fbd0af98560c1850db88f 1.75kB / 1.75kB done
#41 sha256:324231aabbd84383faa67463fb653f94cfab52b71ec3a56f4c49b294aee25968 5.58kB / 5.58kB done
#41 sha256:f2a111092025316a53c811d958b8c96faf9e98f6245c9a9cc1b7d3ff8936ac76 0B / 1.29MB 0.1s
#41 sha256:79f2dc6dd7d858f8963f236b2ab93a0f607fc2e3554e19e244b3c9db593c880b 0B / 12.11MB 0.1s
#41 sha256:d2876f169c021dd03855501cad6f7f8d06701774c8fbbff1b13e74b46f2ea550 0B / 250B 0.1s
#41 ...

#26 [worker 1/9] FROM docker.io/library/python:3.11-slim@sha256:8eb5fc663972b871c528fef04be4eaa9ab8ab4539a5316c4b8c133771214a617
#26 CANCELED
------
 > [etl base  5/10] COPY services/common/ ./services/common:
------
------
 > [etl base  6/10] COPY services/ingest/ ./services/ingest:
------
